Receive: 028[ ] 005[ ] 083[S] 112[p] 111[o] 100[d] 105[i] 006[ ] 118[v] 098[b] 103[g] 111[o] 114[r] 101[e]
 * ID: 028  Data Left: 028[ ] 005[ ] 083[S] 112[p] 111[o] 100[d] 105[i] 006[ ] 118[v] 098[b] 103[g] 111[o] 114[r] 101[e]
Receive: 028[ ] 005[ ] 083[S] 112[p] 111[o] 100[d] 105[i] 006[ ] 118[v] 098[b] 103[g] 111[o] 114[r] 101[e]
 * ID: 028  Data Left: 028[ ] 005[ ] 083[S] 112[p] 111[o] 100[d] 105[i] 006[ ] 118[v] 098[b] 103[g] 111[o] 114[r] 101[e]
Receive: 009[ ] 001[ ] 001[ ] 000[ ] 001[ ] 005[ ] 000[ ] 001[ ] 003[ ] 000[ ] 001[ ] 006[ ] 000[ ]
 * ID: 009  Data Left: 009[ ] 001[ ] 001[ ] 000[ ] 001[ ] 005[ ] 000[ ] 001[ ] 003[ ] 000[ ] 001[ ] 006[ ] 000[ ]
 * ID: 001  Data Left: 009[ ] 001[ ] 001[ ] 000[ ] 001[ ] 005[ ] 000[ ] 001[ ] 003[ ] 000[ ] 001[ ] 006[ ] 000[ ]
 * ID: 001  Data Left: 009[ ] 001[ ] 001[ ] 000[ ] 001[ ] 005[ ] 000[ ] 001[ ] 003[ ] 000[ ] 001[ ] 006[ ] 000[ ]
 * ID: 001  Data Left: 009[ ] 001[ ] 001[ ] 000[ ] 001[ ] 005[ ] 000[ ] 001[ ] 003[ ] 000[ ] 001[ ] 006[ ] 000[ ]
 * ID: 001  Data Left: 009[ ] 001[ ] 001[ ] 000[ ] 001[ ] 005[ ] 000[ ] 001[ ] 003[ ] 000[ ] 001[ ] 006[ ] 000[ ]
Receive: 060[<]
 * ID: 060  Data Left: 
Receive: 060[<]
 * ID: 060  Data Left: 
Receive: 060[<]
 * ID: 060  Data Left: 
Receive: 060[<]
 * ID: 060  Data Left: 
Receive: 060[<]
 * ID: 060  Data Left: 
Receive: 060[<]
 * ID: 060  Data Left: 
Receive: 060[<]
 * ID: 060  Data Left: 
Receive: 060[<]
 * ID: 060  Data Left: 
Receive: 060[<]
 * ID: 060  Data Left: 
Receive: 032[ ] 131[ƒ] 015[ ] 015[ ]
 * ID: 032  Data Left: 032[ ] 131[ƒ] 015[ ] 015[ ]
Receive: 032[ ] 131[ƒ] 015[ ] 016[ ]
 * ID: 032  Data Left: 032[ ] 131[ƒ] 015[ ] 016[ ]
Receive: 032[ ] 131[ƒ] 015[ ] 017[ ]
 * ID: 032  Data Left: 032[ ] 131[ƒ] 015[ ] 017[ ]
Receive: 032[ ] 134[†] 015[ ] 018[ ]
 * ID: 032  Data Left: 032[ ] 134[†] 015[ ] 018[ ]
Receive: 060[<]
 * ID: 060  Data Left: 
Receive: 032[ ] 134[†] 016[ ] 019[ ]
 * ID: 032  Data Left: 032[ ] 134[†] 016[ ] 019[ ]
Receive: 032[ ] 134[†] 017[ ] 020[ ]
 * ID: 032  Data Left: 032[ ] 134[†] 017[ ] 020[ ]
Receive: 032[ ] 134[†] 018[ ] 021[ ]
 * ID: 032  Data Left: 032[ ] 134[†] 018[ ] 021[ ]
Receive: 032[ ] 131[ƒ] 019[ ] 022[ ]
 * ID: 032  Data Left: 032[ ] 131[ƒ] 019[ ] 022[ ]
Receive: 032[ ] 131[ƒ] 019[ ] 023[ ]
 * ID: 032  Data Left: 032[ ] 131[ƒ] 019[ ] 023[ ]
Receive: 060[<]
 * ID: 060  Data Left: 
Receive: 032[ ] 131[ƒ] 019[ ] 024[ ]
 * ID: 032  Data Left: 032[ ] 131[ƒ] 019[ ] 024[ ]
Receive: 032[ ] 131[ƒ] 019[ ] 025[ ]
 * ID: 032  Data Left: 032[ ] 131[ƒ] 019[ ] 025[ ]
Receive: 032[ ] 131[ƒ] 019[ ] 026[ ]
 * ID: 032  Data Left: 032[ ] 131[ƒ] 019[ ] 026[ ]
Receive: 032[ ] 131[ƒ] 019[ ] 027[ ]
 * ID: 032  Data Left: 032[ ] 131[ƒ] 019[ ] 027[ ]
Receive: 060[<]
 * ID: 060  Data Left: 
Receive: 032[ ] 131[ƒ] 019[ ] 028[ ]
 * ID: 032  Data Left: 032[ ] 131[ƒ] 019[ ] 028[ ]
Receive: 032[ ] 134[†] 019[ ] 029[ ]
 * ID: 032  Data Left: 032[ ] 134[†] 019[ ] 029[ ]
Receive: 032[ ] 134[†] 020[ ] 030[ ]
 * ID: 032  Data Left: 032[ ] 134[†] 020[ ] 030[ ]
Receive: 032[ ] 134[†] 021[ ] 031[ ]
 * ID: 032  Data Left: 032[ ] 134[†] 021[ ] 031[ ]
Receive: 032[ ] 130[‚] 022[ ] 032[ ]
 * ID: 032  Data Left: 032[ ] 130[‚] 022[ ] 032[ ]
Receive: 060[<]
 * ID: 060  Data Left: 
Receive: 032[ ] 130[‚] 023[ ] 032[ ]
 * ID: 032  Data Left: 032[ ] 130[‚] 023[ ] 032[ ]
Receive: 032[ ] 130[‚] 024[ ] 032[ ]
 * ID: 032  Data Left: 032[ ] 130[‚] 024[ ] 032[ ]
Receive: 032[ ] 130[‚] 025[ ] 032[ ]
 * ID: 032  Data Left: 032[ ] 130[‚] 025[ ] 032[ ]
Receive: 032[ ] 130[‚] 026[ ] 032[ ]
 * ID: 032  Data Left: 032[ ] 130[‚] 026[ ] 032[ ]
Receive: 032[ ] 130[‚] 027[ ] 032[ ]
 * ID: 032  Data Left: 032[ ] 130[‚] 027[ ] 032[ ]
Receive: 060[<]
 * ID: 060  Data Left: 
Receive: 032[ ] 134[†] 028[ ] 032[ ]
 * ID: 032  Data Left: 032[ ] 134[†] 028[ ] 032[ ]
Receive: 032[ ] 131[ƒ] 029[ ] 033[!]
 * ID: 032  Data Left: 032[ ] 131[ƒ] 029[ ] 033[!]
Receive: 060[<]
 * ID: 060  Data Left: 
Receive: 060[<]
 * ID: 060  Data Left: 
Receive: 035[#] 039['] 035[#]
 * ID: 035  Data Left: 035[#] 039['] 035[#]
Receive: 060[<]
 * ID: 060  Data Left: 
Receive: 060[<]
 * ID: 060  Data Left: 
Receive: 025[ ]
 * ID: 025  Data Left: 
Receive: 060[<]
 * ID: 060  Data Left: 
Receive: 060[<]
 * ID: 060  Data Left: 
Receive: 044[,] 001[ ]
 * ID: 044  Data Left: 044[,] 001[ ]
Receive: 060[<]
 * ID: 060  Data Left: 
Receive: 060[<]
 * ID: 060  Data Left: 
Receive: 060[<]
 * ID: 060  Data Left: 
Receive: 060[<]
 * ID: 060  Data Left: 
Receive: 060[<]
 * ID: 060  Data Left: 
Receive: 060[<]
 * ID: 060  Data Left: 
Receive: 060[<]
 * ID: 060  Data Left: 
Receive: 060[<]
 * ID: 060  Data Left: 
Receive: 060[<]
 * ID: 060  Data Left: 
Receive: 060[<]
 * ID: 060  Data Left: 
Receive: 060[<]
 * ID: 060  Data Left: 
Receive: 060[<]
 * ID: 060  Data Left: 
Receive: 060[<]
 * ID: 060  Data Left: 
Receive: 044[,] 001[ ]
 * ID: 044  Data Left: 044[,] 001[ ]
Receive: 060[<]
 * ID: 060  Data Left: 
Receive: 060[<]
 * ID: 060  Data Left: 
Receive: 060[<]
 * ID: 060  Data Left: 
Receive: 060[<]
 * ID: 060  Data Left: 
Receive: 060[<]
 * ID: 060  Data Left: 
Receive: 060[<]
 * ID: 060  Data Left: 
Receive: 060[<]
 * ID: 060  Data Left: 
Receive: 029[ ] 005[ ] 083[S] 112[p] 111[o] 100[d] 105[i] 006[ ] 118[v] 098[b] 103[g] 111[o] 114[r] 101[e]
 * ID: 029  Data Left: 029[ ] 005[ ] 083[S] 112[p] 111[o] 100[d] 105[i] 006[ ] 118[v] 098[b] 103[g] 111[o] 114[r] 101[e]
Receive: 009[ ] 001[ ] 006[ ] 000[ ] 001[ ] 001[ ] 000[ ] 001[ ] 003[ ] 000[ ] 001[ ] 005[ ] 000[ ]
 * ID: 009  Data Left: 009[ ] 001[ ] 006[ ] 000[ ] 001[ ] 001[ ] 000[ ] 001[ ] 003[ ] 000[ ] 001[ ] 005[ ] 000[ ]
 * ID: 001  Data Left: 009[ ] 001[ ] 006[ ] 000[ ] 001[ ] 001[ ] 000[ ] 001[ ] 003[ ] 000[ ] 001[ ] 005[ ] 000[ ]
 * ID: 001  Data Left: 009[ ] 001[ ] 006[ ] 000[ ] 001[ ] 001[ ] 000[ ] 001[ ] 003[ ] 000[ ] 001[ ] 005[ ] 000[ ]
 * ID: 001  Data Left: 009[ ] 001[ ] 006[ ] 000[ ] 001[ ] 001[ ] 000[ ] 001[ ] 003[ ] 000[ ] 001[ ] 005[ ] 000[ ]
 * ID: 001  Data Left: 009[ ] 001[ ] 006[ ] 000[ ] 001[ ] 001[ ] 000[ ] 001[ ] 003[ ] 000[ ] 001[ ] 005[ ] 000[ ]
Receive: 060[<]
 * ID: 060  Data Left: 
Receive: 060[<]
 * ID: 060  Data Left: 
Receive: 032[ ] 131[ƒ] 015[ ] 015[ ]
 * ID: 032  Data Left: 032[ ] 131[ƒ] 015[ ] 015[ ]
Receive: 032[ ] 131[ƒ] 015[ ] 016[ ]
 * ID: 032  Data Left: 032[ ] 131[ƒ] 015[ ] 016[ ]
Receive: 032[ ] 131[ƒ] 015[ ] 017[ ]
 * ID: 032  Data Left: 032[ ] 131[ƒ] 015[ ] 017[ ]
Receive: 032[ ] 131[ƒ] 015[ ] 018[ ]
 * ID: 032  Data Left: 032[ ] 131[ƒ] 015[ ] 018[ ]
Receive: 060[<]
 * ID: 060  Data Left: 
Receive: 032[ ] 131[ƒ] 015[ ] 019[ ]
 * ID: 032  Data Left: 032[ ] 131[ƒ] 015[ ] 019[ ]
Receive: 032[ ] 131[ƒ] 015[ ] 020[ ]
 * ID: 032  Data Left: 032[ ] 131[ƒ] 015[ ] 020[ ]
Receive: 032[ ] 131[ƒ] 015[ ] 021[ ]
 * ID: 032  Data Left: 032[ ] 131[ƒ] 015[ ] 021[ ]
Receive: 032[ ] 134[†] 015[ ] 022[ ]
 * ID: 032  Data Left: 032[ ] 134[†] 015[ ] 022[ ]
Receive: 032[ ] 134[†] 016[ ] 023[ ]
 * ID: 032  Data Left: 032[ ] 134[†] 016[ ] 023[ ]
Receive: 060[<]
 * ID: 060  Data Left: 
Receive: 032[ ] 134[†] 017[ ] 024[ ]
 * ID: 032  Data Left: 032[ ] 134[†] 017[ ] 024[ ]
Receive: 032[ ] 134[†] 018[ ] 025[ ]
 * ID: 032  Data Left: 032[ ] 134[†] 018[ ] 025[ ]
Receive: 032[ ] 131[ƒ] 019[ ] 026[ ]
 * ID: 032  Data Left: 032[ ] 131[ƒ] 019[ ] 026[ ]
Receive: 032[ ] 131[ƒ] 019[ ] 027[ ]
 * ID: 032  Data Left: 032[ ] 131[ƒ] 019[ ] 027[ ]
Receive: 060[<]
 * ID: 060  Data Left: 
Receive: 032[ ] 131[ƒ] 019[ ] 028[ ]
 * ID: 032  Data Left: 032[ ] 131[ƒ] 019[ ] 028[ ]
Receive: 032[ ] 131[ƒ] 019[ ] 029[ ]
 * ID: 032  Data Left: 032[ ] 131[ƒ] 019[ ] 029[ ]
Receive: 032[ ] 131[ƒ] 019[ ] 030[ ]
 * ID: 032  Data Left: 032[ ] 131[ƒ] 019[ ] 030[ ]
Receive: 032[ ] 130[‚] 019[ ] 031[ ]
 * ID: 032  Data Left: 032[ ] 130[‚] 019[ ] 031[ ]
Receive: 032[ ] 130[‚] 020[ ] 031[ ]
 * ID: 032  Data Left: 032[ ] 130[‚] 020[ ] 031[ ]
Receive: 060[<]
 * ID: 060  Data Left: 
Receive: 032[ ] 130[‚] 021[ ] 031[ ]
 * ID: 032  Data Left: 032[ ] 130[‚] 021[ ] 031[ ]
Receive: 032[ ] 130[‚] 022[ ] 031[ ]
 * ID: 032  Data Left: 032[ ] 130[‚] 022[ ] 031[ ]
Receive: 032[ ] 134[†] 023[ ] 031[ ]
 * ID: 032  Data Left: 032[ ] 134[†] 023[ ] 031[ ]
Receive: 032[ ] 130[‚] 024[ ] 032[ ]
 * ID: 032  Data Left: 032[ ] 130[‚] 024[ ] 032[ ]
Receive: 060[<] 032[ ] 132[„] 025[ ] 032[ ]
 * ID: 060  Data Left: 060[<] 032[ ] 132[„] 025[ ] 032[ ]
 * ID: 032  Data Left: 060[<] 032[ ] 132[„] 025[ ] 032[ ]
Receive: 032[ ] 132[„] 024[ ] 032[ ]
 * ID: 032  Data Left: 032[ ] 132[„] 024[ ] 032[ ]
Receive: 032[ ] 132[„] 023[ ] 032[ ]
 * ID: 032  Data Left: 032[ ] 132[„] 023[ ] 032[ ]
Receive: 032[ ] 136[ˆ] 022[ ] 032[ ]
 * ID: 032  Data Left: 032[ ] 136[ˆ] 022[ ] 032[ ]
Receive: 032[ ] 136[ˆ] 021[ ] 031[ ]
 * ID: 032  Data Left: 032[ ] 136[ˆ] 021[ ] 031[ ]
Receive: 060[<]
 * ID: 060  Data Left: 
Receive: 032[ ] 129[] 020[ ] 030[ ]
 * ID: 032  Data Left: 032[ ] 129[] 020[ ] 030[ ]
Receive: 032[ ] 129[] 020[ ] 029[ ]
 * ID: 032  Data Left: 032[ ] 129[] 020[ ] 029[ ]
Receive: 032[ ] 129[] 020[ ] 028[ ]
 * ID: 032  Data Left: 032[ ] 129[] 020[ ] 028[ ]
Receive: 032[ ] 129[] 020[ ] 027[ ]
 * ID: 032  Data Left: 032[ ] 129[] 020[ ] 027[ ]
Receive: 032[ ] 129[] 020[ ] 026[ ]
 * ID: 032  Data Left: 032[ ] 129[] 020[ ] 026[ ]
Receive: 060[<]
 * ID: 060  Data Left: 
Receive: 032[ ] 129[] 020[ ] 025[ ]
 * ID: 032  Data Left: 032[ ] 129[] 020[ ] 025[ ]
Receive: 032[ ] 129[] 020[ ] 024[ ]
 * ID: 032  Data Left: 032[ ] 129[] 020[ ] 024[ ]
Receive: 032[ ] 129[] 020[ ] 023[ ]
 * ID: 032  Data Left: 032[ ] 129[] 020[ ] 023[ ]
Receive: 032[ ] 133[…] 020[ ] 022[ ]
 * ID: 032  Data Left: 032[ ] 133[…] 020[ ] 022[ ]
Receive: 060[<]
 * ID: 060  Data Left: 
Receive: 032[ ] 133[…] 021[ ] 021[ ]
 * ID: 032  Data Left: 032[ ] 133[…] 021[ ] 021[ ]
Receive: 032[ ] 133[…] 022[ ] 020[ ]
 * ID: 032  Data Left: 032[ ] 133[…] 022[ ] 020[ ]
Receive: 032[ ] 133[…] 023[ ] 019[ ]
 * ID: 032  Data Left: 032[ ] 133[…] 023[ ] 019[ ]
Receive: 032[ ] 130[‚] 024[ ] 018[ ]
 * ID: 032  Data Left: 032[ ] 130[‚] 024[ ] 018[ ]
Receive: 032[ ] 130[‚] 025[ ] 018[ ]
 * ID: 032  Data Left: 032[ ] 130[‚] 025[ ] 018[ ]
Receive: 060[<]
 * ID: 060  Data Left: 
Receive: 032[ ] 130[‚] 026[ ] 018[ ]
 * ID: 032  Data Left: 032[ ] 130[‚] 026[ ] 018[ ]
Receive: 032[ ] 130[‚] 027[ ] 018[ ]
 * ID: 032  Data Left: 032[ ] 130[‚] 027[ ] 018[ ]
Receive: 032[ ] 134[†] 028[ ] 018[ ]
 * ID: 032  Data Left: 032[ ] 134[†] 028[ ] 018[ ]
Receive: 032[ ] 134[†] 029[ ] 019[ ]
 * ID: 032  Data Left: 032[ ] 134[†] 029[ ] 019[ ]
Receive: 060[<] 032[ ] 130[‚] 030[ ] 020[ ]
 * ID: 060  Data Left: 060[<] 032[ ] 130[‚] 030[ ] 020[ ]
 * ID: 032  Data Left: 060[<] 032[ ] 130[‚] 030[ ] 020[ ]
Receive: 032[ ] 130[‚] 031[ ] 020[ ]
 * ID: 032  Data Left: 032[ ] 130[‚] 031[ ] 020[ ]
Receive: 032[ ] 130[‚] 032[ ] 020[ ]
 * ID: 032  Data Left: 032[ ] 130[‚] 032[ ] 020[ ]
Receive: 032[ ] 130[‚] 033[!] 020[ ]
 * ID: 032  Data Left: 032[ ] 130[‚] 033[!] 020[ ]
Receive: 032[ ] 130[‚] 034["] 020[ ]
 * ID: 032  Data Left: 032[ ] 130[‚] 034["] 020[ ]
Receive: 060[<]
 * ID: 060  Data Left: 
Receive: 032[ ] 130[‚] 035[#] 020[ ]
 * ID: 032  Data Left: 032[ ] 130[‚] 035[#] 020[ ]
Receive: 032[ ] 134[†] 036[$] 020[ ]
 * ID: 032  Data Left: 032[ ] 134[†] 036[$] 020[ ]
Receive: 032[ ] 134[†] 037[%] 021[ ]
 * ID: 032  Data Left: 032[ ] 134[†] 037[%] 021[ ]
Receive: 032[ ] 134[†] 038[&] 022[ ]
 * ID: 032  Data Left: 032[ ] 134[†] 038[&] 022[ ]
Receive: 032[ ] 134[†] 039['] 023[ ]
 * ID: 032  Data Left: 032[ ] 134[†] 039['] 023[ ]
Receive: 060[<]
 * ID: 060  Data Left: 
Receive: 032[ ] 134[†] 040[(] 024[ ]
 * ID: 032  Data Left: 032[ ] 134[†] 040[(] 024[ ]
Receive: 032[ ] 134[†] 041[)] 025[ ]
 * ID: 032  Data Left: 032[ ] 134[†] 041[)] 025[ ]
Receive: 032[ ] 131[ƒ] 042[*] 026[ ]
 * ID: 032  Data Left: 032[ ] 131[ƒ] 042[*] 026[ ]
Receive: 032[ ] 131[ƒ] 042[*] 027[ ]
 * ID: 032  Data Left: 032[ ] 131[ƒ] 042[*] 027[ ]
Receive: 060[<]
 * ID: 060  Data Left: 
Receive: 032[ ] 131[ƒ] 042[*] 028[ ]
 * ID: 032  Data Left: 032[ ] 131[ƒ] 042[*] 028[ ]
Receive: 032[ ] 131[ƒ] 042[*] 029[ ]
 * ID: 032  Data Left: 032[ ] 131[ƒ] 042[*] 029[ ]
Receive: 032[ ] 131[ƒ] 042[*] 030[ ]
 * ID: 032  Data Left: 032[ ] 131[ƒ] 042[*] 030[ ]
Receive: 032[ ] 131[ƒ] 042[*] 031[ ]
 * ID: 032  Data Left: 032[ ] 131[ƒ] 042[*] 031[ ]
Receive: 032[ ] 131[ƒ] 042[*] 032[ ]
 * ID: 032  Data Left: 032[ ] 131[ƒ] 042[*] 032[ ]
Receive: 060[<]
 * ID: 060  Data Left: 
Receive: 032[ ] 131[ƒ] 042[*] 033[!]
 * ID: 032  Data Left: 032[ ] 131[ƒ] 042[*] 033[!]
Receive: 032[ ] 132[„] 042[*] 034["]
 * ID: 032  Data Left: 032[ ] 132[„] 042[*] 034["]
Receive: 032[ ] 132[„] 041[)] 034["]
 * ID: 032  Data Left: 032[ ] 132[„] 041[)] 034["]
Receive: 032[ ] 131[ƒ] 040[(] 034["]
 * ID: 032  Data Left: 032[ ] 131[ƒ] 040[(] 034["]
Receive: 060[<]
 * ID: 060  Data Left: 
Receive: 032[ ] 130[‚] 040[(] 035[#]
 * ID: 032  Data Left: 032[ ] 130[‚] 040[(] 035[#]
Receive: 032[ ] 129[] 041[)] 035[#]
 * ID: 032  Data Left: 032[ ] 129[] 041[)] 035[#]
Receive: 060[<]
 * ID: 060  Data Left: 
Receive: 032[ ] 131[ƒ] 041[)] 034["]
 * ID: 032  Data Left: 032[ ] 131[ƒ] 041[)] 034["]
Receive: 060[<]
 * ID: 060  Data Left: 
Receive: 060[<]
 * ID: 060  Data Left: 
Receive: 060[<]
 * ID: 060  Data Left: 
Receive: 060[<]
 * ID: 060  Data Left: 
Receive: 060[<]
 * ID: 060  Data Left: 
