Send ToIndex(1): 024[ ] 001[ ] 001[ ] 000[ ] 000[ ] 000[ ] 019[ ] 084[T] 105[i] 110[n] 121[y] 032[ ] 072[H] 101[e] 097[a] 108[l] 105[i] 110[n] 103[g] 032[ ] 080[P] 111[o] 116[t] 105[i] 111[o] 110[n] 005[ ] 000[ ] 000[ ] 000[ ] 000[ ] 038[&] 000[ ] 000[ ] 000[ ]
Send ToIndex(1): 024[ ] 002[ ] 002[ ] 000[ ] 000[ ] 000[ ] 019[ ] 077[M] 105[i] 110[n] 105[i] 032[ ] 072[H] 101[e] 097[a] 108[l] 105[i] 110[n] 103[g] 032[ ] 080[P] 111[o] 116[t] 105[i] 111[o] 110[n] 001[ ] 000[ ] 000[ ] 000[ ] 000[ ] 038[&] 000[ ] 000[ ] 000[ ]
Send ToIndex(1): 024[ ] 003[ ] 003[ ] 000[ ] 000[ ] 000[ ] 020[ ] 083[S] 109[m] 097[a] 108[l] 108[l] 032[ ] 072[H] 101[e] 097[a] 108[l] 105[i] 110[n] 103[g] 032[ ] 080[P] 111[o] 116[t] 105[i] 111[o] 110[n] 001[ ] 000[ ] 000[ ] 000[ ] 000[ ] 038[&] 000[ ] 000[ ] 000[ ]
Send ToIndex(1): 024[ ] 004[ ] 005[ ] 000[ ] 000[ ] 000[ ] 012[ ] 078[N] 101[e] 119[w] 098[b] 105[i] 101[e] 032[ ] 065[A] 114[r] 109[m] 111[o] 114[r] 001[ ] 000[ ] 000[ ] 000[ ] 001[ ] 232[è] 003[ ] 000[ ] 000[ ]
Send ToIndex(1): 024[ ] 005[ ] 006[ ] 000[ ] 000[ ] 000[ ] 013[ ] 078[N] 101[e] 119[w] 098[b] 105[i] 101[e] 032[ ] 068[D] 097[a] 103[g] 103[g] 101[e] 114[r] 001[ ] 000[ ] 000[ ] 000[ ] 001[ ] 020[ ] 005[ ] 000[ ] 000[ ]
Send ToIndex(1): 024[ ] 006[ ] 007[ ] 000[ ] 000[ ] 000[ ] 011[ ] 065[A] 110[n] 103[g] 101[e] 108[l] 032[ ] 087[W] 105[i] 110[n] 103[g] 115[s] 001[ ] 000[ ] 000[ ] 000[ ] 001[ ] 176[°] 004[ ] 000[ ] 000[ ]
Send ToIndex(1): 024[ ] 007[ ] 008[ ] 000[ ] 000[ ] 000[ ] 011[ ] 078[N] 105[i] 110[n] 106[j] 097[a] 032[ ] 083[S] 116[t] 097[a] 114[r] 115[s] 001[ ] 000[ ] 000[ ] 000[ ] 000[ ] 011[ ] 000[ ] 000[ ] 000[ ]
Send ToIndex(1): 024[ ] 008[ ] 009[ ] 000[ ] 000[ ] 000[ ] 008[ ] 066[B] 105[i] 103[g] 032[ ] 083[S] 116[t] 097[a] 114[r] 050[2] 000[ ] 000[ ] 000[ ] 000[ ] 027[ ] 000[ ] 000[ ] 000[ ]
Send ToIndex(1): 026[ ] 008[ ] 001[ ] 000[ ] 001[ ] 000[ ] 002[ ]
Send Buffer: 024[ ] 001[ ] 001[ ] 000[ ] 000[ ] 000[ ] 019[ ] 084[T] 105[i] 110[n] 121[y] 032[ ] 072[H] 101[e] 097[a] 108[l] 105[i] 110[n] 103[g] 032[ ] 080[P] 111[o] 116[t] 105[i] 111[o] 110[n] 005[ ] 000[ ] 000[ ] 000[ ] 000[ ] 038[&] 000[ ] 000[ ] 000[ ] 024[ ] 002[ ] 002[ ] 000[ ] 000[ ] 000[ ] 019[ ] 077[M] 105[i] 110[n] 105[i] 032[ ] 072[H] 101[e] 097[a] 108[l] 105[i] 110[n] 103[g] 032[ ] 080[P] 111[o] 116[t] 105[i] 111[o] 110[n] 001[ ] 000[ ] 000[ ] 000[ ] 000[ ] 038[&] 000[ ] 000[ ] 000[ ] 024[ ] 003[ ] 003[ ] 000[ ] 000[ ] 000[ ] 020[ ] 083[S] 109[m] 097[a] 108[l] 108[l] 032[ ] 072[H] 101[e] 097[a] 108[l] 105[i] 110[n] 103[g] 032[ ] 080[P] 111[o] 116[t] 105[i] 111[o] 110[n] 001[ ] 000[ ] 000[ ] 000[ ] 000[ ] 038[&] 000[ ] 000[ ] 000[ ] 024[ ] 004[ ] 005[ ] 000[ ] 000[ ] 000[ ] 012[ ] 078[N] 101[e] 119[w] 098[b] 105[i] 101[e] 032[ ] 065[A] 114[r] 109[m] 111[o] 114[r] 001[ ] 000[ ] 000[ ] 000[ ] 001[ ] 232[è] 003[ ] 000[ ] 000[ ] 024[ ] 005[ ] 006[ ] 000[ ] 000[ ] 000[ ] 013[ ] 078[N] 101[e] 119[w] 098[b] 105[i] 101[e] 032[ ] 068[D] 097[a] 103[g] 103[g] 101[e] 114[r] 001[ ] 000[ ] 000[ ] 000[ ] 001[ ] 020[ ] 005[ ] 000[ ] 000[ ] 024[ ] 006[ ] 007[ ] 000[ ] 000[ ] 000[ ] 011[ ] 065[A] 110[n] 103[g] 101[e] 108[l] 032[ ] 087[W] 105[i] 110[n] 103[g] 115[s] 001[ ] 000[ ] 000[ ] 000[ ] 001[ ] 176[°] 004[ ] 000[ ] 000[ ] 024[ ] 007[ ] 008[ ] 000[ ] 000[ ] 000[ ] 011[ ] 078[N] 105[i] 110[n] 106[j] 097[a] 032[ ] 083[S] 116[t] 097[a] 114[r] 115[s] 001[ ] 000[ ] 000[ ] 000[ ] 000[ ] 011[ ] 000[ ] 000[ ] 000[ ] 024[ ] 008[ ] 009[ ] 000[ ] 000[ ] 000[ ] 008[ ] 066[B] 105[i] 103[g] 032[ ] 083[S] 116[t] 097[a] 114[r] 050[2] 000[ ] 000[ ] 000[ ] 000[ ] 027[ ] 000[ ] 000[ ] 000[ ] 026[ ] 008[ ] 001[ ] 000[ ] 001[ ] 000[ ] 002[ ]
Send ToMap(1): 017[ ] 002[ ] 000[ ] 001[ ] 000[ ] 003[ ] 007[ ] 000[ ] 015[ ] 015[ ] 000[ ] 005[ ] 083[S] 112[p] 111[o] 100[d] 105[i] 001[ ] 000[ ] 001[ ] 000[ ] 001[ ] 000[ ] 255[ÿ] 255[ÿ] 000[ ] 000[ ] 000[ ] 000[ ] 000[ ] 000[ ] 000[ ] 000[ ] 000[ ] 000[ ] 000[ ] 000[ ] 000[ ] 000[ ] 000[ ] 000[ ] 000[ ] 000[ ] 000[ ] 000[ ] 000[ ]
Send ToIndex(1): 041[)] 032[ ] 087[W] 101[e] 108[l] 099[c] 111[o] 109[m] 101[e] 032[ ] 116[t] 111[o] 032[ ] 118[v] 098[b] 071[G] 079[O] 082[R] 069[E] 032[ ] 086[V] 101[e] 114[r] 115[s] 105[i] 111[o] 110[n] 032[ ] 048[0] 046[.] 051[3] 046[.] 051[3] 033[!] 055[7] 041[)] 029[ ] 070[F] 111[o] 114[r] 032[ ] 104[h] 101[e] 108[l] 112[p] 044[,] 032[ ] 112[p] 108[l] 101[e] 097[a] 115[s] 101[e] 032[ ] 116[t] 121[y] 112[p] 101[e] 032[ ] 124[|] 047[/] 104[h] 101[e] 108[l] 112[p] 124[|] 055[7] 041[)] 043[+] 124[|] 067[C] 116[t] 114[r] 108[l] 043[+] 087[W] 124[|] 032[ ] 102[f] 111[o] 114[r] 032[ ] 105[i] 110[n] 118[v] 101[e] 110[n] 116[t] 111[o] 114[r] 121[y] 044[,] 032[ ] 124[|] 067[C] 116[t] 114[r] 108[l] 043[+] 083[S] 124[|] 032[ ] 102[f] 111[o] 114[r] 032[ ] 115[s] 116[t] 097[a] 116[t] 115[s] 046[.] 055[7] 041[)] 039['] 080[P] 108[l] 101[e] 097[a] 115[s] 101[e] 032[ ] 118[v] 105[i] 115[s] 105[i] 116[t] 032[ ] 111[o] 117[u] 114[r] 032[ ] 115[s] 105[i] 116[t] 101[e] 032[ ] 097[a] 116[t] 032[ ] 119[w] 119[w] 119[w] 046[.] 118[v] 098[b] 103[g] 111[o] 114[r] 101[e] 046[.] 099[c] 111[o] 109[m] 055[7] 041[)] 049[1] 081[Q] 117[u] 101[e] 115[s] 116[t] 105[i] 111[o] 110[n] 115[s] 044[,] 032[ ] 099[c] 111[o] 100[d] 101[e] 044[,] 032[ ] 104[h] 101[e] 108[l] 112[p] 044[,] 032[ ] 101[e] 116[t] 099[c] 032[ ] 099[c] 097[a] 110[n] 032[ ] 098[b] 101[e] 032[ ] 102[f] 111[o] 117[u] 110[n] 100[d] 032[ ] 116[t] 104[h] 101[e] 114[r] 101[e] 046[.] 032[ ] 058[:] 041[)] 055[7] 041[)] 059[;] 082[R] 101[e] 109[m] 101[e] 109[m] 098[b] 101[e] 114[r] 032[ ] 116[t] 111[o] 032[ ] 103[g] 111[o] 032[ ] 117[u] 110[n] 100[d] 101[e] 114[r] 032[ ] 116[t] 104[h] 101[e] 032[ ] 124[|] 119[w] 097[a] 116[t] 101[e] 114[r] 102[f] 097[a] 108[l] 108[l] 124[|] 032[ ] 116[t] 111[o] 032[ ] 102[f] 105[i] 103[g] 104[h] 116[t] 032[ ] 115[s] 111[o] 109[m] 101[e] 032[ ] 101[e] 110[n] 101[e] 109[m] 105[i] 101[e] 115[s] 033[!] 055[7]
Send ToIndex(1): 079[O] 071[G] 005[ ]
Send ToIndex(1): 093[]] 001[ ] 000[ ] 093[]] 002[ ] 000[ ] 093[]] 003[ ] 000[ ] 093[]] 004[ ] 000[ ] 093[]] 005[ ] 000[ ]
Send ToIndex(1): 023[ ] 127[]
Send ToIndex(1): 081[Q] 001[ ] 015[ ] 015[ ]
Send ToAll: 079[O] 072[H] 005[ ] 083[S] 112[p] 111[o] 100[d] 105[i]
Send Buffer: 017[ ] 002[ ] 000[ ] 001[ ] 000[ ] 003[ ] 007[ ] 000[ ] 015[ ] 015[ ] 000[ ] 005[ ] 083[S] 112[p] 111[o] 100[d] 105[i] 001[ ] 000[ ] 001[ ] 000[ ] 001[ ] 000[ ] 255[ÿ] 255[ÿ] 000[ ] 000[ ] 000[ ] 000[ ] 000[ ] 000[ ] 000[ ] 000[ ] 000[ ] 000[ ] 000[ ] 000[ ] 000[ ] 000[ ] 000[ ] 000[ ] 000[ ] 000[ ] 000[ ] 000[ ] 000[ ] 041[)] 032[ ] 087[W] 101[e] 108[l] 099[c] 111[o] 109[m] 101[e] 032[ ] 116[t] 111[o] 032[ ] 118[v] 098[b] 071[G] 079[O] 082[R] 069[E] 032[ ] 086[V] 101[e] 114[r] 115[s] 105[i] 111[o] 110[n] 032[ ] 048[0] 046[.] 051[3] 046[.] 051[3] 033[!] 055[7] 041[)] 029[ ] 070[F] 111[o] 114[r] 032[ ] 104[h] 101[e] 108[l] 112[p] 044[,] 032[ ] 112[p] 108[l] 101[e] 097[a] 115[s] 101[e] 032[ ] 116[t] 121[y] 112[p] 101[e] 032[ ] 124[|] 047[/] 104[h] 101[e] 108[l] 112[p] 124[|] 055[7] 041[)] 043[+] 124[|] 067[C] 116[t] 114[r] 108[l] 043[+] 087[W] 124[|] 032[ ] 102[f] 111[o] 114[r] 032[ ] 105[i] 110[n] 118[v] 101[e] 110[n] 116[t] 111[o] 114[r] 121[y] 044[,] 032[ ] 124[|] 067[C] 116[t] 114[r] 108[l] 043[+] 083[S] 124[|] 032[ ] 102[f] 111[o] 114[r] 032[ ] 115[s] 116[t] 097[a] 116[t] 115[s] 046[.] 055[7] 041[)] 039['] 080[P] 108[l] 101[e] 097[a] 115[s] 101[e] 032[ ] 118[v] 105[i] 115[s] 105[i] 116[t] 032[ ] 111[o] 117[u] 114[r] 032[ ] 115[s] 105[i] 116[t] 101[e] 032[ ] 097[a] 116[t] 032[ ] 119[w] 119[w] 119[w] 046[.] 118[v] 098[b] 103[g] 111[o] 114[r] 101[e] 046[.] 099[c] 111[o] 109[m] 055[7] 041[)] 049[1] 081[Q] 117[u] 101[e] 115[s] 116[t] 105[i] 111[o] 110[n] 115[s] 044[,] 032[ ] 099[c] 111[o] 100[d] 101[e] 044[,] 032[ ] 104[h] 101[e] 108[l] 112[p] 044[,] 032[ ] 101[e] 116[t] 099[c] 032[ ] 099[c] 097[a] 110[n] 032[ ] 098[b] 101[e] 032[ ] 102[f] 111[o] 117[u] 110[n] 100[d] 032[ ] 116[t] 104[h] 101[e] 114[r] 101[e] 046[.] 032[ ] 058[:] 041[)] 055[7] 041[)] 059[;] 082[R] 101[e] 109[m] 101[e] 109[m] 098[b] 101[e] 114[r] 032[ ] 116[t] 111[o] 032[ ] 103[g] 111[o] 032[ ] 117[u] 110[n] 100[d] 101[e] 114[r] 032[ ] 116[t] 104[h] 101[e] 032[ ] 124[|] 119[w] 097[a] 116[t] 101[e] 114[r] 102[f] 097[a] 108[l] 108[l] 124[|] 032[ ] 116[t] 111[o] 032[ ] 102[f] 105[i] 103[g] 104[h] 116[t] 032[ ] 115[s] 111[o] 109[m] 101[e] 032[ ] 101[e] 110[n] 101[e] 109[m] 105[i] 101[e] 115[s] 033[!] 055[7] 079[O] 071[G] 005[ ] 093[]] 001[ ] 000[ ] 093[]] 002[ ] 000[ ] 093[]] 003[ ] 000[ ] 093[]] 004[ ] 000[ ] 093[]] 005[ ] 000[ ] 023[ ] 127[] 081[Q] 001[ ] 015[ ] 015[ ] 079[O] 072[H] 005[ ] 083[S] 112[p] 111[o] 100[d] 105[i]
Send ToMap(1): 017[ ] 001[ ] 000[ ] 001[ ] 000[ ] 003[ ] 001[ ] 000[ ] 031[ ] 015[ ] 000[ ] 009[ ] 067[C] 114[r] 097[a] 122[z] 121[y] 032[ ] 109[m] 097[a] 110[n] 000[ ] 000[ ] 001[ ] 000[ ] 000[ ] 000[ ] 100[d] 100[d] 001[ ]
Send ToMap(1): 017[ ] 001[ ] 000[ ] 000[ ] 000[ ] 003[ ] 002[ ] 000[ ] 039['] 035[#] 003[ ] 012[ ] 072[H] 101[e] 097[a] 100[d] 108[l] 101[e] 115[s] 115[s] 032[ ] 077[M] 097[a] 110[n] 000[ ] 000[ ] 001[ ] 000[ ] 001[ ] 000[ ] 100[d] 100[d] 003[ ]
Send ToMap(1): 017[ ] 001[ ] 000[ ] 001[ ] 000[ ] 003[ ] 003[ ] 000[ ] 040[(] 023[ ] 000[ ] 009[ ] 067[C] 114[r] 097[a] 122[z] 121[y] 032[ ] 109[m] 097[a] 110[n] 000[ ] 000[ ] 001[ ] 000[ ] 000[ ] 000[ ] 100[d] 100[d] 001[ ]
Send ToMap(1): 017[ ] 001[ ] 000[ ] 001[ ] 000[ ] 003[ ] 004[ ] 000[ ] 044[,] 035[#] 000[ ] 006[ ] 066[B] 097[a] 110[n] 107[k] 101[e] 114[r] 000[ ] 000[ ] 001[ ] 000[ ] 001[ ] 000[ ] 100[d] 100[d] 000[ ]
Send ToMap(1): 017[ ] 001[ ] 000[ ] 001[ ] 000[ ] 003[ ] 005[ ] 000[ ] 044[,] 040[(] 000[ ] 009[ ] 067[C] 114[r] 097[a] 122[z] 121[y] 032[ ] 109[m] 097[a] 110[n] 000[ ] 000[ ] 001[ ] 000[ ] 000[ ] 000[ ] 100[d] 100[d] 001[ ]
Send ToMap(1): 017[ ] 001[ ] 000[ ] 001[ ] 000[ ] 003[ ] 006[ ] 000[ ] 061[=] 022[ ] 000[ ] 009[ ] 067[C] 114[r] 097[a] 122[z] 121[y] 032[ ] 109[m] 097[a] 110[n] 000[ ] 000[ ] 001[ ] 000[ ] 000[ ] 000[ ] 100[d] 100[d] 001[ ]
Send Buffer: 017[ ] 001[ ] 000[ ] 001[ ] 000[ ] 003[ ] 001[ ] 000[ ] 031[ ] 015[ ] 000[ ] 009[ ] 067[C] 114[r] 097[a] 122[z] 121[y] 032[ ] 109[m] 097[a] 110[n] 000[ ] 000[ ] 001[ ] 000[ ] 000[ ] 000[ ] 100[d] 100[d] 001[ ] 017[ ] 001[ ] 000[ ] 000[ ] 000[ ] 003[ ] 002[ ] 000[ ] 039['] 035[#] 003[ ] 012[ ] 072[H] 101[e] 097[a] 100[d] 108[l] 101[e] 115[s] 115[s] 032[ ] 077[M] 097[a] 110[n] 000[ ] 000[ ] 001[ ] 000[ ] 001[ ] 000[ ] 100[d] 100[d] 003[ ] 017[ ] 001[ ] 000[ ] 001[ ] 000[ ] 003[ ] 003[ ] 000[ ] 040[(] 023[ ] 000[ ] 009[ ] 067[C] 114[r] 097[a] 122[z] 121[y] 032[ ] 109[m] 097[a] 110[n] 000[ ] 000[ ] 001[ ] 000[ ] 000[ ] 000[ ] 100[d] 100[d] 001[ ] 017[ ] 001[ ] 000[ ] 001[ ] 000[ ] 003[ ] 004[ ] 000[ ] 044[,] 035[#] 000[ ] 006[ ] 066[B] 097[a] 110[n] 107[k] 101[e] 114[r] 000[ ] 000[ ] 001[ ] 000[ ] 001[ ] 000[ ] 100[d] 100[d] 000[ ] 017[ ] 001[ ] 000[ ] 001[ ] 000[ ] 003[ ] 005[ ] 000[ ] 044[,] 040[(] 000[ ] 009[ ] 067[C] 114[r] 097[a] 122[z] 121[y] 032[ ] 109[m] 097[a] 110[n] 000[ ] 000[ ] 001[ ] 000[ ] 000[ ] 000[ ] 100[d] 100[d] 001[ ] 017[ ] 001[ ] 000[ ] 001[ ] 000[ ] 003[ ] 006[ ] 000[ ] 061[=] 022[ ] 000[ ] 009[ ] 067[C] 114[r] 097[a] 122[z] 121[y] 032[ ] 109[m] 097[a] 110[n] 000[ ] 000[ ] 001[ ] 000[ ] 000[ ] 000[ ] 100[d] 100[d] 001[ ]
Send ToNPCMove(6): 019[ ] 006[ ] 000[ ] 061[=] 023[ ] 003[ ]
Send ToMap(0): 082[R] 007[ ] 000[ ] 005[ ]
Send ToIndex(1): 052[4] 001[ ] 050[2] 000[ ] 000[ ] 000[ ] 052[4] 002[ ] 050[2] 000[ ] 000[ ] 000[ ] 052[4] 003[ ] 050[2] 000[ ] 000[ ] 000[ ] 052[4] 004[ ] 100[d] 000[ ] 000[ ] 000[ ] 052[4] 005[ ] 000[ ] 000[ ] 000[ ] 000[ ] 052[4] 006[ ] 000[ ] 000[ ] 000[ ] 000[ ] 052[4] 007[ ] 010[ ] 000[ ] 000[ ] 000[ ] 052[4] 008[ ] 001[ ] 000[ ] 000[ ] 000[ ] 052[4] 009[ ] 001[ ] 000[ ] 000[ ] 000[ ] 053[5] 009[ ] 006[ ] 000[ ] 000[ ] 000[ ] 052[4] 010[ ] 050[2] 000[ ] 000[ ] 000[ ] 053[5] 010[ ] 070[F] 000[ ] 000[ ] 000[ ] 052[4] 011[ ] 050[2] 000[ ] 000[ ] 000[ ] 053[5] 011[ ] 060[<] 000[ ] 000[ ] 000[ ] 052[4] 012[ ] 050[2] 000[ ] 000[ ] 000[ ] 053[5] 012[ ] 060[<] 000[ ] 000[ ] 000[ ] 052[4] 013[ ] 001[ ] 000[ ] 000[ ] 000[ ] 053[5] 013[ ] 004[ ] 000[ ] 000[ ] 000[ ] 052[4] 014[ ] 001[ ] 000[ ] 000[ ] 000[ ] 053[5] 014[ ] 005[ ] 000[ ] 000[ ] 000[ ] 052[4] 015[ ] 000[ ] 000[ ] 000[ ] 000[ ] 053[5] 015[ ] 000[ ] 000[ ] 000[ ] 000[ ] 052[4] 016[ ] 001[ ] 000[ ] 000[ ] 000[ ] 053[5] 016[ ] 002[ ] 000[ ] 000[ ] 000[ ] 052[4] 017[ ] 001[ ] 000[ ] 000[ ] 000[ ] 053[5] 017[ ] 002[ ] 000[ ] 000[ ] 000[ ] 052[4] 018[ ] 001[ ] 000[ ] 000[ ] 000[ ] 053[5] 018[ ] 002[ ] 000[ ] 000[ ] 000[ ] 052[4] 019[ ] 005[ ] 000[ ] 000[ ] 000[ ] 053[5] 019[ ] 005[ ] 000[ ] 000[ ] 000[ ]
Send ToMap(1): 012[ ] 071[G] 007[ ] 000[ ]
Send ToMap(1): 045[-] 083[S] 007[ ] 000[ ]
Send ToMap(1): 082[R] 007[ ] 000[ ] 005[ ] 000[ ] 000[ ] 000[ ]
Send Buffer: 019[ ] 006[ ] 000[ ] 061[=] 023[ ] 003[ ] 052[4] 001[ ] 050[2] 000[ ] 000[ ] 000[ ] 052[4] 002[ ] 050[2] 000[ ] 000[ ] 000[ ] 052[4] 003[ ] 050[2] 000[ ] 000[ ] 000[ ] 052[4] 004[ ] 100[d] 000[ ] 000[ ] 000[ ] 052[4] 005[ ] 000[ ] 000[ ] 000[ ] 000[ ] 052[4] 006[ ] 000[ ] 000[ ] 000[ ] 000[ ] 052[4] 007[ ] 010[ ] 000[ ] 000[ ] 000[ ] 052[4] 008[ ] 001[ ] 000[ ] 000[ ] 000[ ] 052[4] 009[ ] 001[ ] 000[ ] 000[ ] 000[ ] 053[5] 009[ ] 006[ ] 000[ ] 000[ ] 000[ ] 052[4] 010[ ] 050[2] 000[ ] 000[ ] 000[ ] 053[5] 010[ ] 070[F] 000[ ] 000[ ] 000[ ] 052[4] 011[ ] 050[2] 000[ ] 000[ ] 000[ ] 053[5] 011[ ] 060[<] 000[ ] 000[ ] 000[ ] 052[4] 012[ ] 050[2] 000[ ] 000[ ] 000[ ] 053[5] 012[ ] 060[<] 000[ ] 000[ ] 000[ ] 052[4] 013[ ] 001[ ] 000[ ] 000[ ] 000[ ] 053[5] 013[ ] 004[ ] 000[ ] 000[ ] 000[ ] 052[4] 014[ ] 001[ ] 000[ ] 000[ ] 000[ ] 053[5] 014[ ] 005[ ] 000[ ] 000[ ] 000[ ] 052[4] 015[ ] 000[ ] 000[ ] 000[ ] 000[ ] 053[5] 015[ ] 000[ ] 000[ ] 000[ ] 000[ ] 052[4] 016[ ] 001[ ] 000[ ] 000[ ] 000[ ] 053[5] 016[ ] 002[ ] 000[ ] 000[ ] 000[ ] 052[4] 017[ ] 001[ ] 000[ ] 000[ ] 000[ ] 053[5] 017[ ] 002[ ] 000[ ] 000[ ] 000[ ] 052[4] 018[ ] 001[ ] 000[ ] 000[ ] 000[ ] 053[5] 018[ ] 002[ ] 000[ ] 000[ ] 000[ ] 052[4] 019[ ] 005[ ] 000[ ] 000[ ] 000[ ] 053[5] 019[ ] 005[ ] 000[ ] 000[ ] 000[ ] 012[ ] 071[G] 007[ ] 000[ ] 045[-] 083[S] 007[ ] 000[ ] 082[R] 007[ ] 000[ ] 005[ ] 000[ ] 000[ ] 000[ ]
Send ToNPCMove(3): 019[ ] 003[ ] 000[ ] 039['] 024[ ] 007[ ]
Send Buffer: 019[ ] 003[ ] 000[ ] 039['] 024[ ] 007[ ]
Send ToNPCMove(5): 019[ ] 005[ ] 000[ ] 043[+] 040[(] 004[ ]
Send Buffer: 019[ ] 005[ ] 000[ ] 043[+] 040[(] 004[ ]
Send ToNPCMove(1): 019[ ] 001[ ] 000[ ] 030[ ] 014[ ] 008[ ]
Send Buffer: 019[ ] 001[ ] 000[ ] 030[ ] 014[ ] 008[ ]
Send ToNPCMove(1): 019[ ] 001[ ] 000[ ] 031[ ] 013[ ] 005[ ]
Send Buffer: 019[ ] 001[ ] 000[ ] 031[ ] 013[ ] 005[ ]
Send ToNPCMove(3): 019[ ] 003[ ] 000[ ] 040[(] 023[ ] 005[ ]
Send Buffer: 019[ ] 003[ ] 000[ ] 040[(] 023[ ] 005[ ]
Send ToNPCMove(6): 019[ ] 006[ ] 000[ ] 061[=] 024[ ] 003[ ]
Send Buffer: 019[ ] 006[ ] 000[ ] 061[=] 024[ ] 003[ ]
Send ToIndex(1): 052[4] 001[ ] 052[4] 000[ ] 000[ ] 000[ ] 052[4] 002[ ] 052[4] 000[ ] 000[ ] 000[ ] 052[4] 003[ ] 052[4] 000[ ] 000[ ] 000[ ]
Send ToMap(1): 012[ ] 074[J] 007[ ] 000[ ]
Send ToMap(1): 045[-] 087[W] 007[ ] 000[ ]
Send Buffer: 052[4] 001[ ] 052[4] 000[ ] 000[ ] 000[ ] 052[4] 002[ ] 052[4] 000[ ] 000[ ] 000[ ] 052[4] 003[ ] 052[4] 000[ ] 000[ ] 000[ ] 012[ ] 074[J] 007[ ] 000[ ] 045[-] 087[W] 007[ ] 000[ ]
Send ToNPCMove(1): 019[ ] 001[ ] 000[ ] 032[ ] 014[ ] 006[ ]
Send Buffer: 019[ ] 001[ ] 000[ ] 032[ ] 014[ ] 006[ ]
Send ToNPCMove(3): 019[ ] 003[ ] 000[ ] 041[)] 022[ ] 005[ ]
Send Buffer: 019[ ] 003[ ] 000[ ] 041[)] 022[ ] 005[ ]
Send ToNPCMove(5): 019[ ] 005[ ] 000[ ] 042[*] 039['] 008[ ]
Send Buffer: 019[ ] 005[ ] 000[ ] 042[*] 039['] 008[ ]
Send ToNPCMove(6): 019[ ] 006[ ] 000[ ] 062[>] 023[ ] 005[ ]
Send Buffer: 019[ ] 006[ ] 000[ ] 062[>] 023[ ] 005[ ]
Send ToNPCMove(1): 019[ ] 001[ ] 000[ ] 032[ ] 013[ ] 001[ ]
Send Buffer: 019[ ] 001[ ] 000[ ] 032[ ] 013[ ] 001[ ]
Send ToNPCMove(5): 019[ ] 005[ ] 000[ ] 042[*] 038[&] 001[ ]
Send Buffer: 019[ ] 005[ ] 000[ ] 042[*] 038[&] 001[ ]
Send ToNPCMove(3): 019[ ] 003[ ] 000[ ] 040[(] 022[ ] 004[ ]
Send Buffer: 019[ ] 003[ ] 000[ ] 040[(] 022[ ] 004[ ]
Send ToNPCMove(6): 019[ ] 006[ ] 000[ ] 061[=] 022[ ] 008[ ]
Send ToIndex(1): 052[4] 001[ ] 054[6] 000[ ] 000[ ] 000[ ] 052[4] 002[ ] 054[6] 000[ ] 000[ ] 000[ ] 052[4] 003[ ] 054[6] 000[ ] 000[ ] 000[ ]
Send ToMap(1): 012[ ] 077[M] 007[ ] 000[ ]
Send ToMap(1): 045[-] 090[Z] 007[ ] 000[ ]
Send Buffer: 019[ ] 006[ ] 000[ ] 061[=] 022[ ] 008[ ] 052[4] 001[ ] 054[6] 000[ ] 000[ ] 000[ ] 052[4] 002[ ] 054[6] 000[ ] 000[ ] 000[ ] 052[4] 003[ ] 054[6] 000[ ] 000[ ] 000[ ] 012[ ] 077[M] 007[ ] 000[ ] 045[-] 090[Z] 007[ ] 000[ ]
Send ToNPCMove(1): 019[ ] 001[ ] 000[ ] 033[!] 013[ ] 002[ ]
Send Buffer: 019[ ] 001[ ] 000[ ] 033[!] 013[ ] 002[ ]
Send ToNPCMove(3): 019[ ] 003[ ] 000[ ] 041[)] 023[ ] 006[ ]
Send Buffer: 019[ ] 003[ ] 000[ ] 041[)] 023[ ] 006[ ]
Send ToNPCMove(6): 019[ ] 006[ ] 000[ ] 062[>] 023[ ] 006[ ]
Send Buffer: 019[ ] 006[ ] 000[ ] 062[>] 023[ ] 006[ ]
Send ToNPCMove(1): 019[ ] 001[ ] 000[ ] 034["] 013[ ] 002[ ]
Send Buffer: 019[ ] 001[ ] 000[ ] 034["] 013[ ] 002[ ]
Send ToNPCMove(5): 019[ ] 005[ ] 000[ ] 041[)] 038[&] 004[ ]
Send Buffer: 019[ ] 005[ ] 000[ ] 041[)] 038[&] 004[ ]
Send ToIndex(1): 052[4] 001[ ] 056[8] 000[ ] 000[ ] 000[ ] 052[4] 002[ ] 056[8] 000[ ] 000[ ] 000[ ] 052[4] 003[ ] 056[8] 000[ ] 000[ ] 000[ ]
Send ToMap(1): 012[ ] 080[P] 007[ ] 000[ ]
Send ToMap(1): 045[-] 093[]] 007[ ] 000[ ]
Send Buffer: 052[4] 001[ ] 056[8] 000[ ] 000[ ] 000[ ] 052[4] 002[ ] 056[8] 000[ ] 000[ ] 000[ ] 052[4] 003[ ] 056[8] 000[ ] 000[ ] 000[ ] 012[ ] 080[P] 007[ ] 000[ ] 045[-] 093[]] 007[ ] 000[ ]
Send ToNPCMove(6): 019[ ] 006[ ] 000[ ] 061[=] 024[ ] 007[ ]
Send Buffer: 019[ ] 006[ ] 000[ ] 061[=] 024[ ] 007[ ]
Send ToNPCMove(1): 019[ ] 001[ ] 000[ ] 033[!] 012[ ] 008[ ]
Send Buffer: 019[ ] 001[ ] 000[ ] 033[!] 012[ ] 008[ ]
Send ToNPCMove(3): 019[ ] 003[ ] 000[ ] 042[*] 022[ ] 005[ ]
Send Buffer: 019[ ] 003[ ] 000[ ] 042[*] 022[ ] 005[ ]
Send ToNPCMove(6): 019[ ] 006[ ] 000[ ] 062[>] 023[ ] 005[ ]
Send Buffer: 019[ ] 006[ ] 000[ ] 062[>] 023[ ] 005[ ]
Send ToIndex(1): 052[4] 001[ ] 058[:] 000[ ] 000[ ] 000[ ] 052[4] 002[ ] 058[:] 000[ ] 000[ ] 000[ ] 052[4] 003[ ] 058[:] 000[ ] 000[ ] 000[ ]
Send ToMap(1): 012[ ] 083[S] 007[ ] 000[ ]
Send ToMap(1): 045[-] 097[a] 007[ ] 000[ ]
Send Buffer: 052[4] 001[ ] 058[:] 000[ ] 000[ ] 000[ ] 052[4] 002[ ] 058[:] 000[ ] 000[ ] 000[ ] 052[4] 003[ ] 058[:] 000[ ] 000[ ] 000[ ] 012[ ] 083[S] 007[ ] 000[ ] 045[-] 097[a] 007[ ] 000[ ]
Send ToNPCMove(6): 019[ ] 006[ ] 000[ ] 062[>] 022[ ] 001[ ]
Send Buffer: 019[ ] 006[ ] 000[ ] 062[>] 022[ ] 001[ ]
Send ToNPCMove(5): 019[ ] 005[ ] 000[ ] 040[(] 037[%] 008[ ]
Send Buffer: 019[ ] 005[ ] 000[ ] 040[(] 037[%] 008[ ]
Send ToNPCMove(3): 019[ ] 003[ ] 000[ ] 041[)] 022[ ] 004[ ]
Send Buffer: 019[ ] 003[ ] 000[ ] 041[)] 022[ ] 004[ ]
Send ToNPCMove(6): 019[ ] 006[ ] 000[ ] 061[=] 022[ ] 004[ ]
Send Buffer: 019[ ] 006[ ] 000[ ] 061[=] 022[ ] 004[ ]
Send ToMap(1): 018[ ] 007[ ] 000[ ]
Send ToAll: 079[O] 068[D] 005[ ] 083[S] 112[p] 111[o] 100[d] 105[i]
Send ToIndex(1): 024[ ] 001[ ] 001[ ] 000[ ] 000[ ] 000[ ] 019[ ] 084[T] 105[i] 110[n] 121[y] 032[ ] 072[H] 101[e] 097[a] 108[l] 105[i] 110[n] 103[g] 032[ ] 080[P] 111[o] 116[t] 105[i] 111[o] 110[n] 005[ ] 000[ ] 000[ ] 000[ ] 000[ ] 038[&] 000[ ] 000[ ] 000[ ]
Send ToIndex(1): 024[ ] 002[ ] 002[ ] 000[ ] 000[ ] 000[ ] 019[ ] 077[M] 105[i] 110[n] 105[i] 032[ ] 072[H] 101[e] 097[a] 108[l] 105[i] 110[n] 103[g] 032[ ] 080[P] 111[o] 116[t] 105[i] 111[o] 110[n] 001[ ] 000[ ] 000[ ] 000[ ] 000[ ] 038[&] 000[ ] 000[ ] 000[ ]
Send ToIndex(1): 024[ ] 003[ ] 003[ ] 000[ ] 000[ ] 000[ ] 020[ ] 083[S] 109[m] 097[a] 108[l] 108[l] 032[ ] 072[H] 101[e] 097[a] 108[l] 105[i] 110[n] 103[g] 032[ ] 080[P] 111[o] 116[t] 105[i] 111[o] 110[n] 001[ ] 000[ ] 000[ ] 000[ ] 000[ ] 038[&] 000[ ] 000[ ] 000[ ]
Send ToIndex(1): 024[ ] 004[ ] 005[ ] 000[ ] 000[ ] 000[ ] 012[ ] 078[N] 101[e] 119[w] 098[b] 105[i] 101[e] 032[ ] 065[A] 114[r] 109[m] 111[o] 114[r] 001[ ] 000[ ] 000[ ] 000[ ] 001[ ] 232[è] 003[ ] 000[ ] 000[ ]
Send ToIndex(1): 024[ ] 005[ ] 006[ ] 000[ ] 000[ ] 000[ ] 013[ ] 078[N] 101[e] 119[w] 098[b] 105[i] 101[e] 032[ ] 068[D] 097[a] 103[g] 103[g] 101[e] 114[r] 001[ ] 000[ ] 000[ ] 000[ ] 001[ ] 020[ ] 005[ ] 000[ ] 000[ ]
Send ToIndex(1): 024[ ] 006[ ] 007[ ] 000[ ] 000[ ] 000[ ] 011[ ] 065[A] 110[n] 103[g] 101[e] 108[l] 032[ ] 087[W] 105[i] 110[n] 103[g] 115[s] 001[ ] 000[ ] 000[ ] 000[ ] 001[ ] 176[°] 004[ ] 000[ ] 000[ ]
Send ToIndex(1): 024[ ] 007[ ] 008[ ] 000[ ] 000[ ] 000[ ] 011[ ] 078[N] 105[i] 110[n] 106[j] 097[a] 032[ ] 083[S] 116[t] 097[a] 114[r] 115[s] 001[ ] 000[ ] 000[ ] 000[ ] 000[ ] 011[ ] 000[ ] 000[ ] 000[ ]
Send ToIndex(1): 024[ ] 008[ ] 009[ ] 000[ ] 000[ ] 000[ ] 008[ ] 066[B] 105[i] 103[g] 032[ ] 083[S] 116[t] 097[a] 114[r] 050[2] 000[ ] 000[ ] 000[ ] 000[ ] 027[ ] 000[ ] 000[ ] 000[ ]
Send ToIndex(1): 026[ ] 008[ ] 001[ ] 000[ ] 001[ ] 000[ ] 002[ ]
Send Buffer: 024[ ] 001[ ] 001[ ] 000[ ] 000[ ] 000[ ] 019[ ] 084[T] 105[i] 110[n] 121[y] 032[ ] 072[H] 101[e] 097[a] 108[l] 105[i] 110[n] 103[g] 032[ ] 080[P] 111[o] 116[t] 105[i] 111[o] 110[n] 005[ ] 000[ ] 000[ ] 000[ ] 000[ ] 038[&] 000[ ] 000[ ] 000[ ] 024[ ] 002[ ] 002[ ] 000[ ] 000[ ] 000[ ] 019[ ] 077[M] 105[i] 110[n] 105[i] 032[ ] 072[H] 101[e] 097[a] 108[l] 105[i] 110[n] 103[g] 032[ ] 080[P] 111[o] 116[t] 105[i] 111[o] 110[n] 001[ ] 000[ ] 000[ ] 000[ ] 000[ ] 038[&] 000[ ] 000[ ] 000[ ] 024[ ] 003[ ] 003[ ] 000[ ] 000[ ] 000[ ] 020[ ] 083[S] 109[m] 097[a] 108[l] 108[l] 032[ ] 072[H] 101[e] 097[a] 108[l] 105[i] 110[n] 103[g] 032[ ] 080[P] 111[o] 116[t] 105[i] 111[o] 110[n] 001[ ] 000[ ] 000[ ] 000[ ] 000[ ] 038[&] 000[ ] 000[ ] 000[ ] 024[ ] 004[ ] 005[ ] 000[ ] 000[ ] 000[ ] 012[ ] 078[N] 101[e] 119[w] 098[b] 105[i] 101[e] 032[ ] 065[A] 114[r] 109[m] 111[o] 114[r] 001[ ] 000[ ] 000[ ] 000[ ] 001[ ] 232[è] 003[ ] 000[ ] 000[ ] 024[ ] 005[ ] 006[ ] 000[ ] 000[ ] 000[ ] 013[ ] 078[N] 101[e] 119[w] 098[b] 105[i] 101[e] 032[ ] 068[D] 097[a] 103[g] 103[g] 101[e] 114[r] 001[ ] 000[ ] 000[ ] 000[ ] 001[ ] 020[ ] 005[ ] 000[ ] 000[ ] 024[ ] 006[ ] 007[ ] 000[ ] 000[ ] 000[ ] 011[ ] 065[A] 110[n] 103[g] 101[e] 108[l] 032[ ] 087[W] 105[i] 110[n] 103[g] 115[s] 001[ ] 000[ ] 000[ ] 000[ ] 001[ ] 176[°] 004[ ] 000[ ] 000[ ] 024[ ] 007[ ] 008[ ] 000[ ] 000[ ] 000[ ] 011[ ] 078[N] 105[i] 110[n] 106[j] 097[a] 032[ ] 083[S] 116[t] 097[a] 114[r] 115[s] 001[ ] 000[ ] 000[ ] 000[ ] 000[ ] 011[ ] 000[ ] 000[ ] 000[ ] 024[ ] 008[ ] 009[ ] 000[ ] 000[ ] 000[ ] 008[ ] 066[B] 105[i] 103[g] 032[ ] 083[S] 116[t] 097[a] 114[r] 050[2] 000[ ] 000[ ] 000[ ] 000[ ] 027[ ] 000[ ] 000[ ] 000[ ] 026[ ] 008[ ] 001[ ] 000[ ] 001[ ] 000[ ] 002[ ]
Send ToMap(1): 017[ ] 002[ ] 000[ ] 001[ ] 000[ ] 003[ ] 007[ ] 000[ ] 015[ ] 015[ ] 000[ ] 005[ ] 083[S] 112[p] 111[o] 100[d] 105[i] 001[ ] 000[ ] 001[ ] 000[ ] 001[ ] 000[ ] 255[ÿ] 255[ÿ] 000[ ] 000[ ] 000[ ] 000[ ] 000[ ] 000[ ] 000[ ] 000[ ] 000[ ] 000[ ] 000[ ] 000[ ] 000[ ] 000[ ] 000[ ] 000[ ] 000[ ] 000[ ] 000[ ] 000[ ] 000[ ]
Send ToIndex(1): 041[)] 032[ ] 087[W] 101[e] 108[l] 099[c] 111[o] 109[m] 101[e] 032[ ] 116[t] 111[o] 032[ ] 118[v] 098[b] 071[G] 079[O] 082[R] 069[E] 032[ ] 086[V] 101[e] 114[r] 115[s] 105[i] 111[o] 110[n] 032[ ] 048[0] 046[.] 051[3] 046[.] 051[3] 033[!] 055[7] 041[)] 029[ ] 070[F] 111[o] 114[r] 032[ ] 104[h] 101[e] 108[l] 112[p] 044[,] 032[ ] 112[p] 108[l] 101[e] 097[a] 115[s] 101[e] 032[ ] 116[t] 121[y] 112[p] 101[e] 032[ ] 124[|] 047[/] 104[h] 101[e] 108[l] 112[p] 124[|] 055[7] 041[)] 043[+] 124[|] 067[C] 116[t] 114[r] 108[l] 043[+] 087[W] 124[|] 032[ ] 102[f] 111[o] 114[r] 032[ ] 105[i] 110[n] 118[v] 101[e] 110[n] 116[t] 111[o] 114[r] 121[y] 044[,] 032[ ] 124[|] 067[C] 116[t] 114[r] 108[l] 043[+] 083[S] 124[|] 032[ ] 102[f] 111[o] 114[r] 032[ ] 115[s] 116[t] 097[a] 116[t] 115[s] 046[.] 055[7] 041[)] 039['] 080[P] 108[l] 101[e] 097[a] 115[s] 101[e] 032[ ] 118[v] 105[i] 115[s] 105[i] 116[t] 032[ ] 111[o] 117[u] 114[r] 032[ ] 115[s] 105[i] 116[t] 101[e] 032[ ] 097[a] 116[t] 032[ ] 119[w] 119[w] 119[w] 046[.] 118[v] 098[b] 103[g] 111[o] 114[r] 101[e] 046[.] 099[c] 111[o] 109[m] 055[7] 041[)] 049[1] 081[Q] 117[u] 101[e] 115[s] 116[t] 105[i] 111[o] 110[n] 115[s] 044[,] 032[ ] 099[c] 111[o] 100[d] 101[e] 044[,] 032[ ] 104[h] 101[e] 108[l] 112[p] 044[,] 032[ ] 101[e] 116[t] 099[c] 032[ ] 099[c] 097[a] 110[n] 032[ ] 098[b] 101[e] 032[ ] 102[f] 111[o] 117[u] 110[n] 100[d] 032[ ] 116[t] 104[h] 101[e] 114[r] 101[e] 046[.] 032[ ] 058[:] 041[)] 055[7] 041[)] 059[;] 082[R] 101[e] 109[m] 101[e] 109[m] 098[b] 101[e] 114[r] 032[ ] 116[t] 111[o] 032[ ] 103[g] 111[o] 032[ ] 117[u] 110[n] 100[d] 101[e] 114[r] 032[ ] 116[t] 104[h] 101[e] 032[ ] 124[|] 119[w] 097[a] 116[t] 101[e] 114[r] 102[f] 097[a] 108[l] 108[l] 124[|] 032[ ] 116[t] 111[o] 032[ ] 102[f] 105[i] 103[g] 104[h] 116[t] 032[ ] 115[s] 111[o] 109[m] 101[e] 032[ ] 101[e] 110[n] 101[e] 109[m] 105[i] 101[e] 115[s] 033[!] 055[7]
Send ToIndex(1): 079[O] 071[G] 005[ ]
Send ToIndex(1): 093[]] 001[ ] 000[ ] 093[]] 002[ ] 000[ ] 093[]] 003[ ] 000[ ] 093[]] 004[ ] 000[ ] 093[]] 005[ ] 000[ ]
Send ToIndex(1): 023[ ] 127[]
Send ToIndex(1): 081[Q] 001[ ] 015[ ] 015[ ]
Send ToAll: 079[O] 072[H] 005[ ] 083[S] 112[p] 111[o] 100[d] 105[i]
Send Buffer: 017[ ] 002[ ] 000[ ] 001[ ] 000[ ] 003[ ] 007[ ] 000[ ] 015[ ] 015[ ] 000[ ] 005[ ] 083[S] 112[p] 111[o] 100[d] 105[i] 001[ ] 000[ ] 001[ ] 000[ ] 001[ ] 000[ ] 255[ÿ] 255[ÿ] 000[ ] 000[ ] 000[ ] 000[ ] 000[ ] 000[ ] 000[ ] 000[ ] 000[ ] 000[ ] 000[ ] 000[ ] 000[ ] 000[ ] 000[ ] 000[ ] 000[ ] 000[ ] 000[ ] 000[ ] 000[ ] 041[)] 032[ ] 087[W] 101[e] 108[l] 099[c] 111[o] 109[m] 101[e] 032[ ] 116[t] 111[o] 032[ ] 118[v] 098[b] 071[G] 079[O] 082[R] 069[E] 032[ ] 086[V] 101[e] 114[r] 115[s] 105[i] 111[o] 110[n] 032[ ] 048[0] 046[.] 051[3] 046[.] 051[3] 033[!] 055[7] 041[)] 029[ ] 070[F] 111[o] 114[r] 032[ ] 104[h] 101[e] 108[l] 112[p] 044[,] 032[ ] 112[p] 108[l] 101[e] 097[a] 115[s] 101[e] 032[ ] 116[t] 121[y] 112[p] 101[e] 032[ ] 124[|] 047[/] 104[h] 101[e] 108[l] 112[p] 124[|] 055[7] 041[)] 043[+] 124[|] 067[C] 116[t] 114[r] 108[l] 043[+] 087[W] 124[|] 032[ ] 102[f] 111[o] 114[r] 032[ ] 105[i] 110[n] 118[v] 101[e] 110[n] 116[t] 111[o] 114[r] 121[y] 044[,] 032[ ] 124[|] 067[C] 116[t] 114[r] 108[l] 043[+] 083[S] 124[|] 032[ ] 102[f] 111[o] 114[r] 032[ ] 115[s] 116[t] 097[a] 116[t] 115[s] 046[.] 055[7] 041[)] 039['] 080[P] 108[l] 101[e] 097[a] 115[s] 101[e] 032[ ] 118[v] 105[i] 115[s] 105[i] 116[t] 032[ ] 111[o] 117[u] 114[r] 032[ ] 115[s] 105[i] 116[t] 101[e] 032[ ] 097[a] 116[t] 032[ ] 119[w] 119[w] 119[w] 046[.] 118[v] 098[b] 103[g] 111[o] 114[r] 101[e] 046[.] 099[c] 111[o] 109[m] 055[7] 041[)] 049[1] 081[Q] 117[u] 101[e] 115[s] 116[t] 105[i] 111[o] 110[n] 115[s] 044[,] 032[ ] 099[c] 111[o] 100[d] 101[e] 044[,] 032[ ] 104[h] 101[e] 108[l] 112[p] 044[,] 032[ ] 101[e] 116[t] 099[c] 032[ ] 099[c] 097[a] 110[n] 032[ ] 098[b] 101[e] 032[ ] 102[f] 111[o] 117[u] 110[n] 100[d] 032[ ] 116[t] 104[h] 101[e] 114[r] 101[e] 046[.] 032[ ] 058[:] 041[)] 055[7] 041[)] 059[;] 082[R] 101[e] 109[m] 101[e] 109[m] 098[b] 101[e] 114[r] 032[ ] 116[t] 111[o] 032[ ] 103[g] 111[o] 032[ ] 117[u] 110[n] 100[d] 101[e] 114[r] 032[ ] 116[t] 104[h] 101[e] 032[ ] 124[|] 119[w] 097[a] 116[t] 101[e] 114[r] 102[f] 097[a] 108[l] 108[l] 124[|] 032[ ] 116[t] 111[o] 032[ ] 102[f] 105[i] 103[g] 104[h] 116[t] 032[ ] 115[s] 111[o] 109[m] 101[e] 032[ ] 101[e] 110[n] 101[e] 109[m] 105[i] 101[e] 115[s] 033[!] 055[7] 079[O] 071[G] 005[ ] 093[]] 001[ ] 000[ ] 093[]] 002[ ] 000[ ] 093[]] 003[ ] 000[ ] 093[]] 004[ ] 000[ ] 093[]] 005[ ] 000[ ] 023[ ] 127[] 081[Q] 001[ ] 015[ ] 015[ ] 079[O] 072[H] 005[ ] 083[S] 112[p] 111[o] 100[d] 105[i]
Send ToNPCMove(1): 019[ ] 001[ ] 000[ ] 034["] 013[ ] 006[ ]
Send ToNPCMove(5): 019[ ] 005[ ] 000[ ] 039['] 036[$] 008[ ]
Send Buffer: 019[ ] 001[ ] 000[ ] 034["] 013[ ] 006[ ] 019[ ] 005[ ] 000[ ] 039['] 036[$] 008[ ]
Send ToNPCMove(3): 019[ ] 003[ ] 000[ ] 040[(] 023[ ] 007[ ]
Send ToMap(0): 082[R] 007[ ] 000[ ] 005[ ]
Send ToIndex(1): 052[4] 001[ ] 050[2] 000[ ] 000[ ] 000[ ] 052[4] 002[ ] 050[2] 000[ ] 000[ ] 000[ ] 052[4] 003[ ] 050[2] 000[ ] 000[ ] 000[ ] 052[4] 004[ ] 100[d] 000[ ] 000[ ] 000[ ] 052[4] 005[ ] 000[ ] 000[ ] 000[ ] 000[ ] 052[4] 006[ ] 000[ ] 000[ ] 000[ ] 000[ ] 052[4] 007[ ] 010[ ] 000[ ] 000[ ] 000[ ] 052[4] 008[ ] 001[ ] 000[ ] 000[ ] 000[ ] 052[4] 009[ ] 001[ ] 000[ ] 000[ ] 000[ ] 053[5] 009[ ] 006[ ] 000[ ] 000[ ] 000[ ] 052[4] 010[ ] 050[2] 000[ ] 000[ ] 000[ ] 053[5] 010[ ] 070[F] 000[ ] 000[ ] 000[ ] 052[4] 011[ ] 050[2] 000[ ] 000[ ] 000[ ] 053[5] 011[ ] 060[<] 000[ ] 000[ ] 000[ ] 052[4] 012[ ] 050[2] 000[ ] 000[ ] 000[ ] 053[5] 012[ ] 060[<] 000[ ] 000[ ] 000[ ] 052[4] 013[ ] 001[ ] 000[ ] 000[ ] 000[ ] 053[5] 013[ ] 004[ ] 000[ ] 000[ ] 000[ ] 052[4] 014[ ] 001[ ] 000[ ] 000[ ] 000[ ] 053[5] 014[ ] 005[ ] 000[ ] 000[ ] 000[ ] 052[4] 015[ ] 000[ ] 000[ ] 000[ ] 000[ ] 053[5] 015[ ] 000[ ] 000[ ] 000[ ] 000[ ] 052[4] 016[ ] 001[ ] 000[ ] 000[ ] 000[ ] 053[5] 016[ ] 002[ ] 000[ ] 000[ ] 000[ ] 052[4] 017[ ] 001[ ] 000[ ] 000[ ] 000[ ] 053[5] 017[ ] 002[ ] 000[ ] 000[ ] 000[ ] 052[4] 018[ ] 001[ ] 000[ ] 000[ ] 000[ ] 053[5] 018[ ] 002[ ] 000[ ] 000[ ] 000[ ] 052[4] 019[ ] 005[ ] 000[ ] 000[ ] 000[ ] 053[5] 019[ ] 005[ ] 000[ ] 000[ ] 000[ ]
Send ToMap(1): 012[ ] 071[G] 007[ ] 000[ ]
Send ToMap(1): 045[-] 083[S] 007[ ] 000[ ]
Send ToMap(1): 082[R] 007[ ] 000[ ] 005[ ] 000[ ] 000[ ] 000[ ]
Send Buffer: 019[ ] 003[ ] 000[ ] 040[(] 023[ ] 007[ ] 052[4] 001[ ] 050[2] 000[ ] 000[ ] 000[ ] 052[4] 002[ ] 050[2] 000[ ] 000[ ] 000[ ] 052[4] 003[ ] 050[2] 000[ ] 000[ ] 000[ ] 052[4] 004[ ] 100[d] 000[ ] 000[ ] 000[ ] 052[4] 005[ ] 000[ ] 000[ ] 000[ ] 000[ ] 052[4] 006[ ] 000[ ] 000[ ] 000[ ] 000[ ] 052[4] 007[ ] 010[ ] 000[ ] 000[ ] 000[ ] 052[4] 008[ ] 001[ ] 000[ ] 000[ ] 000[ ] 052[4] 009[ ] 001[ ] 000[ ] 000[ ] 000[ ] 053[5] 009[ ] 006[ ] 000[ ] 000[ ] 000[ ] 052[4] 010[ ] 050[2] 000[ ] 000[ ] 000[ ] 053[5] 010[ ] 070[F] 000[ ] 000[ ] 000[ ] 052[4] 011[ ] 050[2] 000[ ] 000[ ] 000[ ] 053[5] 011[ ] 060[<] 000[ ] 000[ ] 000[ ] 052[4] 012[ ] 050[2] 000[ ] 000[ ] 000[ ] 053[5] 012[ ] 060[<] 000[ ] 000[ ] 000[ ] 052[4] 013[ ] 001[ ] 000[ ] 000[ ] 000[ ] 053[5] 013[ ] 004[ ] 000[ ] 000[ ] 000[ ] 052[4] 014[ ] 001[ ] 000[ ] 000[ ] 000[ ] 053[5] 014[ ] 005[ ] 000[ ] 000[ ] 000[ ] 052[4] 015[ ] 000[ ] 000[ ] 000[ ] 000[ ] 053[5] 015[ ] 000[ ] 000[ ] 000[ ] 000[ ] 052[4] 016[ ] 001[ ] 000[ ] 000[ ] 000[ ] 053[5] 016[ ] 002[ ] 000[ ] 000[ ] 000[ ] 052[4] 017[ ] 001[ ] 000[ ] 000[ ] 000[ ] 053[5] 017[ ] 002[ ] 000[ ] 000[ ] 000[ ] 052[4] 018[ ] 001[ ] 000[ ] 000[ ] 000[ ] 053[5] 018[ ] 002[ ] 000[ ] 000[ ] 000[ ] 052[4] 019[ ] 005[ ] 000[ ] 000[ ] 000[ ] 053[5] 019[ ] 005[ ] 000[ ] 000[ ] 000[ ] 012[ ] 071[G] 007[ ] 000[ ] 045[-] 083[S] 007[ ] 000[ ] 082[R] 007[ ] 000[ ] 005[ ] 000[ ] 000[ ] 000[ ]
Send ToNPCMove(6): 019[ ] 006[ ] 000[ ] 062[>] 022[ ] 002[ ]
Send Buffer: 019[ ] 006[ ] 000[ ] 062[>] 022[ ] 002[ ]
Send ToIndex(1): 015[ ] 013[ ] 075[K] 097[a] 108[l] 109[m] 101[e] 114[r] 032[ ] 073[I] 115[s] 108[l] 097[a] 110[n] 100[d] 002[ ] 001[ ] 014[ ]
Send ToIndex(1): 017[ ] 002[ ] 000[ ] 001[ ] 000[ ] 003[ ] 007[ ] 000[ ] 015[ ] 015[ ] 005[ ] 005[ ] 083[S] 112[p] 111[o] 100[d] 105[i] 001[ ] 000[ ] 001[ ] 000[ ] 001[ ] 000[ ] 071[G] 083[S] 000[ ] 000[ ] 000[ ] 000[ ] 000[ ] 000[ ] 000[ ] 000[ ] 000[ ] 000[ ] 000[ ] 000[ ] 000[ ] 000[ ] 000[ ] 000[ ] 000[ ] 000[ ] 000[ ] 000[ ] 000[ ]
Send ToIndex(1): 017[ ] 001[ ] 000[ ] 001[ ] 000[ ] 006[ ] 001[ ] 000[ ] 034["] 013[ ] 000[ ] 009[ ] 067[C] 114[r] 097[a] 122[z] 121[y] 032[ ] 109[m] 097[a] 110[n] 000[ ] 000[ ] 001[ ] 000[ ] 000[ ] 000[ ] 100[d] 100[d] 001[ ]
Send ToIndex(1): 017[ ] 001[ ] 000[ ] 001[ ] 000[ ] 002[ ] 006[ ] 000[ ] 062[>] 022[ ] 000[ ] 009[ ] 067[C] 114[r] 097[a] 122[z] 121[y] 032[ ] 109[m] 097[a] 110[n] 000[ ] 000[ ] 001[ ] 000[ ] 000[ ] 000[ ] 100[d] 100[d] 001[ ]
Send ToIndex(1): 017[ ] 001[ ] 000[ ] 001[ ] 000[ ] 007[ ] 003[ ] 000[ ] 040[(] 023[ ] 000[ ] 009[ ] 067[C] 114[r] 097[a] 122[z] 121[y] 032[ ] 109[m] 097[a] 110[n] 000[ ] 000[ ] 001[ ] 000[ ] 000[ ] 000[ ] 100[d] 100[d] 001[ ]
Send ToIndex(1): 017[ ] 001[ ] 000[ ] 000[ ] 000[ ] 003[ ] 002[ ] 000[ ] 039['] 035[#] 003[ ] 012[ ] 072[H] 101[e] 097[a] 100[d] 108[l] 101[e] 115[s] 115[s] 032[ ] 077[M] 097[a] 110[n] 000[ ] 000[ ] 001[ ] 000[ ] 001[ ] 000[ ] 100[d] 100[d] 003[ ]
Send ToIndex(1): 017[ ] 001[ ] 000[ ] 001[ ] 000[ ] 003[ ] 004[ ] 000[ ] 044[,] 035[#] 000[ ] 006[ ] 066[B] 097[a] 110[n] 107[k] 101[e] 114[r] 000[ ] 000[ ] 001[ ] 000[ ] 001[ ] 000[ ] 100[d] 100[d] 000[ ]
Send ToIndex(1): 017[ ] 001[ ] 000[ ] 001[ ] 000[ ] 008[ ] 005[ ] 000[ ] 039['] 036[$] 000[ ] 009[ ] 067[C] 114[r] 097[a] 122[z] 121[y] 032[ ] 109[m] 097[a] 110[n] 000[ ] 000[ ] 001[ ] 000[ ] 000[ ] 000[ ] 100[d] 100[d] 001[ ]
Send ToIndex(1): 005[ ] 007[ ] 000[ ]
Send ToIndex(1): 017[ ] 001[ ] 000[ ] 001[ ] 000[ ] 006[ ] 001[ ] 000[ ] 034["] 013[ ] 000[ ] 009[ ] 067[C] 114[r] 097[a] 122[z] 121[y] 032[ ] 109[m] 097[a] 110[n] 000[ ] 000[ ] 001[ ] 000[ ] 000[ ] 000[ ] 100[d] 100[d] 001[ ]
Send ToIndex(1): 017[ ] 001[ ] 000[ ] 001[ ] 000[ ] 008[ ] 005[ ] 000[ ] 039['] 036[$] 000[ ] 009[ ] 067[C] 114[r] 097[a] 122[z] 121[y] 032[ ] 109[m] 097[a] 110[n] 000[ ] 000[ ] 001[ ] 000[ ] 000[ ] 000[ ] 100[d] 100[d] 001[ ]
Send ToIndex(1): 017[ ] 001[ ] 000[ ] 001[ ] 000[ ] 007[ ] 003[ ] 000[ ] 040[(] 023[ ] 000[ ] 009[ ] 067[C] 114[r] 097[a] 122[z] 121[y] 032[ ] 109[m] 097[a] 110[n] 000[ ] 000[ ] 001[ ] 000[ ] 000[ ] 000[ ] 100[d] 100[d] 001[ ]
Send ToIndex(1): 017[ ] 001[ ] 000[ ] 001[ ] 000[ ] 002[ ] 006[ ] 000[ ] 062[>] 022[ ] 000[ ] 009[ ] 067[C] 114[r] 097[a] 122[z] 121[y] 032[ ] 109[m] 097[a] 110[n] 000[ ] 000[ ] 001[ ] 000[ ] 000[ ] 000[ ] 100[d] 100[d] 001[ ]
Send Buffer: 015[ ] 013[ ] 075[K] 097[a] 108[l] 109[m] 101[e] 114[r] 032[ ] 073[I] 115[s] 108[l] 097[a] 110[n] 100[d] 002[ ] 001[ ] 014[ ] 017[ ] 002[ ] 000[ ] 001[ ] 000[ ] 003[ ] 007[ ] 000[ ] 015[ ] 015[ ] 005[ ] 005[ ] 083[S] 112[p] 111[o] 100[d] 105[i] 001[ ] 000[ ] 001[ ] 000[ ] 001[ ] 000[ ] 071[G] 083[S] 000[ ] 000[ ] 000[ ] 000[ ] 000[ ] 000[ ] 000[ ] 000[ ] 000[ ] 000[ ] 000[ ] 000[ ] 000[ ] 000[ ] 000[ ] 000[ ] 000[ ] 000[ ] 000[ ] 000[ ] 000[ ] 017[ ] 001[ ] 000[ ] 001[ ] 000[ ] 006[ ] 001[ ] 000[ ] 034["] 013[ ] 000[ ] 009[ ] 067[C] 114[r] 097[a] 122[z] 121[y] 032[ ] 109[m] 097[a] 110[n] 000[ ] 000[ ] 001[ ] 000[ ] 000[ ] 000[ ] 100[d] 100[d] 001[ ] 017[ ] 001[ ] 000[ ] 001[ ] 000[ ] 002[ ] 006[ ] 000[ ] 062[>] 022[ ] 000[ ] 009[ ] 067[C] 114[r] 097[a] 122[z] 121[y] 032[ ] 109[m] 097[a] 110[n] 000[ ] 000[ ] 001[ ] 000[ ] 000[ ] 000[ ] 100[d] 100[d] 001[ ] 017[ ] 001[ ] 000[ ] 001[ ] 000[ ] 007[ ] 003[ ] 000[ ] 040[(] 023[ ] 000[ ] 009[ ] 067[C] 114[r] 097[a] 122[z] 121[y] 032[ ] 109[m] 097[a] 110[n] 000[ ] 000[ ] 001[ ] 000[ ] 000[ ] 000[ ] 100[d] 100[d] 001[ ] 017[ ] 001[ ] 000[ ] 000[ ] 000[ ] 003[ ] 002[ ] 000[ ] 039['] 035[#] 003[ ] 012[ ] 072[H] 101[e] 097[a] 100[d] 108[l] 101[e] 115[s] 115[s] 032[ ] 077[M] 097[a] 110[n] 000[ ] 000[ ] 001[ ] 000[ ] 001[ ] 000[ ] 100[d] 100[d] 003[ ] 017[ ] 001[ ] 000[ ] 001[ ] 000[ ] 003[ ] 004[ ] 000[ ] 044[,] 035[#] 000[ ] 006[ ] 066[B] 097[a] 110[n] 107[k] 101[e] 114[r] 000[ ] 000[ ] 001[ ] 000[ ] 001[ ] 000[ ] 100[d] 100[d] 000[ ] 017[ ] 001[ ] 000[ ] 001[ ] 000[ ] 008[ ] 005[ ] 000[ ] 039['] 036[$] 000[ ] 009[ ] 067[C] 114[r] 097[a] 122[z] 121[y] 032[ ] 109[m] 097[a] 110[n] 000[ ] 000[ ] 001[ ] 000[ ] 000[ ] 000[ ] 100[d] 100[d] 001[ ] 005[ ] 007[ ] 000[ ] 017[ ] 001[ ] 000[ ] 001[ ] 000[ ] 006[ ] 001[ ] 000[ ] 034["] 013[ ] 000[ ] 009[ ] 067[C] 114[r] 097[a] 122[z] 121[y] 032[ ] 109[m] 097[a] 110[n] 000[ ] 000[ ] 001[ ] 000[ ] 000[ ] 000[ ] 100[d] 100[d] 001[ ] 017[ ] 001[ ] 000[ ] 001[ ] 000[ ] 008[ ] 005[ ] 000[ ] 039['] 036[$] 000[ ] 009[ ] 067[C] 114[r] 097[a] 122[z] 121[y] 032[ ] 109[m] 097[a] 110[n] 000[ ] 000[ ] 001[ ] 000[ ] 000[ ] 000[ ] 100[d] 100[d] 001[ ] 017[ ] 001[ ] 000[ ] 001[ ] 000[ ] 007[ ] 003[ ] 000[ ] 040[(] 023[ ] 000[ ] 009[ ] 067[C] 114[r] 097[a] 122[z] 121[y] 032[ ] 109[m] 097[a] 110[n] 000[ ] 000[ ] 001[ ] 000[ ] 000[ ] 000[ ] 100[d] 100[d] 001[ ] 017[ ] 001[ ] 000[ ] 001[ ] 000[ ] 002[ ] 006[ ] 000[ ] 062[>] 022[ ] 000[ ] 009[ ] 067[C] 114[r] 097[a] 122[z] 121[y] 032[ ] 109[m] 097[a] 110[n] 000[ ] 000[ ] 001[ ] 000[ ] 000[ ] 000[ ] 100[d] 100[d] 001[ ]
Send ToNPCMove(1): 019[ ] 001[ ] 000[ ] 034["] 012[ ] 001[ ]
Send ToNPCMove(5): 019[ ] 005[ ] 000[ ] 040[(] 036[$] 002[ ]
Send Buffer: 019[ ] 001[ ] 000[ ] 034["] 012[ ] 001[ ] 019[ ] 005[ ] 000[ ] 040[(] 036[$] 002[ ]
Send ToNPCMove(3): 019[ ] 003[ ] 000[ ] 041[)] 022[ ] 005[ ]
Send Buffer: 019[ ] 003[ ] 000[ ] 041[)] 022[ ] 005[ ]
Send ToIndex(1): 052[4] 001[ ] 052[4] 000[ ] 000[ ] 000[ ] 052[4] 002[ ] 052[4] 000[ ] 000[ ] 000[ ] 052[4] 003[ ] 052[4] 000[ ] 000[ ] 000[ ]
Send ToMap(1): 012[ ] 074[J] 007[ ] 000[ ]
Send ToMap(1): 045[-] 087[W] 007[ ] 000[ ]
Send Buffer: 052[4] 001[ ] 052[4] 000[ ] 000[ ] 000[ ] 052[4] 002[ ] 052[4] 000[ ] 000[ ] 000[ ] 052[4] 003[ ] 052[4] 000[ ] 000[ ] 000[ ] 012[ ] 074[J] 007[ ] 000[ ] 045[-] 087[W] 007[ ] 000[ ]
Send ToNPCMove(5): 019[ ] 005[ ] 000[ ] 041[)] 036[$] 002[ ]
Send Buffer: 019[ ] 005[ ] 000[ ] 041[)] 036[$] 002[ ]
Send ToIndex(1): 060[<]
Send Buffer: 060[<]
Send ToIndex(1): 060[<]
Send Buffer: 060[<]
Send ToNPCMove(3): 019[ ] 003[ ] 000[ ] 042[*] 023[ ] 006[ ]
Send Buffer: 019[ ] 003[ ] 000[ ] 042[*] 023[ ] 006[ ]
Send ToIndex(1): 060[<]
Send Buffer: 060[<]
Send ToNPCMove(6): 019[ ] 006[ ] 000[ ] 061[=] 023[ ] 007[ ]
Send Buffer: 019[ ] 006[ ] 000[ ] 061[=] 023[ ] 007[ ]
Send ToNPCMove(3): 019[ ] 003[ ] 000[ ] 042[*] 024[ ] 003[ ]
Send Buffer: 019[ ] 003[ ] 000[ ] 042[*] 024[ ] 003[ ]
Send ToNPCMove(1): 019[ ] 001[ ] 000[ ] 035[#] 011[ ] 005[ ]
Send Buffer: 019[ ] 001[ ] 000[ ] 035[#] 011[ ] 005[ ]
Send ToIndex(1): 060[<]
Send Buffer: 060[<]
Send ToNPCMove(5): 019[ ] 005[ ] 000[ ] 040[(] 035[#] 008[ ]
Send Buffer: 019[ ] 005[ ] 000[ ] 040[(] 035[#] 008[ ]
Send ToNPCMove(6): 019[ ] 006[ ] 000[ ] 060[<] 023[ ] 004[ ]
Send Buffer: 019[ ] 006[ ] 000[ ] 060[<] 023[ ] 004[ ]
Send ToIndex(1): 052[4] 001[ ] 054[6] 000[ ] 000[ ] 000[ ] 052[4] 002[ ] 054[6] 000[ ] 000[ ] 000[ ] 052[4] 003[ ] 054[6] 000[ ] 000[ ] 000[ ]
Send ToMap(1): 012[ ] 077[M] 007[ ] 000[ ]
Send ToMap(1): 045[-] 090[Z] 007[ ] 000[ ]
Send Buffer: 052[4] 001[ ] 054[6] 000[ ] 000[ ] 000[ ] 052[4] 002[ ] 054[6] 000[ ] 000[ ] 000[ ] 052[4] 003[ ] 054[6] 000[ ] 000[ ] 000[ ] 012[ ] 077[M] 007[ ] 000[ ] 045[-] 090[Z] 007[ ] 000[ ]
Send ToIndex(1): 060[<]
Send Buffer: 060[<]
Send ToNPCMove(3): 019[ ] 003[ ] 000[ ] 041[)] 025[ ] 007[ ]
Send Buffer: 019[ ] 003[ ] 000[ ] 041[)] 025[ ] 007[ ]
Send ToNPCMove(5): 019[ ] 005[ ] 000[ ] 041[)] 036[$] 006[ ]
Send Buffer: 019[ ] 005[ ] 000[ ] 041[)] 036[$] 006[ ]
Send ToNPCMove(6): 019[ ] 006[ ] 000[ ] 060[<] 022[ ] 001[ ]
Send Buffer: 019[ ] 006[ ] 000[ ] 060[<] 022[ ] 001[ ]
Send ToNPCMove(1): 019[ ] 001[ ] 000[ ] 035[#] 012[ ] 003[ ]
Send Buffer: 019[ ] 001[ ] 000[ ] 035[#] 012[ ] 003[ ]
Send ToIndex(1): 060[<]
Send Buffer: 060[<]
Send ToNPCMove(5): 019[ ] 005[ ] 000[ ] 042[*] 036[$] 002[ ]
Send Buffer: 019[ ] 005[ ] 000[ ] 042[*] 036[$] 002[ ]
Send ToNPCMove(6): 019[ ] 006[ ] 000[ ] 060[<] 023[ ] 003[ ]
Send Buffer: 019[ ] 006[ ] 000[ ] 060[<] 023[ ] 003[ ]
Send ToNPCMove(1): 019[ ] 001[ ] 000[ ] 034["] 012[ ] 004[ ]
Send Buffer: 019[ ] 001[ ] 000[ ] 034["] 012[ ] 004[ ]
Send ToIndex(1): 060[<]
Send Buffer: 060[<]
Send ToIndex(1): 052[4] 001[ ] 056[8] 000[ ] 000[ ] 000[ ] 052[4] 002[ ] 056[8] 000[ ] 000[ ] 000[ ] 052[4] 003[ ] 056[8] 000[ ] 000[ ] 000[ ]
Send ToMap(1): 012[ ] 080[P] 007[ ] 000[ ]
Send ToMap(1): 045[-] 093[]] 007[ ] 000[ ]
Send Buffer: 052[4] 001[ ] 056[8] 000[ ] 000[ ] 000[ ] 052[4] 002[ ] 056[8] 000[ ] 000[ ] 000[ ] 052[4] 003[ ] 056[8] 000[ ] 000[ ] 000[ ] 012[ ] 080[P] 007[ ] 000[ ] 045[-] 093[]] 007[ ] 000[ ]
Send ToIndex(1): 060[<]
Send Buffer: 060[<]
Send ToNPCMove(1): 019[ ] 001[ ] 000[ ] 035[#] 011[ ] 005[ ]
Send Buffer: 019[ ] 001[ ] 000[ ] 035[#] 011[ ] 005[ ]
Send ToNPCMove(3): 019[ ] 003[ ] 000[ ] 042[*] 026[ ] 006[ ]
Send Buffer: 019[ ] 003[ ] 000[ ] 042[*] 026[ ] 006[ ]
Send ToNPCMove(5): 019[ ] 005[ ] 000[ ] 041[)] 035[#] 008[ ]
Send Buffer: 019[ ] 005[ ] 000[ ] 041[)] 035[#] 008[ ]
Send ToIndex(1): 060[<]
Send Buffer: 060[<]
Send ToUserMove(1): 019[ ] 007[ ] 000[ ] 015[ ] 016[ ] 131[ƒ]
Send ToIndex(1): 052[4] 003[ ] 054[6] 000[ ] 000[ ] 000[ ]
Send Buffer: 052[4] 003[ ] 054[6] 000[ ] 000[ ] 000[ ]
Send ToUserMove(1): 019[ ] 007[ ] 000[ ] 015[ ] 017[ ] 131[ƒ]
Send ToNPCMove(3): 019[ ] 003[ ] 000[ ] 041[)] 026[ ] 004[ ]
Send ToNPCMove(6): 019[ ] 006[ ] 000[ ] 059[;] 022[ ] 008[ ]
Send Buffer: 019[ ] 003[ ] 000[ ] 041[)] 026[ ] 004[ ] 019[ ] 006[ ] 000[ ] 059[;] 022[ ] 008[ ]
Send ToUserMove(1): 019[ ] 007[ ] 000[ ] 015[ ] 018[ ] 131[ƒ]
Send ToIndex(1): 052[4] 003[ ] 050[2] 000[ ] 000[ ] 000[ ]
Send Buffer: 052[4] 003[ ] 050[2] 000[ ] 000[ ] 000[ ]
Send ToUserMove(1): 019[ ] 007[ ] 000[ ] 016[ ] 019[ ] 134[†]
Send ToNPCMove(1): 019[ ] 001[ ] 000[ ] 035[#] 010[ ] 001[ ]
Send Buffer: 019[ ] 001[ ] 000[ ] 035[#] 010[ ] 001[ ]
Send ToIndex(1): 060[<]
Send Buffer: 060[<]
Send ToUserMove(1): 019[ ] 007[ ] 000[ ] 017[ ] 020[ ] 134[†]
Send ToIndex(1): 052[4] 003[ ] 046[.] 000[ ] 000[ ] 000[ ]
Send Buffer: 052[4] 003[ ] 046[.] 000[ ] 000[ ] 000[ ]
Send ToUserMove(1): 019[ ] 007[ ] 000[ ] 018[ ] 021[ ] 134[†]
Send ToUserMove(1): 019[ ] 007[ ] 000[ ] 019[ ] 022[ ] 134[†]
Send ToIndex(1): 052[4] 001[ ] 058[:] 000[ ] 000[ ] 000[ ] 052[4] 002[ ] 058[:] 000[ ] 000[ ] 000[ ] 052[4] 003[ ] 044[,] 000[ ] 000[ ] 000[ ]
Send ToMap(1): 012[ ] 083[S] 007[ ] 000[ ]
Send ToMap(1): 045[-] 097[a] 007[ ] 000[ ]
Send Buffer: 052[4] 001[ ] 058[:] 000[ ] 000[ ] 000[ ] 052[4] 002[ ] 058[:] 000[ ] 000[ ] 000[ ] 052[4] 003[ ] 044[,] 000[ ] 000[ ] 000[ ] 012[ ] 083[S] 007[ ] 000[ ] 045[-] 097[a] 007[ ] 000[ ]
Send ToUserMove(1): 019[ ] 007[ ] 000[ ] 019[ ] 023[ ] 131[ƒ]
Send ToUserMove(1): 019[ ] 007[ ] 000[ ] 019[ ] 024[ ] 131[ƒ]
Send ToIndex(1): 052[4] 003[ ] 040[(] 000[ ] 000[ ] 000[ ]
Send Buffer: 052[4] 003[ ] 040[(] 000[ ] 000[ ] 000[ ]
Send ToIndex(1): 060[<]
Send Buffer: 060[<]
Send ToUserMove(1): 019[ ] 007[ ] 000[ ] 019[ ] 025[ ] 131[ƒ]
Send ToIndex(1): 052[4] 003[ ] 038[&] 000[ ] 000[ ] 000[ ]
Send ToUserMove(1): 019[ ] 007[ ] 000[ ] 019[ ] 026[ ] 131[ƒ]
Send Buffer: 052[4] 003[ ] 038[&] 000[ ] 000[ ] 000[ ]
Send ToUserMove(1): 019[ ] 007[ ] 000[ ] 019[ ] 027[ ] 131[ƒ]
Send ToIndex(1): 052[4] 003[ ] 034["] 000[ ] 000[ ] 000[ ]
Send Buffer: 052[4] 003[ ] 034["] 000[ ] 000[ ] 000[ ]
Send ToUserMove(1): 019[ ] 007[ ] 000[ ] 019[ ] 028[ ] 131[ƒ]
Send ToIndex(1): 060[<]
Send ToUserMove(1): 019[ ] 007[ ] 000[ ] 019[ ] 029[ ] 131[ƒ]
Send Buffer: 060[<]
Send ToIndex(1): 052[4] 003[ ] 030[ ] 000[ ] 000[ ] 000[ ]
Send Buffer: 052[4] 003[ ] 030[ ] 000[ ] 000[ ] 000[ ]
Send ToUserMove(1): 019[ ] 007[ ] 000[ ] 020[ ] 030[ ] 134[†]
Send ToUserMove(1): 019[ ] 007[ ] 000[ ] 021[ ] 031[ ] 134[†]
Send ToIndex(1): 052[4] 003[ ] 026[ ] 000[ ] 000[ ] 000[ ]
Send Buffer: 052[4] 003[ ] 026[ ] 000[ ] 000[ ] 000[ ]
Send ToUserMove(1): 019[ ] 007[ ] 000[ ] 022[ ] 032[ ] 134[†]
Send ToUserMove(1): 019[ ] 007[ ] 000[ ] 023[ ] 032[ ] 130[‚]
Send ToIndex(1): 052[4] 003[ ] 022[ ] 000[ ] 000[ ] 000[ ]
Send Buffer: 052[4] 003[ ] 022[ ] 000[ ] 000[ ] 000[ ]
Send ToIndex(1): 060[<]
Send Buffer: 060[<]
Send ToNPCMove(5): 019[ ] 005[ ] 000[ ] 042[*] 034["] 005[ ]
Send ToUserMove(1): 019[ ] 007[ ] 000[ ] 024[ ] 032[ ] 130[‚]
Send Buffer: 019[ ] 005[ ] 000[ ] 042[*] 034["] 005[ ]
Send ToUserMove(1): 019[ ] 007[ ] 000[ ] 025[ ] 032[ ] 130[‚]
Send ToIndex(1): 052[4] 003[ ] 018[ ] 000[ ] 000[ ] 000[ ]
Send Buffer: 052[4] 003[ ] 018[ ] 000[ ] 000[ ] 000[ ]
Send ToUserMove(1): 019[ ] 007[ ] 000[ ] 026[ ] 032[ ] 130[‚]
Send ToNPCMove(6): 019[ ] 006[ ] 000[ ] 060[<] 021[ ] 005[ ]
Send ToUserMove(1): 019[ ] 007[ ] 000[ ] 027[ ] 032[ ] 130[‚]
Send ToIndex(1): 052[4] 001[ ] 060[<] 000[ ] 000[ ] 000[ ] 052[4] 002[ ] 060[<] 000[ ] 000[ ] 000[ ] 052[4] 003[ ] 016[ ] 000[ ] 000[ ] 000[ ]
Send ToMap(1): 012[ ] 086[V] 007[ ] 000[ ]
Send ToMap(1): 045[-] 100[d] 007[ ] 000[ ]
Send Buffer: 019[ ] 006[ ] 000[ ] 060[<] 021[ ] 005[ ] 052[4] 001[ ] 060[<] 000[ ] 000[ ] 000[ ] 052[4] 002[ ] 060[<] 000[ ] 000[ ] 000[ ] 052[4] 003[ ] 016[ ] 000[ ] 000[ ] 000[ ] 012[ ] 086[V] 007[ ] 000[ ] 045[-] 100[d] 007[ ] 000[ ]
Send ToUserMove(1): 019[ ] 007[ ] 000[ ] 028[ ] 032[ ] 130[‚]
Send ToIndex(1): 060[<]
Send Buffer: 060[<]
Send ToIndex(1): 052[4] 003[ ] 014[ ] 000[ ] 000[ ] 000[ ]
Send ToUserMove(1): 019[ ] 007[ ] 000[ ] 029[ ] 033[!] 134[†]
Send Buffer: 052[4] 003[ ] 014[ ] 000[ ] 000[ ] 000[ ]
Send ToUserMove(1): 019[ ] 007[ ] 000[ ] 029[ ] 034["] 131[ƒ]
Send ToIndex(1): 052[4] 003[ ] 010[ ] 000[ ] 000[ ] 000[ ]
Send Buffer: 052[4] 003[ ] 010[ ] 000[ ] 000[ ] 000[ ]
Send ToNPCMove(3): 019[ ] 003[ ] 000[ ] 042[*] 027[ ] 006[ ]
Send Buffer: 019[ ] 003[ ] 000[ ] 042[*] 027[ ] 006[ ]
Send ToIndex(1): 060[<]
Send Buffer: 060[<]
Send ToNPCMove(5): 019[ ] 005[ ] 000[ ] 041[)] 035[#] 007[ ]
Send Buffer: 019[ ] 005[ ] 000[ ] 041[)] 035[#] 007[ ]
Send ToNPCMove(6): 019[ ] 006[ ] 000[ ] 059[;] 020[ ] 008[ ]
Send Buffer: 019[ ] 006[ ] 000[ ] 059[;] 020[ ] 008[ ]
Send ToIndex(1): 060[<]
Send Buffer: 060[<]
Send ToIndex(1): 079[O] 030[ ] 012[ ] 072[H] 101[e] 097[a] 100[d] 108[l] 101[e] 115[s] 115[s] 032[ ] 077[M] 097[a] 110[n] 033[!] 084[T] 104[h] 105[i] 115[s] 032[ ] 109[m] 097[a] 110[n] 032[ ] 115[s] 101[e] 101[e] 109[m] 115[s] 032[ ] 116[t] 111[o] 032[ ] 119[w] 097[a] 110[n] 116[t] 032[ ] 121[y] 111[o] 117[u] 114[r] 032[ ] 104[h] 101[e] 108[l] 112[p] 033[!]
Send ToNPCArea(2): 041[)] 034["] 072[H] 101[e] 097[a] 100[d] 108[l] 101[e] 115[s] 115[s] 032[ ] 077[M] 097[a] 110[n] 058[:] 032[ ] 072[H] 101[e] 108[l] 112[p] 032[ ] 109[m] 101[e] 032[ ] 103[g] 101[e] 116[t] 032[ ] 114[r] 101[e] 118[v] 101[e] 110[n] 103[g] 101[e] 033[!] 185[¹] 002[ ] 000[ ]
Send ToIndex(1): 079[O] 008[ ]
Send Buffer: 079[O] 030[ ] 012[ ] 072[H] 101[e] 097[a] 100[d] 108[l] 101[e] 115[s] 115[s] 032[ ] 077[M] 097[a] 110[n] 033[!] 084[T] 104[h] 105[i] 115[s] 032[ ] 109[m] 097[a] 110[n] 032[ ] 115[s] 101[e] 101[e] 109[m] 115[s] 032[ ] 116[t] 111[o] 032[ ] 119[w] 097[a] 110[n] 116[t] 032[ ] 121[y] 111[o] 117[u] 114[r] 032[ ] 104[h] 101[e] 108[l] 112[p] 033[!] 041[)] 034["] 072[H] 101[e] 097[a] 100[d] 108[l] 101[e] 115[s] 115[s] 032[ ] 077[M] 097[a] 110[n] 058[:] 032[ ] 072[H] 101[e] 108[l] 112[p] 032[ ] 109[m] 101[e] 032[ ] 103[g] 101[e] 116[t] 032[ ] 114[r] 101[e] 118[v] 101[e] 110[n] 103[g] 101[e] 033[!] 185[¹] 002[ ] 000[ ] 079[O] 008[ ]
Send ToNPCMove(5): 019[ ] 005[ ] 000[ ] 041[)] 034["] 001[ ]
Send Buffer: 019[ ] 005[ ] 000[ ] 041[)] 034["] 001[ ]
Send ToIndex(1): 052[4] 001[ ] 062[>] 000[ ] 000[ ] 000[ ] 052[4] 003[ ] 012[ ] 000[ ] 000[ ] 000[ ]
Send ToMap(1): 012[ ] 089[Y] 007[ ] 000[ ]
Send Buffer: 052[4] 001[ ] 062[>] 000[ ] 000[ ] 000[ ] 052[4] 003[ ] 012[ ] 000[ ] 000[ ] 000[ ] 012[ ] 089[Y] 007[ ] 000[ ]
Send ToIndex(1): 060[<]
Send Buffer: 060[<]
Send ToNPCMove(6): 019[ ] 006[ ] 000[ ] 058[:] 020[ ] 004[ ]
Send Buffer: 019[ ] 006[ ] 000[ ] 058[:] 020[ ] 004[ ]
Send ToIndex(1): 060[<]
Send ToIndex(1): 079[O] 009[ ] 003[ ] 000[ ] 006[ ] 066[B] 097[a] 110[n] 100[d] 105[i] 116[t] 002[ ] 000[ ]
Send ToIndex(1): 079[O] 035[#] 003[ ]
Send ToIndex(1): 079[O] 003[ ] 050[2] 000[ ] 000[ ] 000[ ]
Send ToIndex(1): 079[O] 004[ ] 045[-] 000[ ] 000[ ] 000[ ]
Send ToIndex(1): 093[]] 001[ ] 012[ ] 075[K] 105[i] 108[l] 108[l] 032[ ] 066[B] 097[a] 110[n] 100[d] 105[i] 116[t] 115[s] 136[ˆ] 001[ ] 084[T] 104[h] 101[e] 032[ ] 072[H] 101[e] 097[a] 100[d] 108[l] 101[e] 115[s] 115[s] 032[ ] 077[M] 097[a] 110[n] 032[ ] 104[h] 097[a] 115[s] 032[ ] 116[t] 111[o] 108[l] 100[d] 032[ ] 121[y] 111[o] 117[u] 032[ ] 097[a] 098[b] 111[o] 117[u] 116[t] 032[ ] 115[s] 111[o] 109[m] 101[e] 032[ ] 100[d] 097[a] 110[n] 103[g] 101[e] 114[r] 111[o] 117[u] 115[s] 032[ ] 098[b] 097[a] 110[n] 100[d] 105[i] 116[t] 115[s] 032[ ] 116[t] 104[h] 097[a] 116[t] 032[ ] 104[h] 097[a] 118[v] 101[e] 032[ ] 110[n] 101[e] 115[s] 116[t] 101[e] 100[d] 032[ ] 105[i] 110[n] 032[ ] 116[t] 104[h] 101[e] 032[ ] 099[c] 097[a] 118[v] 101[e] 032[ ] 117[u] 110[n] 100[d] 101[e] 114[r] 032[ ] 116[t] 104[h] 101[e] 032[ ] 124[|] 119[w] 097[a] 116[t] 101[e] 114[r] 102[f] 097[a] 108[l] 108[l] 124[|] 032[ ] 105[i] 110[n] 032[ ] 116[t] 104[h] 101[e] 032[ ] 119[w] 101[e] 115[s] 116[t] 032[ ] 115[s] 105[i] 100[d] 101[e] 032[ ] 111[o] 102[f] 032[ ] 116[t] 104[h] 101[e] 032[ ] 105[i] 115[s] 108[l] 097[a] 110[n] 100[d] 044[,] 032[ ] 111[o] 117[u] 116[t] 115[s] 105[i] 100[d] 101[e] 032[ ] 111[o] 102[f] 032[ ] 116[t] 111[o] 119[w] 110[n] 046[.] 032[ ] 084[T] 104[h] 101[e] 121[y] 032[ ] 104[h] 097[a] 118[v] 101[e] 032[ ] 098[b] 101[e] 101[e] 110[n] 032[ ] 115[s] 116[t] 101[e] 097[a] 108[l] 105[i] 110[n] 103[g] 032[ ] 106[j] 117[u] 110[n] 107[k] 032[ ] 102[f] 114[r] 111[o] 109[m] 032[ ] 116[t] 104[h] 101[e] 032[ ] 111[o] 110[n] 108[l] 121[y] 032[ ] 116[t] 119[w] 111[o] 032[ ] 104[h] 111[o] 117[u] 115[s] 101[e] 115[s] 032[ ] 111[o] 110[n] 032[ ] 116[t] 104[h] 105[i] 115[s] 032[ ] 112[p] 097[a] 116[t] 104[h] 101[e] 116[t] 105[i] 099[c] 032[ ] 105[i] 115[s] 108[l] 097[a] 110[n] 100[d] 044[,] 032[ ] 097[a] 110[n] 100[d] 032[ ] 105[i] 116[t] 032[ ] 105[i] 115[s] 032[ ] 105[i] 109[m] 112[p] 111[o] 114[r] 116[t] 097[a] 110[n] 116[t] 032[ ] 116[t] 104[h] 097[a] 116[t] 032[ ] 119[w] 101[e] 032[ ] 103[g] 101[e] 116[t] 032[ ] 105[i] 116[t] 032[ ] 098[b] 097[a] 099[c] 107[k] 044[,] 032[ ] 115[s] 105[i] 110[n] 099[c] 101[e] 032[ ] 119[w] 105[i] 116[t] 104[h] 111[o] 117[u] 116[t] 032[ ] 111[o] 117[u] 114[r] 032[ ] 106[j] 117[u] 110[n] 107[k] 044[,] 032[ ] 119[w] 101[e] 032[ ] 097[a] 114[r] 101[e] 032[ ] 117[u] 115[s] 101[e] 108[l] 101[e] 115[s] 115[s] 046[.] 013[ ] 010[ ] 013[ ] 010[ ] 084[T] 097[a] 108[l] 107[k] 032[ ] 116[t] 111[o] 032[ ] 116[t] 104[h] 101[e] 032[ ] 072[H] 101[e] 097[a] 100[d] 108[l] 101[e] 115[s] 115[s] 032[ ] 077[M] 097[a] 110[n] 032[ ] 097[a] 102[f] 116[t] 101[e] 114[r] 032[ ] 121[y] 111[o] 117[u] 032[ ] 107[k] 105[i] 108[l] 108[l] 032[ ] 116[t] 104[h] 101[e] 032[ ] 051[3] 032[ ] 098[b] 097[a] 110[n] 100[d] 105[i] 116[t] 115[s] 032[ ] 102[f] 111[o] 114[r] 032[ ] 121[y] 111[o] 117[u] 114[r] 032[ ] 114[r] 101[e] 119[w] 097[a] 114[r] 100[d] 046[.]
Send ToIndex(1): 079[O] 005[ ] 005[ ] 066[B] 108[l] 101[e] 115[s] 115[s]
Send Buffer: 060[<] 079[O] 009[ ] 003[ ] 000[ ] 006[ ] 066[B] 097[a] 110[n] 100[d] 105[i] 116[t] 002[ ] 000[ ] 079[O] 035[#] 003[ ] 079[O] 003[ ] 050[2] 000[ ] 000[ ] 000[ ] 079[O] 004[ ] 045[-] 000[ ] 000[ ] 000[ ] 093[]] 001[ ] 012[ ] 075[K] 105[i] 108[l] 108[l] 032[ ] 066[B] 097[a] 110[n] 100[d] 105[i] 116[t] 115[s] 136[ˆ] 001[ ] 084[T] 104[h] 101[e] 032[ ] 072[H] 101[e] 097[a] 100[d] 108[l] 101[e] 115[s] 115[s] 032[ ] 077[M] 097[a] 110[n] 032[ ] 104[h] 097[a] 115[s] 032[ ] 116[t] 111[o] 108[l] 100[d] 032[ ] 121[y] 111[o] 117[u] 032[ ] 097[a] 098[b] 111[o] 117[u] 116[t] 032[ ] 115[s] 111[o] 109[m] 101[e] 032[ ] 100[d] 097[a] 110[n] 103[g] 101[e] 114[r] 111[o] 117[u] 115[s] 032[ ] 098[b] 097[a] 110[n] 100[d] 105[i] 116[t] 115[s] 032[ ] 116[t] 104[h] 097[a] 116[t] 032[ ] 104[h] 097[a] 118[v] 101[e] 032[ ] 110[n] 101[e] 115[s] 116[t] 101[e] 100[d] 032[ ] 105[i] 110[n] 032[ ] 116[t] 104[h] 101[e] 032[ ] 099[c] 097[a] 118[v] 101[e] 032[ ] 117[u] 110[n] 100[d] 101[e] 114[r] 032[ ] 116[t] 104[h] 101[e] 032[ ] 124[|] 119[w] 097[a] 116[t] 101[e] 114[r] 102[f] 097[a] 108[l] 108[l] 124[|] 032[ ] 105[i] 110[n] 032[ ] 116[t] 104[h] 101[e] 032[ ] 119[w] 101[e] 115[s] 116[t] 032[ ] 115[s] 105[i] 100[d] 101[e] 032[ ] 111[o] 102[f] 032[ ] 116[t] 104[h] 101[e] 032[ ] 105[i] 115[s] 108[l] 097[a] 110[n] 100[d] 044[,] 032[ ] 111[o] 117[u] 116[t] 115[s] 105[i] 100[d] 101[e] 032[ ] 111[o] 102[f] 032[ ] 116[t] 111[o] 119[w] 110[n] 046[.] 032[ ] 084[T] 104[h] 101[e] 121[y] 032[ ] 104[h] 097[a] 118[v] 101[e] 032[ ] 098[b] 101[e] 101[e] 110[n] 032[ ] 115[s] 116[t] 101[e] 097[a] 108[l] 105[i] 110[n] 103[g] 032[ ] 106[j] 117[u] 110[n] 107[k] 032[ ] 102[f] 114[r] 111[o] 109[m] 032[ ] 116[t] 104[h] 101[e] 032[ ] 111[o] 110[n] 108[l] 121[y] 032[ ] 116[t] 119[w] 111[o] 032[ ] 104[h] 111[o] 117[u] 115[s] 101[e] 115[s] 032[ ] 111[o] 110[n] 032[ ] 116[t] 104[h] 105[i] 115[s] 032[ ] 112[p] 097[a] 116[t] 104[h] 101[e] 116[t] 105[i] 099[c] 032[ ] 105[i] 115[s] 108[l] 097[a] 110[n] 100[d] 044[,] 032[ ] 097[a] 110[n] 100[d] 032[ ] 105[i] 116[t] 032[ ] 105[i] 115[s] 032[ ] 105[i] 109[m] 112[p] 111[o] 114[r] 116[t] 097[a] 110[n] 116[t] 032[ ] 116[t] 104[h] 097[a] 116[t] 032[ ] 119[w] 101[e] 032[ ] 103[g] 101[e] 116[t] 032[ ] 105[i] 116[t] 032[ ] 098[b] 097[a] 099[c] 107[k] 044[,] 032[ ] 115[s] 105[i] 110[n] 099[c] 101[e] 032[ ] 119[w] 105[i] 116[t] 104[h] 111[o] 117[u] 116[t] 032[ ] 111[o] 117[u] 114[r] 032[ ] 106[j] 117[u] 110[n] 107[k] 044[,] 032[ ] 119[w] 101[e] 032[ ] 097[a] 114[r] 101[e] 032[ ] 117[u] 115[s] 101[e] 108[l] 101[e] 115[s] 115[s] 046[.] 013[ ] 010[ ] 013[ ] 010[ ] 084[T] 097[a] 108[l] 107[k] 032[ ] 116[t] 111[o] 032[ ] 116[t] 104[h] 101[e] 032[ ] 072[H] 101[e] 097[a] 100[d] 108[l] 101[e] 115[s] 115[s] 032[ ] 077[M] 097[a] 110[n] 032[ ] 097[a] 102[f] 116[t] 101[e] 114[r] 032[ ] 121[y] 111[o] 117[u] 032[ ] 107[k] 105[i] 108[l] 108[l] 032[ ] 116[t] 104[h] 101[e] 032[ ] 051[3] 032[ ] 098[b] 097[a] 110[n] 100[d] 105[i] 116[t] 115[s] 032[ ] 102[f] 111[o] 114[r] 032[ ] 121[y] 111[o] 117[u] 114[r] 032[ ] 114[r] 101[e] 119[w] 097[a] 114[r] 100[d] 046[.] 079[O] 005[ ] 005[ ] 066[B] 108[l] 101[e] 115[s] 115[s]
Send ToIndex(1): 052[4] 005[ ] 015[ ] 000[ ] 000[ ] 000[ ] 052[4] 006[ ] 015[ ] 000[ ] 000[ ] 000[ ] 052[4] 007[ ] 020[ ] 000[ ] 000[ ] 000[ ] 052[4] 008[ ] 004[ ] 000[ ] 000[ ] 000[ ] 052[4] 009[ ] 004[ ] 000[ ] 000[ ] 000[ ] 053[5] 009[ ] 009[ ] 000[ ] 000[ ] 000[ ] 052[4] 010[ ] 080[P] 000[ ] 000[ ] 000[ ] 053[5] 010[ ] 100[d] 000[ ] 000[ ] 000[ ] 052[4] 011[ ] 080[P] 000[ ] 000[ ] 000[ ] 053[5] 011[ ] 090[Z] 000[ ] 000[ ] 000[ ] 052[4] 012[ ] 080[P] 000[ ] 000[ ] 000[ ] 053[5] 012[ ] 090[Z] 000[ ] 000[ ] 000[ ] 052[4] 013[ ] 004[ ] 000[ ] 000[ ] 000[ ] 053[5] 013[ ] 007[ ] 000[ ] 000[ ] 000[ ]
Send ToMap(1): 012[ ] 062[>] 007[ ] 000[ ]
Send ToMap(1): 045[-] 067[C] 007[ ] 000[ ]
Send Buffer: 052[4] 005[ ] 015[ ] 000[ ] 000[ ] 000[ ] 052[4] 006[ ] 015[ ] 000[ ] 000[ ] 000[ ] 052[4] 007[ ] 020[ ] 000[ ] 000[ ] 000[ ] 052[4] 008[ ] 004[ ] 000[ ] 000[ ] 000[ ] 052[4] 009[ ] 004[ ] 000[ ] 000[ ] 000[ ] 053[5] 009[ ] 009[ ] 000[ ] 000[ ] 000[ ] 052[4] 010[ ] 080[P] 000[ ] 000[ ] 000[ ] 053[5] 010[ ] 100[d] 000[ ] 000[ ] 000[ ] 052[4] 011[ ] 080[P] 000[ ] 000[ ] 000[ ] 053[5] 011[ ] 090[Z] 000[ ] 000[ ] 000[ ] 052[4] 012[ ] 080[P] 000[ ] 000[ ] 000[ ] 053[5] 012[ ] 090[Z] 000[ ] 000[ ] 000[ ] 052[4] 013[ ] 004[ ] 000[ ] 000[ ] 000[ ] 053[5] 013[ ] 007[ ] 000[ ] 000[ ] 000[ ] 012[ ] 062[>] 007[ ] 000[ ] 045[-] 067[C] 007[ ] 000[ ]
Send ToNPCMove(5): 019[ ] 005[ ] 000[ ] 042[*] 035[#] 006[ ]
Send Buffer: 019[ ] 005[ ] 000[ ] 042[*] 035[#] 006[ ]
Send ToNPCMove(6): 019[ ] 006[ ] 000[ ] 057[9] 020[ ] 004[ ]
Send Buffer: 019[ ] 006[ ] 000[ ] 057[9] 020[ ] 004[ ]
Send ToNPCMove(3): 019[ ] 003[ ] 000[ ] 041[)] 026[ ] 008[ ]
Send ToIndex(1): 060[<]
Send Buffer: 019[ ] 003[ ] 000[ ] 041[)] 026[ ] 008[ ] 060[<]
Send ToIndex(1): 052[4] 001[ ] 064[@] 000[ ] 000[ ] 000[ ] 052[4] 002[ ] 062[>] 000[ ] 000[ ] 000[ ] 052[4] 003[ ] 014[ ] 000[ ] 000[ ] 000[ ]
Send ToMap(1): 012[ ] 064[@] 007[ ] 000[ ]
Send ToMap(1): 045[-] 069[E] 007[ ] 000[ ]
Send Buffer: 052[4] 001[ ] 064[@] 000[ ] 000[ ] 000[ ] 052[4] 002[ ] 062[>] 000[ ] 000[ ] 000[ ] 052[4] 003[ ] 014[ ] 000[ ] 000[ ] 000[ ] 012[ ] 064[@] 007[ ] 000[ ] 045[-] 069[E] 007[ ] 000[ ]
Send ToIndex(1): 060[<]
Send Buffer: 060[<]
Send ToNPCMove(5): 019[ ] 005[ ] 000[ ] 042[*] 036[$] 003[ ]
Send Buffer: 019[ ] 005[ ] 000[ ] 042[*] 036[$] 003[ ]
Send ToNPCMove(6): 019[ ] 006[ ] 000[ ] 058[:] 021[ ] 006[ ]
Send Buffer: 019[ ] 006[ ] 000[ ] 058[:] 021[ ] 006[ ]
Send ToNPCMove(3): 019[ ] 003[ ] 000[ ] 042[*] 026[ ] 002[ ]
Send Buffer: 019[ ] 003[ ] 000[ ] 042[*] 026[ ] 002[ ]
Send ToPCArea(1): 044[,] 001[ ] 007[ ] 000[ ]
Send Buffer: 044[,] 001[ ] 007[ ] 000[ ]
Send ToIndex(1): 060[<]
Send Buffer: 060[<]
Send ToNPCMove(1): 019[ ] 001[ ] 000[ ] 034["] 010[ ] 004[ ]
Send Buffer: 019[ ] 001[ ] 000[ ] 034["] 010[ ] 004[ ]
Send ToNPCMove(6): 019[ ] 006[ ] 000[ ] 057[9] 021[ ] 004[ ]
Send ToIndex(1): 060[<]
Send Buffer: 019[ ] 006[ ] 000[ ] 057[9] 021[ ] 004[ ] 060[<]
Send ToNPCMove(5): 019[ ] 005[ ] 000[ ] 043[+] 035[#] 005[ ]
Send Buffer: 019[ ] 005[ ] 000[ ] 043[+] 035[#] 005[ ]
Send ToNPCMove(3): 019[ ] 003[ ] 000[ ] 043[+] 025[ ] 005[ ]
Send Buffer: 019[ ] 003[ ] 000[ ] 043[+] 025[ ] 005[ ]
Send ToIndex(1): 052[4] 001[ ] 066[B] 000[ ] 000[ ] 000[ ] 052[4] 002[ ] 064[@] 000[ ] 000[ ] 000[ ] 052[4] 003[ ] 016[ ] 000[ ] 000[ ] 000[ ]
Send ToMap(1): 012[ ] 066[B] 007[ ] 000[ ]
Send ToMap(1): 045[-] 071[G] 007[ ] 000[ ]
Send Buffer: 052[4] 001[ ] 066[B] 000[ ] 000[ ] 000[ ] 052[4] 002[ ] 064[@] 000[ ] 000[ ] 000[ ] 052[4] 003[ ] 016[ ] 000[ ] 000[ ] 000[ ] 012[ ] 066[B] 007[ ] 000[ ] 045[-] 071[G] 007[ ] 000[ ]
Send ToIndex(1): 060[<]
Send Buffer: 060[<]
Send ToNPCMove(1): 019[ ] 001[ ] 000[ ] 033[!] 011[ ] 007[ ]
Send Buffer: 019[ ] 001[ ] 000[ ] 033[!] 011[ ] 007[ ]
Send ToIndex(1): 060[<]
Send Buffer: 060[<]
Send ToNPCMove(6): 019[ ] 006[ ] 000[ ] 058[:] 021[ ] 002[ ]
Send Buffer: 019[ ] 006[ ] 000[ ] 058[:] 021[ ] 002[ ]
Send ToNPCMove(5): 019[ ] 005[ ] 000[ ] 042[*] 036[$] 007[ ]
Send Buffer: 019[ ] 005[ ] 000[ ] 042[*] 036[$] 007[ ]
Send ToNPCMove(3): 019[ ] 003[ ] 000[ ] 044[,] 024[ ] 005[ ]
Send Buffer: 019[ ] 003[ ] 000[ ] 044[,] 024[ ] 005[ ]
Send ToIndex(1): 060[<]
Send Buffer: 060[<]
Send ToIndex(1): 052[4] 001[ ] 068[D] 000[ ] 000[ ] 000[ ] 052[4] 002[ ] 066[B] 000[ ] 000[ ] 000[ ] 052[4] 003[ ] 018[ ] 000[ ] 000[ ] 000[ ]
Send ToMap(1): 012[ ] 068[D] 007[ ] 000[ ]
Send ToMap(1): 045[-] 073[I] 007[ ] 000[ ]
Send Buffer: 052[4] 001[ ] 068[D] 000[ ] 000[ ] 000[ ] 052[4] 002[ ] 066[B] 000[ ] 000[ ] 000[ ] 052[4] 003[ ] 018[ ] 000[ ] 000[ ] 000[ ] 012[ ] 068[D] 007[ ] 000[ ] 045[-] 073[I] 007[ ] 000[ ]
Send ToNPCMove(1): 019[ ] 001[ ] 000[ ] 032[ ] 010[ ] 008[ ]
Send Buffer: 019[ ] 001[ ] 000[ ] 032[ ] 010[ ] 008[ ]
Send ToIndex(1): 060[<]
Send Buffer: 060[<]
Send ToNPCMove(6): 019[ ] 006[ ] 000[ ] 057[9] 020[ ] 008[ ]
Send Buffer: 019[ ] 006[ ] 000[ ] 057[9] 020[ ] 008[ ]
Send ToIndex(1): 060[<]
Send Buffer: 060[<]
Send ToNPCMove(5): 019[ ] 005[ ] 000[ ] 043[+] 036[$] 002[ ]
Send Buffer: 019[ ] 005[ ] 000[ ] 043[+] 036[$] 002[ ]
Send ToNPCMove(6): 019[ ] 006[ ] 000[ ] 057[9] 021[ ] 003[ ]
Send Buffer: 019[ ] 006[ ] 000[ ] 057[9] 021[ ] 003[ ]
Send ToIndex(1): 060[<]
Send Buffer: 060[<]
Send ToNPCMove(3): 019[ ] 003[ ] 000[ ] 043[+] 023[ ] 008[ ]
Send Buffer: 019[ ] 003[ ] 000[ ] 043[+] 023[ ] 008[ ]
Send ToIndex(1): 052[4] 001[ ] 070[F] 000[ ] 000[ ] 000[ ] 052[4] 002[ ] 068[D] 000[ ] 000[ ] 000[ ] 052[4] 003[ ] 020[ ] 000[ ] 000[ ] 000[ ]
Send ToMap(1): 012[ ] 070[F] 007[ ] 000[ ]
Send ToMap(1): 045[-] 076[L] 007[ ] 000[ ]
Send Buffer: 052[4] 001[ ] 070[F] 000[ ] 000[ ] 000[ ] 052[4] 002[ ] 068[D] 000[ ] 000[ ] 000[ ] 052[4] 003[ ] 020[ ] 000[ ] 000[ ] 000[ ] 012[ ] 070[F] 007[ ] 000[ ] 045[-] 076[L] 007[ ] 000[ ]
Send ToNPCMove(1): 019[ ] 001[ ] 000[ ] 031[ ] 011[ ] 007[ ]
Send Buffer: 019[ ] 001[ ] 000[ ] 031[ ] 011[ ] 007[ ]
Send ToNPCMove(6): 019[ ] 006[ ] 000[ ] 056[8] 021[ ] 004[ ]
Send Buffer: 019[ ] 006[ ] 000[ ] 056[8] 021[ ] 004[ ]
Send ToIndex(1): 060[<]
Send Buffer: 060[<]
Send ToNPCMove(5): 019[ ] 005[ ] 000[ ] 042[*] 035[#] 008[ ]
Send Buffer: 019[ ] 005[ ] 000[ ] 042[*] 035[#] 008[ ]
Send ToIndex(1): 060[<]
Send Buffer: 060[<]
Send ToNPCMove(6): 019[ ] 006[ ] 000[ ] 055[7] 022[ ] 007[ ]
Send Buffer: 019[ ] 006[ ] 000[ ] 055[7] 022[ ] 007[ ]
Send ToNPCMove(5): 019[ ] 005[ ] 000[ ] 042[*] 036[$] 003[ ]
Send Buffer: 019[ ] 005[ ] 000[ ] 042[*] 036[$] 003[ ]
Send ToIndex(1): 060[<]
Send Buffer: 060[<]
Send ToNPCMove(1): 019[ ] 001[ ] 000[ ] 031[ ] 012[ ] 003[ ]
Send Buffer: 019[ ] 001[ ] 000[ ] 031[ ] 012[ ] 003[ ]
Send ToNPCMove(3): 019[ ] 003[ ] 000[ ] 044[,] 024[ ] 006[ ]
Send Buffer: 019[ ] 003[ ] 000[ ] 044[,] 024[ ] 006[ ]
Send ToIndex(1): 052[4] 001[ ] 072[H] 000[ ] 000[ ] 000[ ] 052[4] 002[ ] 070[F] 000[ ] 000[ ] 000[ ] 052[4] 003[ ] 022[ ] 000[ ] 000[ ] 000[ ]
Send ToMap(1): 012[ ] 072[H] 007[ ] 000[ ]
Send ToMap(1): 045[-] 078[N] 007[ ] 000[ ]
Send Buffer: 052[4] 001[ ] 072[H] 000[ ] 000[ ] 000[ ] 052[4] 002[ ] 070[F] 000[ ] 000[ ] 000[ ] 052[4] 003[ ] 022[ ] 000[ ] 000[ ] 000[ ] 012[ ] 072[H] 007[ ] 000[ ] 045[-] 078[N] 007[ ] 000[ ]
Send ToIndex(1): 060[<]
Send Buffer: 060[<]
Send ToNPCMove(5): 019[ ] 005[ ] 000[ ] 043[+] 037[%] 006[ ]
Send Buffer: 019[ ] 005[ ] 000[ ] 043[+] 037[%] 006[ ]
Send ToNPCMove(3): 019[ ] 003[ ] 000[ ] 043[+] 024[ ] 004[ ]
Send Buffer: 019[ ] 003[ ] 000[ ] 043[+] 024[ ] 004[ ]
Send ToIndex(1): 060[<]
Send Buffer: 060[<]
Send ToNPCMove(1): 019[ ] 001[ ] 000[ ] 030[ ] 013[ ] 007[ ]
Send Buffer: 019[ ] 001[ ] 000[ ] 030[ ] 013[ ] 007[ ]
Send ToNPCMove(6): 019[ ] 006[ ] 000[ ] 056[8] 021[ ] 005[ ]
Send ToPCArea(1): 044[,] 001[ ] 007[ ] 000[ ]
Send Buffer: 019[ ] 006[ ] 000[ ] 056[8] 021[ ] 005[ ] 044[,] 001[ ] 007[ ] 000[ ]
Send ToIndex(1): 060[<]
Send Buffer: 060[<]
Send ToNPCMove(3): 019[ ] 003[ ] 000[ ] 042[*] 023[ ] 008[ ]
Send Buffer: 019[ ] 003[ ] 000[ ] 042[*] 023[ ] 008[ ]
Send ToNPCMove(5): 019[ ] 005[ ] 000[ ] 042[*] 036[$] 008[ ]
Send Buffer: 019[ ] 005[ ] 000[ ] 042[*] 036[$] 008[ ]
Send ToIndex(1): 052[4] 001[ ] 074[J] 000[ ] 000[ ] 000[ ] 052[4] 002[ ] 072[H] 000[ ] 000[ ] 000[ ] 052[4] 003[ ] 024[ ] 000[ ] 000[ ] 000[ ]
Send ToMap(1): 012[ ] 074[J] 007[ ] 000[ ]
Send ToMap(1): 045[-] 080[P] 007[ ] 000[ ]
Send Buffer: 052[4] 001[ ] 074[J] 000[ ] 000[ ] 000[ ] 052[4] 002[ ] 072[H] 000[ ] 000[ ] 000[ ] 052[4] 003[ ] 024[ ] 000[ ] 000[ ] 000[ ] 012[ ] 074[J] 007[ ] 000[ ] 045[-] 080[P] 007[ ] 000[ ]
Send ToIndex(1): 060[<]
Send Buffer: 060[<]
Send ToNPCMove(3): 019[ ] 003[ ] 000[ ] 041[)] 024[ ] 007[ ]
Send Buffer: 019[ ] 003[ ] 000[ ] 041[)] 024[ ] 007[ ]
Send ToNPCMove(5): 019[ ] 005[ ] 000[ ] 041[)] 036[$] 004[ ]
Send Buffer: 019[ ] 005[ ] 000[ ] 041[)] 036[$] 004[ ]
Send ToNPCMove(6): 019[ ] 006[ ] 000[ ] 055[7] 021[ ] 004[ ]
Send Buffer: 019[ ] 006[ ] 000[ ] 055[7] 021[ ] 004[ ]
Send ToIndex(1): 060[<]
Send Buffer: 060[<]
Send ToNPCMove(3): 019[ ] 003[ ] 000[ ] 042[*] 023[ ] 005[ ]
Send Buffer: 019[ ] 003[ ] 000[ ] 042[*] 023[ ] 005[ ]
Send ToNPCMove(5): 019[ ] 005[ ] 000[ ] 041[)] 035[#] 001[ ]
Send Buffer: 019[ ] 005[ ] 000[ ] 041[)] 035[#] 001[ ]
Send ToIndex(1): 060[<]
Send Buffer: 060[<]
Send ToNPCMove(1): 019[ ] 001[ ] 000[ ] 031[ ] 014[ ] 006[ ]
Send Buffer: 019[ ] 001[ ] 000[ ] 031[ ] 014[ ] 006[ ]
Send ToIndex(1): 052[4] 001[ ] 076[L] 000[ ] 000[ ] 000[ ] 052[4] 002[ ] 074[J] 000[ ] 000[ ] 000[ ] 052[4] 003[ ] 026[ ] 000[ ] 000[ ] 000[ ]
Send ToMap(1): 012[ ] 076[L] 007[ ] 000[ ]
Send ToMap(1): 045[-] 082[R] 007[ ] 000[ ]
Send Buffer: 052[4] 001[ ] 076[L] 000[ ] 000[ ] 000[ ] 052[4] 002[ ] 074[J] 000[ ] 000[ ] 000[ ] 052[4] 003[ ] 026[ ] 000[ ] 000[ ] 000[ ] 012[ ] 076[L] 007[ ] 000[ ] 045[-] 082[R] 007[ ] 000[ ]
Send ToNPCMove(3): 019[ ] 003[ ] 000[ ] 041[)] 022[ ] 008[ ]
Send Buffer: 019[ ] 003[ ] 000[ ] 041[)] 022[ ] 008[ ]
Send ToIndex(1): 060[<]
Send Buffer: 060[<]
Send ToNPCMove(6): 019[ ] 006[ ] 000[ ] 055[7] 022[ ] 003[ ]
Send Buffer: 019[ ] 006[ ] 000[ ] 055[7] 022[ ] 003[ ]
Send ToIndex(1): 060[<]
Send Buffer: 060[<]
Send ToNPCMove(3): 019[ ] 003[ ] 000[ ] 042[*] 021[ ] 005[ ]
Send Buffer: 019[ ] 003[ ] 000[ ] 042[*] 021[ ] 005[ ]
Send ToNPCMove(1): 019[ ] 001[ ] 000[ ] 032[ ] 014[ ] 002[ ]
Send Buffer: 019[ ] 001[ ] 000[ ] 032[ ] 014[ ] 002[ ]
Send ToIndex(1): 060[<]
Send Buffer: 060[<]
Send ToNPCMove(6): 019[ ] 006[ ] 000[ ] 054[6] 021[ ] 008[ ]
Send Buffer: 019[ ] 006[ ] 000[ ] 054[6] 021[ ] 008[ ]
Send ToNPCMove(5): 019[ ] 005[ ] 000[ ] 040[(] 035[#] 004[ ]
Send Buffer: 019[ ] 005[ ] 000[ ] 040[(] 035[#] 004[ ]
Send ToNPCMove(1): 019[ ] 001[ ] 000[ ] 031[ ] 015[ ] 007[ ]
Send ToIndex(1): 052[4] 001[ ] 078[N] 000[ ] 000[ ] 000[ ] 052[4] 002[ ] 076[L] 000[ ] 000[ ] 000[ ] 052[4] 003[ ] 028[ ] 000[ ] 000[ ] 000[ ]
Send ToMap(1): 012[ ] 078[N] 007[ ] 000[ ]
Send ToMap(1): 045[-] 084[T] 007[ ] 000[ ]
Send ToMap(1): 018[ ] 007[ ] 000[ ]
Send ToAll: 079[O] 068[D] 005[ ] 083[S] 112[p] 111[o] 100[d] 105[i]
Send ToMap(1): 020[ ] 000[ ] 000[ ] 063[?] 002[ ] 000[ ] 001[ ] 000[ ] 003[ ] 000[ ] 000[ ] 001[ ] 000[ ] 000[ ] 000[ ]
Send ToIndex(1): 024[ ] 004[ ] 005[ ] 000[ ] 000[ ] 000[ ] 012[ ] 078[N] 101[e] 119[w] 098[b] 105[i] 101[e] 032[ ] 065[A] 114[r] 109[m] 111[o] 114[r] 001[ ] 000[ ] 000[ ] 000[ ] 001[ ] 232[è] 003[ ] 000[ ] 000[ ]
Send ToIndex(1): 083[S] 000[ ]
Send ToMap(1): 020[ ] 000[ ] 000[ ] 063[?] 002[ ] 000[ ] 001[ ] 000[ ] 003[ ] 001[ ] 000[ ] 001[ ] 000[ ] 000[ ] 000[ ]
Send ToIndex(1): 024[ ] 005[ ] 006[ ] 000[ ] 000[ ] 000[ ] 013[ ] 078[N] 101[e] 119[w] 098[b] 105[i] 101[e] 032[ ] 068[D] 097[a] 103[g] 103[g] 101[e] 114[r] 001[ ] 000[ ] 000[ ] 000[ ] 001[ ] 020[ ] 005[ ] 000[ ] 000[ ]
Send ToMap(1): 020[ ] 000[ ] 000[ ] 063[?] 002[ ] 000[ ] 001[ ] 000[ ] 003[ ] 001[ ] 000[ ] 001[ ] 000[ ] 001[ ] 000[ ]
Send ToIndex(1): 024[ ] 006[ ] 007[ ] 000[ ] 000[ ] 000[ ] 011[ ] 065[A] 110[n] 103[g] 101[e] 108[l] 032[ ] 087[W] 105[i] 110[n] 103[g] 115[s] 001[ ] 000[ ] 000[ ] 000[ ] 001[ ] 176[°] 004[ ] 000[ ] 000[ ]
Send ToIndex(1): 079[O] 020[ ]
Send ToIndex(1): 079[O] 020[ ]
Send ToIndex(1): 079[O] 020[ ]
Send ToIndex(1): 079[O] 020[ ]
Send ToIndex(1): 079[O] 020[ ]
Send ToIndex(1): 024[ ] 001[ ] 001[ ] 000[ ] 000[ ] 000[ ] 019[ ] 084[T] 105[i] 110[n] 121[y] 032[ ] 072[H] 101[e] 097[a] 108[l] 105[i] 110[n] 103[g] 032[ ] 080[P] 111[o] 116[t] 105[i] 111[o] 110[n] 005[ ] 000[ ] 000[ ] 000[ ] 000[ ] 038[&] 000[ ] 000[ ] 000[ ]
Send ToIndex(1): 024[ ] 002[ ] 002[ ] 000[ ] 000[ ] 000[ ] 019[ ] 077[M] 105[i] 110[n] 105[i] 032[ ] 072[H] 101[e] 097[a] 108[l] 105[i] 110[n] 103[g] 032[ ] 080[P] 111[o] 116[t] 105[i] 111[o] 110[n] 001[ ] 000[ ] 000[ ] 000[ ] 000[ ] 038[&] 000[ ] 000[ ] 000[ ]
Send ToIndex(1): 024[ ] 003[ ] 003[ ] 000[ ] 000[ ] 000[ ] 020[ ] 083[S] 109[m] 097[a] 108[l] 108[l] 032[ ] 072[H] 101[e] 097[a] 108[l] 105[i] 110[n] 103[g] 032[ ] 080[P] 111[o] 116[t] 105[i] 111[o] 110[n] 001[ ] 000[ ] 000[ ] 000[ ] 000[ ] 038[&] 000[ ] 000[ ] 000[ ]
Send ToIndex(1): 024[ ] 004[ ] 005[ ] 000[ ] 000[ ] 000[ ] 012[ ] 078[N] 101[e] 119[w] 098[b] 105[i] 101[e] 032[ ] 065[A] 114[r] 109[m] 111[o] 114[r] 001[ ] 000[ ] 000[ ] 000[ ] 001[ ] 232[è] 003[ ] 000[ ] 000[ ]
Send ToIndex(1): 024[ ] 005[ ] 006[ ] 000[ ] 000[ ] 000[ ] 013[ ] 078[N] 101[e] 119[w] 098[b] 105[i] 101[e] 032[ ] 068[D] 097[a] 103[g] 103[g] 101[e] 114[r] 001[ ] 000[ ] 000[ ] 000[ ] 001[ ] 020[ ] 005[ ] 000[ ] 000[ ]
Send ToIndex(1): 024[ ] 006[ ] 007[ ] 000[ ] 000[ ] 000[ ] 011[ ] 065[A] 110[n] 103[g] 101[e] 108[l] 032[ ] 087[W] 105[i] 110[n] 103[g] 115[s] 001[ ] 000[ ] 000[ ] 000[ ] 001[ ] 176[°] 004[ ] 000[ ] 000[ ]
Send ToIndex(1): 024[ ] 007[ ] 008[ ] 000[ ] 000[ ] 000[ ] 011[ ] 078[N] 105[i] 110[n] 106[j] 097[a] 032[ ] 083[S] 116[t] 097[a] 114[r] 115[s] 001[ ] 000[ ] 000[ ] 000[ ] 000[ ] 011[ ] 000[ ] 000[ ] 000[ ]
Send ToIndex(1): 024[ ] 008[ ] 009[ ] 000[ ] 000[ ] 000[ ] 008[ ] 066[B] 105[i] 103[g] 032[ ] 083[S] 116[t] 097[a] 114[r] 050[2] 000[ ] 000[ ] 000[ ] 000[ ] 027[ ] 000[ ] 000[ ] 000[ ]
Send ToIndex(1): 026[ ] 008[ ] 001[ ] 000[ ] 001[ ] 000[ ] 002[ ]
Send Buffer: 024[ ] 004[ ] 005[ ] 000[ ] 000[ ] 000[ ] 012[ ] 078[N] 101[e] 119[w] 098[b] 105[i] 101[e] 032[ ] 065[A] 114[r] 109[m] 111[o] 114[r] 001[ ] 000[ ] 000[ ] 000[ ] 001[ ] 232[è] 003[ ] 000[ ] 000[ ] 083[S] 000[ ] 024[ ] 005[ ] 006[ ] 000[ ] 000[ ] 000[ ] 013[ ] 078[N] 101[e] 119[w] 098[b] 105[i] 101[e] 032[ ] 068[D] 097[a] 103[g] 103[g] 101[e] 114[r] 001[ ] 000[ ] 000[ ] 000[ ] 001[ ] 020[ ] 005[ ] 000[ ] 000[ ] 024[ ] 006[ ] 007[ ] 000[ ] 000[ ] 000[ ] 011[ ] 065[A] 110[n] 103[g] 101[e] 108[l] 032[ ] 087[W] 105[i] 110[n] 103[g] 115[s] 001[ ] 000[ ] 000[ ] 000[ ] 001[ ] 176[°] 004[ ] 000[ ] 000[ ] 079[O] 020[ ] 079[O] 020[ ] 079[O] 020[ ] 079[O] 020[ ] 079[O] 020[ ] 024[ ] 001[ ] 001[ ] 000[ ] 000[ ] 000[ ] 019[ ] 084[T] 105[i] 110[n] 121[y] 032[ ] 072[H] 101[e] 097[a] 108[l] 105[i] 110[n] 103[g] 032[ ] 080[P] 111[o] 116[t] 105[i] 111[o] 110[n] 005[ ] 000[ ] 000[ ] 000[ ] 000[ ] 038[&] 000[ ] 000[ ] 000[ ] 024[ ] 002[ ] 002[ ] 000[ ] 000[ ] 000[ ] 019[ ] 077[M] 105[i] 110[n] 105[i] 032[ ] 072[H] 101[e] 097[a] 108[l] 105[i] 110[n] 103[g] 032[ ] 080[P] 111[o] 116[t] 105[i] 111[o] 110[n] 001[ ] 000[ ] 000[ ] 000[ ] 000[ ] 038[&] 000[ ] 000[ ] 000[ ] 024[ ] 003[ ] 003[ ] 000[ ] 000[ ] 000[ ] 020[ ] 083[S] 109[m] 097[a] 108[l] 108[l] 032[ ] 072[H] 101[e] 097[a] 108[l] 105[i] 110[n] 103[g] 032[ ] 080[P] 111[o] 116[t] 105[i] 111[o] 110[n] 001[ ] 000[ ] 000[ ] 000[ ] 000[ ] 038[&] 000[ ] 000[ ] 000[ ] 024[ ] 004[ ] 005[ ] 000[ ] 000[ ] 000[ ] 012[ ] 078[N] 101[e] 119[w] 098[b] 105[i] 101[e] 032[ ] 065[A] 114[r] 109[m] 111[o] 114[r] 001[ ] 000[ ] 000[ ] 000[ ] 001[ ] 232[è] 003[ ] 000[ ] 000[ ] 024[ ] 005[ ] 006[ ] 000[ ] 000[ ] 000[ ] 013[ ] 078[N] 101[e] 119[w] 098[b] 105[i] 101[e] 032[ ] 068[D] 097[a] 103[g] 103[g] 101[e] 114[r] 001[ ] 000[ ] 000[ ] 000[ ] 001[ ] 020[ ] 005[ ] 000[ ] 000[ ] 024[ ] 006[ ] 007[ ] 000[ ] 000[ ] 000[ ] 011[ ] 065[A] 110[n] 103[g] 101[e] 108[l] 032[ ] 087[W] 105[i] 110[n] 103[g] 115[s] 001[ ] 000[ ] 000[ ] 000[ ] 001[ ] 176[°] 004[ ] 000[ ] 000[ ] 024[ ] 007[ ] 008[ ] 000[ ] 000[ ] 000[ ] 011[ ] 078[N] 105[i] 110[n] 106[j] 097[a] 032[ ] 083[S] 116[t] 097[a] 114[r] 115[s] 001[ ] 000[ ] 000[ ] 000[ ] 000[ ] 011[ ] 000[ ] 000[ ] 000[ ] 024[ ] 008[ ] 009[ ] 000[ ] 000[ ] 000[ ] 008[ ] 066[B] 105[i] 103[g] 032[ ] 083[S] 116[t] 097[a] 114[r] 050[2] 000[ ] 000[ ] 000[ ] 000[ ] 027[ ] 000[ ] 000[ ] 000[ ] 026[ ] 008[ ] 001[ ] 000[ ] 001[ ] 000[ ] 002[ ]
Send ToMap(1): 017[ ] 002[ ] 000[ ] 001[ ] 000[ ] 003[ ] 007[ ] 000[ ] 015[ ] 015[ ] 000[ ] 005[ ] 083[S] 112[p] 111[o] 100[d] 105[i] 001[ ] 000[ ] 001[ ] 000[ ] 001[ ] 000[ ] 255[ÿ] 255[ÿ] 000[ ] 000[ ] 000[ ] 000[ ] 000[ ] 000[ ] 000[ ] 000[ ] 000[ ] 000[ ] 000[ ] 000[ ] 000[ ] 000[ ] 000[ ] 000[ ] 000[ ] 000[ ] 000[ ] 000[ ] 000[ ]
Send ToIndex(1): 041[)] 032[ ] 087[W] 101[e] 108[l] 099[c] 111[o] 109[m] 101[e] 032[ ] 116[t] 111[o] 032[ ] 118[v] 098[b] 071[G] 079[O] 082[R] 069[E] 032[ ] 086[V] 101[e] 114[r] 115[s] 105[i] 111[o] 110[n] 032[ ] 048[0] 046[.] 051[3] 046[.] 051[3] 033[!] 055[7] 041[)] 029[ ] 070[F] 111[o] 114[r] 032[ ] 104[h] 101[e] 108[l] 112[p] 044[,] 032[ ] 112[p] 108[l] 101[e] 097[a] 115[s] 101[e] 032[ ] 116[t] 121[y] 112[p] 101[e] 032[ ] 124[|] 047[/] 104[h] 101[e] 108[l] 112[p] 124[|] 055[7] 041[)] 043[+] 124[|] 067[C] 116[t] 114[r] 108[l] 043[+] 087[W] 124[|] 032[ ] 102[f] 111[o] 114[r] 032[ ] 105[i] 110[n] 118[v] 101[e] 110[n] 116[t] 111[o] 114[r] 121[y] 044[,] 032[ ] 124[|] 067[C] 116[t] 114[r] 108[l] 043[+] 083[S] 124[|] 032[ ] 102[f] 111[o] 114[r] 032[ ] 115[s] 116[t] 097[a] 116[t] 115[s] 046[.] 055[7] 041[)] 039['] 080[P] 108[l] 101[e] 097[a] 115[s] 101[e] 032[ ] 118[v] 105[i] 115[s] 105[i] 116[t] 032[ ] 111[o] 117[u] 114[r] 032[ ] 115[s] 105[i] 116[t] 101[e] 032[ ] 097[a] 116[t] 032[ ] 119[w] 119[w] 119[w] 046[.] 118[v] 098[b] 103[g] 111[o] 114[r] 101[e] 046[.] 099[c] 111[o] 109[m] 055[7] 041[)] 049[1] 081[Q] 117[u] 101[e] 115[s] 116[t] 105[i] 111[o] 110[n] 115[s] 044[,] 032[ ] 099[c] 111[o] 100[d] 101[e] 044[,] 032[ ] 104[h] 101[e] 108[l] 112[p] 044[,] 032[ ] 101[e] 116[t] 099[c] 032[ ] 099[c] 097[a] 110[n] 032[ ] 098[b] 101[e] 032[ ] 102[f] 111[o] 117[u] 110[n] 100[d] 032[ ] 116[t] 104[h] 101[e] 114[r] 101[e] 046[.] 032[ ] 058[:] 041[)] 055[7] 041[)] 059[;] 082[R] 101[e] 109[m] 101[e] 109[m] 098[b] 101[e] 114[r] 032[ ] 116[t] 111[o] 032[ ] 103[g] 111[o] 032[ ] 117[u] 110[n] 100[d] 101[e] 114[r] 032[ ] 116[t] 104[h] 101[e] 032[ ] 124[|] 119[w] 097[a] 116[t] 101[e] 114[r] 102[f] 097[a] 108[l] 108[l] 124[|] 032[ ] 116[t] 111[o] 032[ ] 102[f] 105[i] 103[g] 104[h] 116[t] 032[ ] 115[s] 111[o] 109[m] 101[e] 032[ ] 101[e] 110[n] 101[e] 109[m] 105[i] 101[e] 115[s] 033[!] 055[7]
Send ToIndex(1): 079[O] 071[G] 005[ ]
Send ToIndex(1): 093[]] 001[ ] 000[ ] 093[]] 002[ ] 000[ ] 093[]] 003[ ] 000[ ] 093[]] 004[ ] 000[ ] 093[]] 005[ ] 000[ ]
Send ToIndex(1): 023[ ] 127[]
Send ToIndex(1): 081[Q] 001[ ] 015[ ] 015[ ]
Send ToAll: 079[O] 072[H] 005[ ] 083[S] 112[p] 111[o] 100[d] 105[i]
Send Buffer: 017[ ] 002[ ] 000[ ] 001[ ] 000[ ] 003[ ] 007[ ] 000[ ] 015[ ] 015[ ] 000[ ] 005[ ] 083[S] 112[p] 111[o] 100[d] 105[i] 001[ ] 000[ ] 001[ ] 000[ ] 001[ ] 000[ ] 255[ÿ] 255[ÿ] 000[ ] 000[ ] 000[ ] 000[ ] 000[ ] 000[ ] 000[ ] 000[ ] 000[ ] 000[ ] 000[ ] 000[ ] 000[ ] 000[ ] 000[ ] 000[ ] 000[ ] 000[ ] 000[ ] 000[ ] 000[ ] 041[)] 032[ ] 087[W] 101[e] 108[l] 099[c] 111[o] 109[m] 101[e] 032[ ] 116[t] 111[o] 032[ ] 118[v] 098[b] 071[G] 079[O] 082[R] 069[E] 032[ ] 086[V] 101[e] 114[r] 115[s] 105[i] 111[o] 110[n] 032[ ] 048[0] 046[.] 051[3] 046[.] 051[3] 033[!] 055[7] 041[)] 029[ ] 070[F] 111[o] 114[r] 032[ ] 104[h] 101[e] 108[l] 112[p] 044[,] 032[ ] 112[p] 108[l] 101[e] 097[a] 115[s] 101[e] 032[ ] 116[t] 121[y] 112[p] 101[e] 032[ ] 124[|] 047[/] 104[h] 101[e] 108[l] 112[p] 124[|] 055[7] 041[)] 043[+] 124[|] 067[C] 116[t] 114[r] 108[l] 043[+] 087[W] 124[|] 032[ ] 102[f] 111[o] 114[r] 032[ ] 105[i] 110[n] 118[v] 101[e] 110[n] 116[t] 111[o] 114[r] 121[y] 044[,] 032[ ] 124[|] 067[C] 116[t] 114[r] 108[l] 043[+] 083[S] 124[|] 032[ ] 102[f] 111[o] 114[r] 032[ ] 115[s] 116[t] 097[a] 116[t] 115[s] 046[.] 055[7] 041[)] 039['] 080[P] 108[l] 101[e] 097[a] 115[s] 101[e] 032[ ] 118[v] 105[i] 115[s] 105[i] 116[t] 032[ ] 111[o] 117[u] 114[r] 032[ ] 115[s] 105[i] 116[t] 101[e] 032[ ] 097[a] 116[t] 032[ ] 119[w] 119[w] 119[w] 046[.] 118[v] 098[b] 103[g] 111[o] 114[r] 101[e] 046[.] 099[c] 111[o] 109[m] 055[7] 041[)] 049[1] 081[Q] 117[u] 101[e] 115[s] 116[t] 105[i] 111[o] 110[n] 115[s] 044[,] 032[ ] 099[c] 111[o] 100[d] 101[e] 044[,] 032[ ] 104[h] 101[e] 108[l] 112[p] 044[,] 032[ ] 101[e] 116[t] 099[c] 032[ ] 099[c] 097[a] 110[n] 032[ ] 098[b] 101[e] 032[ ] 102[f] 111[o] 117[u] 110[n] 100[d] 032[ ] 116[t] 104[h] 101[e] 114[r] 101[e] 046[.] 032[ ] 058[:] 041[)] 055[7] 041[)] 059[;] 082[R] 101[e] 109[m] 101[e] 109[m] 098[b] 101[e] 114[r] 032[ ] 116[t] 111[o] 032[ ] 103[g] 111[o] 032[ ] 117[u] 110[n] 100[d] 101[e] 114[r] 032[ ] 116[t] 104[h] 101[e] 032[ ] 124[|] 119[w] 097[a] 116[t] 101[e] 114[r] 102[f] 097[a] 108[l] 108[l] 124[|] 032[ ] 116[t] 111[o] 032[ ] 102[f] 105[i] 103[g] 104[h] 116[t] 032[ ] 115[s] 111[o] 109[m] 101[e] 032[ ] 101[e] 110[n] 101[e] 109[m] 105[i] 101[e] 115[s] 033[!] 055[7] 079[O] 071[G] 005[ ] 093[]] 001[ ] 000[ ] 093[]] 002[ ] 000[ ] 093[]] 003[ ] 000[ ] 093[]] 004[ ] 000[ ] 093[]] 005[ ] 000[ ] 023[ ] 127[] 081[Q] 001[ ] 015[ ] 015[ ] 079[O] 072[H] 005[ ] 083[S] 112[p] 111[o] 100[d] 105[i]
Send ToMap(0): 082[R] 007[ ] 000[ ] 005[ ]
Send ToIndex(1): 052[4] 001[ ] 050[2] 000[ ] 000[ ] 000[ ] 052[4] 002[ ] 050[2] 000[ ] 000[ ] 000[ ] 052[4] 003[ ] 050[2] 000[ ] 000[ ] 000[ ] 052[4] 004[ ] 100[d] 000[ ] 000[ ] 000[ ] 052[4] 005[ ] 000[ ] 000[ ] 000[ ] 000[ ] 052[4] 006[ ] 000[ ] 000[ ] 000[ ] 000[ ] 052[4] 007[ ] 010[ ] 000[ ] 000[ ] 000[ ] 052[4] 008[ ] 001[ ] 000[ ] 000[ ] 000[ ] 052[4] 009[ ] 001[ ] 000[ ] 000[ ] 000[ ] 053[5] 009[ ] 006[ ] 000[ ] 000[ ] 000[ ] 052[4] 010[ ] 050[2] 000[ ] 000[ ] 000[ ] 053[5] 010[ ] 070[F] 000[ ] 000[ ] 000[ ] 052[4] 011[ ] 050[2] 000[ ] 000[ ] 000[ ] 053[5] 011[ ] 060[<] 000[ ] 000[ ] 000[ ] 052[4] 012[ ] 050[2] 000[ ] 000[ ] 000[ ] 053[5] 012[ ] 060[<] 000[ ] 000[ ] 000[ ] 052[4] 013[ ] 001[ ] 000[ ] 000[ ] 000[ ] 053[5] 013[ ] 004[ ] 000[ ] 000[ ] 000[ ] 052[4] 014[ ] 001[ ] 000[ ] 000[ ] 000[ ] 053[5] 014[ ] 005[ ] 000[ ] 000[ ] 000[ ] 052[4] 015[ ] 000[ ] 000[ ] 000[ ] 000[ ] 053[5] 015[ ] 000[ ] 000[ ] 000[ ] 000[ ] 052[4] 016[ ] 001[ ] 000[ ] 000[ ] 000[ ] 053[5] 016[ ] 002[ ] 000[ ] 000[ ] 000[ ] 052[4] 017[ ] 001[ ] 000[ ] 000[ ] 000[ ] 053[5] 017[ ] 002[ ] 000[ ] 000[ ] 000[ ] 052[4] 018[ ] 001[ ] 000[ ] 000[ ] 000[ ] 053[5] 018[ ] 002[ ] 000[ ] 000[ ] 000[ ] 052[4] 019[ ] 005[ ] 000[ ] 000[ ] 000[ ] 053[5] 019[ ] 005[ ] 000[ ] 000[ ] 000[ ]
Send ToMap(1): 012[ ] 071[G] 007[ ] 000[ ]
Send ToMap(1): 045[-] 083[S] 007[ ] 000[ ]
Send ToMap(1): 082[R] 007[ ] 000[ ] 005[ ] 000[ ] 000[ ] 000[ ]
Send ToNPCMove(6): 019[ ] 006[ ] 000[ ] 053[5] 021[ ] 004[ ]
Send Buffer: 052[4] 001[ ] 050[2] 000[ ] 000[ ] 000[ ] 052[4] 002[ ] 050[2] 000[ ] 000[ ] 000[ ] 052[4] 003[ ] 050[2] 000[ ] 000[ ] 000[ ] 052[4] 004[ ] 100[d] 000[ ] 000[ ] 000[ ] 052[4] 005[ ] 000[ ] 000[ ] 000[ ] 000[ ] 052[4] 006[ ] 000[ ] 000[ ] 000[ ] 000[ ] 052[4] 007[ ] 010[ ] 000[ ] 000[ ] 000[ ] 052[4] 008[ ] 001[ ] 000[ ] 000[ ] 000[ ] 052[4] 009[ ] 001[ ] 000[ ] 000[ ] 000[ ] 053[5] 009[ ] 006[ ] 000[ ] 000[ ] 000[ ] 052[4] 010[ ] 050[2] 000[ ] 000[ ] 000[ ] 053[5] 010[ ] 070[F] 000[ ] 000[ ] 000[ ] 052[4] 011[ ] 050[2] 000[ ] 000[ ] 000[ ] 053[5] 011[ ] 060[<] 000[ ] 000[ ] 000[ ] 052[4] 012[ ] 050[2] 000[ ] 000[ ] 000[ ] 053[5] 012[ ] 060[<] 000[ ] 000[ ] 000[ ] 052[4] 013[ ] 001[ ] 000[ ] 000[ ] 000[ ] 053[5] 013[ ] 004[ ] 000[ ] 000[ ] 000[ ] 052[4] 014[ ] 001[ ] 000[ ] 000[ ] 000[ ] 053[5] 014[ ] 005[ ] 000[ ] 000[ ] 000[ ] 052[4] 015[ ] 000[ ] 000[ ] 000[ ] 000[ ] 053[5] 015[ ] 000[ ] 000[ ] 000[ ] 000[ ] 052[4] 016[ ] 001[ ] 000[ ] 000[ ] 000[ ] 053[5] 016[ ] 002[ ] 000[ ] 000[ ] 000[ ] 052[4] 017[ ] 001[ ] 000[ ] 000[ ] 000[ ] 053[5] 017[ ] 002[ ] 000[ ] 000[ ] 000[ ] 052[4] 018[ ] 001[ ] 000[ ] 000[ ] 000[ ] 053[5] 018[ ] 002[ ] 000[ ] 000[ ] 000[ ] 052[4] 019[ ] 005[ ] 000[ ] 000[ ] 000[ ] 053[5] 019[ ] 005[ ] 000[ ] 000[ ] 000[ ] 012[ ] 071[G] 007[ ] 000[ ] 045[-] 083[S] 007[ ] 000[ ] 082[R] 007[ ] 000[ ] 005[ ] 000[ ] 000[ ] 000[ ] 019[ ] 006[ ] 000[ ] 053[5] 021[ ] 004[ ]
Send ToNPCMove(1): 019[ ] 001[ ] 000[ ] 032[ ] 015[ ] 002[ ]
Send Buffer: 019[ ] 001[ ] 000[ ] 032[ ] 015[ ] 002[ ]
Send ToNPCMove(3): 019[ ] 003[ ] 000[ ] 043[+] 020[ ] 005[ ]
Send ToNPCMove(5): 019[ ] 005[ ] 000[ ] 039['] 034["] 008[ ]
Send Buffer: 019[ ] 003[ ] 000[ ] 043[+] 020[ ] 005[ ] 019[ ] 005[ ] 000[ ] 039['] 034["] 008[ ]
Send ToIndex(1): 015[ ] 013[ ] 075[K] 097[a] 108[l] 109[m] 101[e] 114[r] 032[ ] 073[I] 115[s] 108[l] 097[a] 110[n] 100[d] 002[ ] 001[ ] 014[ ]
Send ToIndex(1): 017[ ] 002[ ] 000[ ] 001[ ] 000[ ] 003[ ] 007[ ] 000[ ] 015[ ] 015[ ] 005[ ] 005[ ] 083[S] 112[p] 111[o] 100[d] 105[i] 001[ ] 000[ ] 001[ ] 000[ ] 001[ ] 000[ ] 071[G] 083[S] 000[ ] 000[ ] 000[ ] 000[ ] 000[ ] 000[ ] 000[ ] 000[ ] 000[ ] 000[ ] 000[ ] 000[ ] 000[ ] 000[ ] 000[ ] 000[ ] 000[ ] 000[ ] 000[ ] 000[ ] 000[ ]
Send ToIndex(1): 017[ ] 001[ ] 000[ ] 001[ ] 000[ ] 002[ ] 001[ ] 000[ ] 032[ ] 015[ ] 000[ ] 009[ ] 067[C] 114[r] 097[a] 122[z] 121[y] 032[ ] 109[m] 097[a] 110[n] 000[ ] 000[ ] 001[ ] 000[ ] 000[ ] 000[ ] 100[d] 100[d] 001[ ]
Send ToIndex(1): 017[ ] 001[ ] 000[ ] 001[ ] 000[ ] 005[ ] 003[ ] 000[ ] 043[+] 020[ ] 000[ ] 009[ ] 067[C] 114[r] 097[a] 122[z] 121[y] 032[ ] 109[m] 097[a] 110[n] 000[ ] 000[ ] 001[ ] 000[ ] 000[ ] 000[ ] 100[d] 100[d] 001[ ]
Send ToIndex(1): 017[ ] 001[ ] 000[ ] 001[ ] 000[ ] 004[ ] 006[ ] 000[ ] 053[5] 021[ ] 000[ ] 009[ ] 067[C] 114[r] 097[a] 122[z] 121[y] 032[ ] 109[m] 097[a] 110[n] 000[ ] 000[ ] 001[ ] 000[ ] 000[ ] 000[ ] 100[d] 100[d] 001[ ]
Send ToIndex(1): 017[ ] 001[ ] 000[ ] 001[ ] 000[ ] 008[ ] 005[ ] 000[ ] 039['] 034["] 000[ ] 009[ ] 067[C] 114[r] 097[a] 122[z] 121[y] 032[ ] 109[m] 097[a] 110[n] 000[ ] 000[ ] 001[ ] 000[ ] 000[ ] 000[ ] 100[d] 100[d] 001[ ]
Send ToIndex(1): 017[ ] 001[ ] 000[ ] 000[ ] 000[ ] 003[ ] 002[ ] 000[ ] 039['] 035[#] 003[ ] 012[ ] 072[H] 101[e] 097[a] 100[d] 108[l] 101[e] 115[s] 115[s] 032[ ] 077[M] 097[a] 110[n] 000[ ] 000[ ] 001[ ] 000[ ] 001[ ] 000[ ] 100[d] 100[d] 003[ ]
Send ToIndex(1): 017[ ] 001[ ] 000[ ] 001[ ] 000[ ] 003[ ] 004[ ] 000[ ] 044[,] 035[#] 000[ ] 006[ ] 066[B] 097[a] 110[n] 107[k] 101[e] 114[r] 000[ ] 000[ ] 001[ ] 000[ ] 001[ ] 000[ ] 100[d] 100[d] 000[ ]
Send ToIndex(1): 005[ ] 007[ ] 000[ ]
Send ToIndex(1): 017[ ] 001[ ] 000[ ] 001[ ] 000[ ] 004[ ] 006[ ] 000[ ] 053[5] 021[ ] 000[ ] 009[ ] 067[C] 114[r] 097[a] 122[z] 121[y] 032[ ] 109[m] 097[a] 110[n] 000[ ] 000[ ] 001[ ] 000[ ] 000[ ] 000[ ] 100[d] 100[d] 001[ ]
Send ToIndex(1): 017[ ] 001[ ] 000[ ] 001[ ] 000[ ] 002[ ] 001[ ] 000[ ] 032[ ] 015[ ] 000[ ] 009[ ] 067[C] 114[r] 097[a] 122[z] 121[y] 032[ ] 109[m] 097[a] 110[n] 000[ ] 000[ ] 001[ ] 000[ ] 000[ ] 000[ ] 100[d] 100[d] 001[ ]
Send ToIndex(1): 017[ ] 001[ ] 000[ ] 001[ ] 000[ ] 005[ ] 003[ ] 000[ ] 043[+] 020[ ] 000[ ] 009[ ] 067[C] 114[r] 097[a] 122[z] 121[y] 032[ ] 109[m] 097[a] 110[n] 000[ ] 000[ ] 001[ ] 000[ ] 000[ ] 000[ ] 100[d] 100[d] 001[ ]
Send ToIndex(1): 017[ ] 001[ ] 000[ ] 001[ ] 000[ ] 008[ ] 005[ ] 000[ ] 039['] 034["] 000[ ] 009[ ] 067[C] 114[r] 097[a] 122[z] 121[y] 032[ ] 109[m] 097[a] 110[n] 000[ ] 000[ ] 001[ ] 000[ ] 000[ ] 000[ ] 100[d] 100[d] 001[ ]
Send Buffer: 015[ ] 013[ ] 075[K] 097[a] 108[l] 109[m] 101[e] 114[r] 032[ ] 073[I] 115[s] 108[l] 097[a] 110[n] 100[d] 002[ ] 001[ ] 014[ ] 017[ ] 002[ ] 000[ ] 001[ ] 000[ ] 003[ ] 007[ ] 000[ ] 015[ ] 015[ ] 005[ ] 005[ ] 083[S] 112[p] 111[o] 100[d] 105[i] 001[ ] 000[ ] 001[ ] 000[ ] 001[ ] 000[ ] 071[G] 083[S] 000[ ] 000[ ] 000[ ] 000[ ] 000[ ] 000[ ] 000[ ] 000[ ] 000[ ] 000[ ] 000[ ] 000[ ] 000[ ] 000[ ] 000[ ] 000[ ] 000[ ] 000[ ] 000[ ] 000[ ] 000[ ] 017[ ] 001[ ] 000[ ] 001[ ] 000[ ] 002[ ] 001[ ] 000[ ] 032[ ] 015[ ] 000[ ] 009[ ] 067[C] 114[r] 097[a] 122[z] 121[y] 032[ ] 109[m] 097[a] 110[n] 000[ ] 000[ ] 001[ ] 000[ ] 000[ ] 000[ ] 100[d] 100[d] 001[ ] 017[ ] 001[ ] 000[ ] 001[ ] 000[ ] 005[ ] 003[ ] 000[ ] 043[+] 020[ ] 000[ ] 009[ ] 067[C] 114[r] 097[a] 122[z] 121[y] 032[ ] 109[m] 097[a] 110[n] 000[ ] 000[ ] 001[ ] 000[ ] 000[ ] 000[ ] 100[d] 100[d] 001[ ] 017[ ] 001[ ] 000[ ] 001[ ] 000[ ] 004[ ] 006[ ] 000[ ] 053[5] 021[ ] 000[ ] 009[ ] 067[C] 114[r] 097[a] 122[z] 121[y] 032[ ] 109[m] 097[a] 110[n] 000[ ] 000[ ] 001[ ] 000[ ] 000[ ] 000[ ] 100[d] 100[d] 001[ ] 017[ ] 001[ ] 000[ ] 001[ ] 000[ ] 008[ ] 005[ ] 000[ ] 039['] 034["] 000[ ] 009[ ] 067[C] 114[r] 097[a] 122[z] 121[y] 032[ ] 109[m] 097[a] 110[n] 000[ ] 000[ ] 001[ ] 000[ ] 000[ ] 000[ ] 100[d] 100[d] 001[ ] 017[ ] 001[ ] 000[ ] 000[ ] 000[ ] 003[ ] 002[ ] 000[ ] 039['] 035[#] 003[ ] 012[ ] 072[H] 101[e] 097[a] 100[d] 108[l] 101[e] 115[s] 115[s] 032[ ] 077[M] 097[a] 110[n] 000[ ] 000[ ] 001[ ] 000[ ] 001[ ] 000[ ] 100[d] 100[d] 003[ ] 017[ ] 001[ ] 000[ ] 001[ ] 000[ ] 003[ ] 004[ ] 000[ ] 044[,] 035[#] 000[ ] 006[ ] 066[B] 097[a] 110[n] 107[k] 101[e] 114[r] 000[ ] 000[ ] 001[ ] 000[ ] 001[ ] 000[ ] 100[d] 100[d] 000[ ] 005[ ] 007[ ] 000[ ] 017[ ] 001[ ] 000[ ] 001[ ] 000[ ] 004[ ] 006[ ] 000[ ] 053[5] 021[ ] 000[ ] 009[ ] 067[C] 114[r] 097[a] 122[z] 121[y] 032[ ] 109[m] 097[a] 110[n] 000[ ] 000[ ] 001[ ] 000[ ] 000[ ] 000[ ] 100[d] 100[d] 001[ ] 017[ ] 001[ ] 000[ ] 001[ ] 000[ ] 002[ ] 001[ ] 000[ ] 032[ ] 015[ ] 000[ ] 009[ ] 067[C] 114[r] 097[a] 122[z] 121[y] 032[ ] 109[m] 097[a] 110[n] 000[ ] 000[ ] 001[ ] 000[ ] 000[ ] 000[ ] 100[d] 100[d] 001[ ] 017[ ] 001[ ] 000[ ] 001[ ] 000[ ] 005[ ] 003[ ] 000[ ] 043[+] 020[ ] 000[ ] 009[ ] 067[C] 114[r] 097[a] 122[z] 121[y] 032[ ] 109[m] 097[a] 110[n] 000[ ] 000[ ] 001[ ] 000[ ] 000[ ] 000[ ] 100[d] 100[d] 001[ ] 017[ ] 001[ ] 000[ ] 001[ ] 000[ ] 008[ ] 005[ ] 000[ ] 039['] 034["] 000[ ] 009[ ] 067[C] 114[r] 097[a] 122[z] 121[y] 032[ ] 109[m] 097[a] 110[n] 000[ ] 000[ ] 001[ ] 000[ ] 000[ ] 000[ ] 100[d] 100[d] 001[ ]
Send ToIndex(1): 060[<]
Send Buffer: 060[<]
Send ToIndex(1): 060[<]
Send Buffer: 060[<]
Send ToNPCMove(3): 019[ ] 003[ ] 000[ ] 044[,] 020[ ] 002[ ]
Send Buffer: 019[ ] 003[ ] 000[ ] 044[,] 020[ ] 002[ ]
Send ToNPCMove(6): 019[ ] 006[ ] 000[ ] 053[5] 022[ ] 003[ ]
Send Buffer: 019[ ] 006[ ] 000[ ] 053[5] 022[ ] 003[ ]
Send ToUserMove(1): 019[ ] 007[ ] 000[ ] 015[ ] 016[ ] 131[ƒ]
Send ToIndex(1): 052[4] 003[ ] 048[0] 000[ ] 000[ ] 000[ ]
Send Buffer: 052[4] 003[ ] 048[0] 000[ ] 000[ ] 000[ ]
Send ToUserMove(1): 019[ ] 007[ ] 000[ ] 015[ ] 017[ ] 131[ƒ]
Send ToUserMove(1): 019[ ] 007[ ] 000[ ] 015[ ] 018[ ] 131[ƒ]
Send ToIndex(1): 052[4] 003[ ] 044[,] 000[ ] 000[ ] 000[ ]
Send Buffer: 052[4] 003[ ] 044[,] 000[ ] 000[ ] 000[ ]
Send ToNPCMove(1): 019[ ] 001[ ] 000[ ] 031[ ] 015[ ] 004[ ]
Send Buffer: 019[ ] 001[ ] 000[ ] 031[ ] 015[ ] 004[ ]
Send ToUserMove(1): 019[ ] 007[ ] 000[ ] 015[ ] 019[ ] 131[ƒ]
Send ToIndex(1): 060[<]
Send Buffer: 060[<]
Send ToUserMove(1): 019[ ] 007[ ] 000[ ] 015[ ] 020[ ] 131[ƒ]
Send ToIndex(1): 052[4] 001[ ] 052[4] 000[ ] 000[ ] 000[ ] 052[4] 002[ ] 052[4] 000[ ] 000[ ] 000[ ] 052[4] 003[ ] 042[*] 000[ ] 000[ ] 000[ ]
Send ToMap(1): 012[ ] 074[J] 007[ ] 000[ ]
Send ToMap(1): 045[-] 087[W] 007[ ] 000[ ]
Send Buffer: 052[4] 001[ ] 052[4] 000[ ] 000[ ] 000[ ] 052[4] 002[ ] 052[4] 000[ ] 000[ ] 000[ ] 052[4] 003[ ] 042[*] 000[ ] 000[ ] 000[ ] 012[ ] 074[J] 007[ ] 000[ ] 045[-] 087[W] 007[ ] 000[ ]
Send ToNPCMove(3): 019[ ] 003[ ] 000[ ] 044[,] 021[ ] 003[ ]
Send Buffer: 019[ ] 003[ ] 000[ ] 044[,] 021[ ] 003[ ]
Send ToUserMove(1): 019[ ] 007[ ] 000[ ] 015[ ] 021[ ] 131[ƒ]
Send ToNPCMove(5): 019[ ] 005[ ] 000[ ] 038[&] 034["] 004[ ]
Send ToUserMove(1): 019[ ] 007[ ] 000[ ] 015[ ] 022[ ] 131[ƒ]
Send Buffer: 019[ ] 005[ ] 000[ ] 038[&] 034["] 004[ ]
Send ToIndex(1): 052[4] 003[ ] 038[&] 000[ ] 000[ ] 000[ ]
Send Buffer: 052[4] 003[ ] 038[&] 000[ ] 000[ ] 000[ ]
Send ToUserMove(1): 019[ ] 007[ ] 000[ ] 016[ ] 023[ ] 134[†]
Send ToUserMove(1): 019[ ] 007[ ] 000[ ] 017[ ] 024[ ] 134[†]
Send ToIndex(1): 052[4] 003[ ] 034["] 000[ ] 000[ ] 000[ ]
Send ToIndex(1): 060[<]
Send Buffer: 052[4] 003[ ] 034["] 000[ ] 000[ ] 000[ ] 060[<]
Send ToUserMove(1): 019[ ] 007[ ] 000[ ] 018[ ] 025[ ] 134[†]
Send ToUserMove(1): 019[ ] 007[ ] 000[ ] 019[ ] 026[ ] 134[†]
Send ToIndex(1): 052[4] 003[ ] 030[ ] 000[ ] 000[ ] 000[ ]
Send Buffer: 052[4] 003[ ] 030[ ] 000[ ] 000[ ] 000[ ]
Send ToUserMove(1): 019[ ] 007[ ] 000[ ] 019[ ] 027[ ] 131[ƒ]
Send ToUserMove(1): 019[ ] 007[ ] 000[ ] 019[ ] 028[ ] 131[ƒ]
Send ToIndex(1): 052[4] 003[ ] 026[ ] 000[ ] 000[ ] 000[ ]
Send Buffer: 052[4] 003[ ] 026[ ] 000[ ] 000[ ] 000[ ]
Send ToIndex(1): 060[<]
Send Buffer: 060[<]
Send ToUserMove(1): 019[ ] 007[ ] 000[ ] 019[ ] 029[ ] 131[ƒ]
Send ToIndex(1): 052[4] 003[ ] 024[ ] 000[ ] 000[ ] 000[ ]
Send ToUserMove(1): 019[ ] 007[ ] 000[ ] 019[ ] 030[ ] 131[ƒ]
Send Buffer: 052[4] 003[ ] 024[ ] 000[ ] 000[ ] 000[ ]
Send ToUserMove(1): 019[ ] 007[ ] 000[ ] 019[ ] 031[ ] 131[ƒ]
Send ToIndex(1): 052[4] 003[ ] 020[ ] 000[ ] 000[ ] 000[ ]
Send Buffer: 052[4] 003[ ] 020[ ] 000[ ] 000[ ] 000[ ]
Send ToUserMove(1): 019[ ] 007[ ] 000[ ] 020[ ] 031[ ] 130[‚]
Send ToUserMove(1): 019[ ] 007[ ] 000[ ] 021[ ] 031[ ] 130[‚]
Send ToNPCMove(3): 019[ ] 003[ ] 000[ ] 044[,] 022[ ] 003[ ]
Send ToIndex(1): 060[<]
Send Buffer: 019[ ] 003[ ] 000[ ] 044[,] 022[ ] 003[ ] 060[<]
Send ToIndex(1): 052[4] 001[ ] 054[6] 000[ ] 000[ ] 000[ ] 052[4] 002[ ] 054[6] 000[ ] 000[ ] 000[ ] 052[4] 003[ ] 018[ ] 000[ ] 000[ ] 000[ ]
Send ToMap(1): 012[ ] 077[M] 007[ ] 000[ ]
Send ToMap(1): 045[-] 090[Z] 007[ ] 000[ ]
Send Buffer: 052[4] 001[ ] 054[6] 000[ ] 000[ ] 000[ ] 052[4] 002[ ] 054[6] 000[ ] 000[ ] 000[ ] 052[4] 003[ ] 018[ ] 000[ ] 000[ ] 000[ ] 012[ ] 077[M] 007[ ] 000[ ] 045[-] 090[Z] 007[ ] 000[ ]
Send ToNPCMove(1): 019[ ] 001[ ] 000[ ] 031[ ] 016[ ] 003[ ]
Send ToUserMove(1): 019[ ] 007[ ] 000[ ] 022[ ] 031[ ] 130[‚]
Send Buffer: 019[ ] 001[ ] 000[ ] 031[ ] 016[ ] 003[ ]
Send ToUserMove(1): 019[ ] 007[ ] 000[ ] 023[ ] 031[ ] 130[‚]
Send ToIndex(1): 052[4] 003[ ] 014[ ] 000[ ] 000[ ] 000[ ]
Send Buffer: 052[4] 003[ ] 014[ ] 000[ ] 000[ ] 000[ ]
Send ToUserMove(1): 019[ ] 007[ ] 000[ ] 024[ ] 032[ ] 134[†]
Send ToUserMove(1): 019[ ] 007[ ] 000[ ] 025[ ] 032[ ] 130[‚]
Send ToIndex(1): 052[4] 003[ ] 010[ ] 000[ ] 000[ ] 000[ ]
Send Buffer: 052[4] 003[ ] 010[ ] 000[ ] 000[ ] 000[ ]
Send ToIndex(1): 060[<]
Send ToUserMove(1): 019[ ] 007[ ] 000[ ] 024[ ] 032[ ] 132[„]
Send Buffer: 060[<]
Send ToUserMove(1): 019[ ] 007[ ] 000[ ] 023[ ] 032[ ] 132[„]
Send ToNPCMove(3): 019[ ] 003[ ] 000[ ] 045[-] 021[ ] 005[ ]
Send Buffer: 019[ ] 003[ ] 000[ ] 045[-] 021[ ] 005[ ]
Send ToIndex(1): 052[4] 003[ ] 006[ ] 000[ ] 000[ ] 000[ ]
Send Buffer: 052[4] 003[ ] 006[ ] 000[ ] 000[ ] 000[ ]
Send ToUserMove(1): 019[ ] 007[ ] 000[ ] 022[ ] 032[ ] 132[„]
Send ToNPCMove(6): 019[ ] 006[ ] 000[ ] 054[6] 021[ ] 005[ ]
Send Buffer: 019[ ] 006[ ] 000[ ] 054[6] 021[ ] 005[ ]
Send ToUserMove(1): 019[ ] 007[ ] 000[ ] 021[ ] 031[ ] 136[ˆ]
Send ToIndex(1): 052[4] 003[ ] 002[ ] 000[ ] 000[ ] 000[ ]
Send Buffer: 052[4] 003[ ] 002[ ] 000[ ] 000[ ] 000[ ]
Send ToNPCMove(1): 019[ ] 001[ ] 000[ ] 030[ ] 016[ ] 004[ ]
Send ToUserMove(1): 019[ ] 007[ ] 000[ ] 020[ ] 030[ ] 136[ˆ]
Send Buffer: 019[ ] 001[ ] 000[ ] 030[ ] 016[ ] 004[ ]
Send ToIndex(1): 060[<]
Send Buffer: 060[<]
Send ToUserMove(1): 019[ ] 007[ ] 000[ ] 020[ ] 029[ ] 001[ ]
Send ToIndex(1): 052[4] 003[ ] 000[ ] 000[ ] 000[ ] 000[ ]
Send Buffer: 052[4] 003[ ] 000[ ] 000[ ] 000[ ] 000[ ]
Send ToUserMove(1): 019[ ] 007[ ] 000[ ] 020[ ] 028[ ] 001[ ]
Send ToUserMove(1): 019[ ] 007[ ] 000[ ] 020[ ] 027[ ] 001[ ]
Send ToUserMove(1): 019[ ] 007[ ] 000[ ] 020[ ] 026[ ] 001[ ]
Send ToUserMove(1): 019[ ] 007[ ] 000[ ] 020[ ] 025[ ] 129[]
Send ToIndex(1): 060[<]
Send Buffer: 060[<]
Send ToUserMove(1): 019[ ] 007[ ] 000[ ] 020[ ] 024[ ] 001[ ]
Send ToIndex(1): 052[4] 001[ ] 056[8] 000[ ] 000[ ] 000[ ] 052[4] 002[ ] 056[8] 000[ ] 000[ ] 000[ ] 052[4] 003[ ] 000[ ] 000[ ] 000[ ] 000[ ]
Send ToMap(1): 012[ ] 080[P] 007[ ] 000[ ]
Send ToMap(1): 045[-] 093[]] 007[ ] 000[ ]
Send Buffer: 052[4] 001[ ] 056[8] 000[ ] 000[ ] 000[ ] 052[4] 002[ ] 056[8] 000[ ] 000[ ] 000[ ] 052[4] 003[ ] 000[ ] 000[ ] 000[ ] 000[ ] 012[ ] 080[P] 007[ ] 000[ ] 045[-] 093[]] 007[ ] 000[ ]
Send ToUserMove(1): 019[ ] 007[ ] 000[ ] 020[ ] 023[ ] 001[ ]
Send ToNPCMove(3): 019[ ] 003[ ] 000[ ] 046[.] 021[ ] 002[ ]
Send Buffer: 019[ ] 003[ ] 000[ ] 046[.] 021[ ] 002[ ]
Send ToUserMove(1): 019[ ] 007[ ] 000[ ] 020[ ] 022[ ] 001[ ]
Send ToNPCMove(1): 019[ ] 001[ ] 000[ ] 030[ ] 015[ ] 001[ ]
Send Buffer: 019[ ] 001[ ] 000[ ] 030[ ] 015[ ] 001[ ]
Send ToNPCMove(6): 019[ ] 006[ ] 000[ ] 053[5] 021[ ] 004[ ]
Send Buffer: 019[ ] 006[ ] 000[ ] 053[5] 021[ ] 004[ ]
Send ToUserMove(1): 019[ ] 007[ ] 000[ ] 021[ ] 021[ ] 005[ ]
Send ToIndex(1): 060[<]
Send Buffer: 060[<]
Send ToUserMove(1): 019[ ] 007[ ] 000[ ] 022[ ] 020[ ] 005[ ]
Send ToUserMove(1): 019[ ] 007[ ] 000[ ] 023[ ] 019[ ] 005[ ]
Send ToUserMove(1): 019[ ] 007[ ] 000[ ] 024[ ] 018[ ] 005[ ]
Send ToUserMove(1): 019[ ] 007[ ] 000[ ] 025[ ] 018[ ] 002[ ]
Send ToNPCMove(1): 019[ ] 001[ ] 000[ ] 030[ ] 016[ ] 003[ ]
Send ToUserMove(1): 019[ ] 007[ ] 000[ ] 026[ ] 018[ ] 002[ ]
Send Buffer: 019[ ] 001[ ] 000[ ] 030[ ] 016[ ] 003[ ]
Send ToIndex(1): 060[<]
Send Buffer: 060[<]
Send ToUserMove(1): 019[ ] 007[ ] 000[ ] 027[ ] 018[ ] 002[ ]
Send ToUserMove(1): 019[ ] 007[ ] 000[ ] 028[ ] 018[ ] 002[ ]
Send ToNPCMove(6): 019[ ] 006[ ] 000[ ] 052[4] 020[ ] 008[ ]
Send Buffer: 019[ ] 006[ ] 000[ ] 052[4] 020[ ] 008[ ]
Send ToUserMove(1): 019[ ] 007[ ] 000[ ] 029[ ] 019[ ] 006[ ]
Send ToUserMove(1): 019[ ] 007[ ] 000[ ] 030[ ] 020[ ] 006[ ]
Send ToIndex(1): 060[<]
Send ToUserMove(1): 019[ ] 007[ ] 000[ ] 031[ ] 020[ ] 130[‚]
Send Buffer: 060[<]
Send ToIndex(1): 052[4] 001[ ] 058[:] 000[ ] 000[ ] 000[ ] 052[4] 002[ ] 058[:] 000[ ] 000[ ] 000[ ] 052[4] 003[ ] 000[ ] 000[ ] 000[ ] 000[ ]
Send ToMap(1): 012[ ] 083[S] 007[ ] 000[ ]
Send ToMap(1): 045[-] 097[a] 007[ ] 000[ ]
Send Buffer: 052[4] 001[ ] 058[:] 000[ ] 000[ ] 000[ ] 052[4] 002[ ] 058[:] 000[ ] 000[ ] 000[ ] 052[4] 003[ ] 000[ ] 000[ ] 000[ ] 000[ ] 012[ ] 083[S] 007[ ] 000[ ] 045[-] 097[a] 007[ ] 000[ ]
Send ToUserMove(1): 019[ ] 007[ ] 000[ ] 032[ ] 020[ ] 002[ ]
Send ToUserMove(1): 019[ ] 007[ ] 000[ ] 033[!] 020[ ] 002[ ]
Send ToNPCMove(1): 019[ ] 001[ ] 000[ ] 029[ ] 017[ ] 007[ ]
Send ToUserMove(1): 019[ ] 007[ ] 000[ ] 034["] 020[ ] 002[ ]
Send Buffer: 019[ ] 001[ ] 000[ ] 029[ ] 017[ ] 007[ ]
Send ToUserMove(1): 019[ ] 007[ ] 000[ ] 035[#] 020[ ] 002[ ]
Send ToIndex(1): 060[<]
Send Buffer: 060[<]
Send ToUserMove(1): 019[ ] 007[ ] 000[ ] 036[$] 020[ ] 002[ ]
Send ToNPCMove(6): 019[ ] 006[ ] 000[ ] 051[3] 021[ ] 007[ ]
Send Buffer: 019[ ] 006[ ] 000[ ] 051[3] 021[ ] 007[ ]
Send ToUserMove(1): 019[ ] 007[ ] 000[ ] 037[%] 021[ ] 006[ ]
Send ToUserMove(1): 019[ ] 007[ ] 000[ ] 038[&] 022[ ] 006[ ]
Send ToNPCMove(3): 019[ ] 003[ ] 000[ ] 047[/] 020[ ] 005[ ]
Send ToUserMove(1): 019[ ] 007[ ] 000[ ] 039['] 023[ ] 006[ ]
Send Buffer: 019[ ] 003[ ] 000[ ] 047[/] 020[ ] 005[ ]
Send ToUserMove(1): 019[ ] 007[ ] 000[ ] 040[(] 024[ ] 006[ ]
Send ToIndex(1): 060[<]
Send Buffer: 060[<]
Send ToUserMove(1): 019[ ] 007[ ] 000[ ] 041[)] 025[ ] 006[ ]
Send ToUserMove(1): 019[ ] 007[ ] 000[ ] 042[*] 026[ ] 006[ ]
Send ToUserMove(1): 019[ ] 007[ ] 000[ ] 042[*] 027[ ] 003[ ]
Send ToUserMove(1): 019[ ] 007[ ] 000[ ] 042[*] 028[ ] 003[ ]
Send ToNPCMove(1): 019[ ] 001[ ] 000[ ] 029[ ] 018[ ] 003[ ]
Send Buffer: 019[ ] 001[ ] 000[ ] 029[ ] 018[ ] 003[ ]
Send ToIndex(1): 060[<]
Send ToIndex(1): 052[4] 001[ ] 060[<] 000[ ] 000[ ] 000[ ] 052[4] 002[ ] 060[<] 000[ ] 000[ ] 000[ ] 052[4] 003[ ] 002[ ] 000[ ] 000[ ] 000[ ]
Send ToMap(1): 012[ ] 086[V] 007[ ] 000[ ]
Send ToMap(1): 045[-] 100[d] 007[ ] 000[ ]
Send ToUserMove(1): 019[ ] 007[ ] 000[ ] 042[*] 029[ ] 131[ƒ]
Send Buffer: 060[<] 052[4] 001[ ] 060[<] 000[ ] 000[ ] 000[ ] 052[4] 002[ ] 060[<] 000[ ] 000[ ] 000[ ] 052[4] 003[ ] 002[ ] 000[ ] 000[ ] 000[ ] 012[ ] 086[V] 007[ ] 000[ ] 045[-] 100[d] 007[ ] 000[ ]
Send ToUserMove(1): 019[ ] 007[ ] 000[ ] 042[*] 030[ ] 003[ ]
Send ToIndex(1): 052[4] 003[ ] 000[ ] 000[ ] 000[ ] 000[ ]
Send Buffer: 052[4] 003[ ] 000[ ] 000[ ] 000[ ] 000[ ]
Send ToNPCMove(6): 019[ ] 006[ ] 000[ ] 050[2] 021[ ] 004[ ]
Send ToUserMove(1): 019[ ] 007[ ] 000[ ] 042[*] 031[ ] 003[ ]
Send Buffer: 019[ ] 006[ ] 000[ ] 050[2] 021[ ] 004[ ]
Send ToUserMove(1): 019[ ] 007[ ] 000[ ] 042[*] 032[ ] 003[ ]
Send ToUserMove(1): 019[ ] 007[ ] 000[ ] 042[*] 033[!] 003[ ]
Send ToIndex(1): 060[<]
Send Buffer: 060[<]
Send ToUserMove(1): 019[ ] 007[ ] 000[ ] 042[*] 034["] 003[ ]
Send ToUserMove(1): 019[ ] 007[ ] 000[ ] 041[)] 034["] 004[ ]
Send ToUserMove(1): 019[ ] 007[ ] 000[ ] 040[(] 034["] 004[ ]
Send ToUserMove(1): 019[ ] 007[ ] 000[ ] 040[(] 035[#] 003[ ]
Send ToIndex(1): 060[<]
Send Buffer: 060[<]
Send ToUserMove(1): 019[ ] 007[ ] 000[ ] 041[)] 035[#] 002[ ]
Send ToUserMove(1): 019[ ] 007[ ] 000[ ] 041[)] 034["] 001[ ]
Send ToNPCMove(6): 019[ ] 006[ ] 000[ ] 049[1] 022[ ] 007[ ]
Send Buffer: 019[ ] 006[ ] 000[ ] 049[1] 022[ ] 007[ ]
Send ToNPCMove(3): 019[ ] 003[ ] 000[ ] 048[0] 020[ ] 002[ ]
Send Buffer: 019[ ] 003[ ] 000[ ] 048[0] 020[ ] 002[ ]
Send ToIndex(1): 060[<]
Send Buffer: 060[<]
Send ToUserMove(1): 019[ ] 007[ ] 000[ ] 041[)] 035[#] 131[ƒ]
Send ToIndex(1): 052[4] 001[ ] 062[>] 000[ ] 000[ ] 000[ ] 052[4] 003[ ] 000[ ] 000[ ] 000[ ] 000[ ]
Send ToMap(1): 012[ ] 089[Y] 007[ ] 000[ ]
Send Buffer: 052[4] 001[ ] 062[>] 000[ ] 000[ ] 000[ ] 052[4] 003[ ] 000[ ] 000[ ] 000[ ] 000[ ] 012[ ] 089[Y] 007[ ] 000[ ]
Send ToNPCMove(6): 019[ ] 006[ ] 000[ ] 049[1] 023[ ] 003[ ]
Send ToIndex(1): 060[<]
Send Buffer: 019[ ] 006[ ] 000[ ] 049[1] 023[ ] 003[ ] 060[<]
Send ToNPCMove(3): 019[ ] 003[ ] 000[ ] 047[/] 021[ ] 007[ ]
Send Buffer: 019[ ] 003[ ] 000[ ] 047[/] 021[ ] 007[ ]
Send ToIndex(1): 060[<]
Send Buffer: 060[<]
Send ToNPCMove(6): 019[ ] 006[ ] 000[ ] 049[1] 024[ ] 003[ ]
Send Buffer: 019[ ] 006[ ] 000[ ] 049[1] 024[ ] 003[ ]
Send ToIndex(1): 060[<]
Send Buffer: 060[<]
Send ToNPCMove(1): 019[ ] 001[ ] 000[ ] 029[ ] 017[ ] 001[ ]
Send ToIndex(1): 052[4] 001[ ] 064[@] 000[ ] 000[ ] 000[ ] 052[4] 003[ ] 002[ ] 000[ ] 000[ ] 000[ ]
Send ToMap(1): 012[ ] 091[[] 007[ ] 000[ ]
Send Buffer: 019[ ] 001[ ] 000[ ] 029[ ] 017[ ] 001[ ] 052[4] 001[ ] 064[@] 000[ ] 000[ ] 000[ ] 052[4] 003[ ] 002[ ] 000[ ] 000[ ] 000[ ] 012[ ] 091[[] 007[ ] 000[ ]
Send ToNPCMove(3): 019[ ] 003[ ] 000[ ] 046[.] 021[ ] 004[ ]
Send ToIndex(1): 060[<]
Send Buffer: 019[ ] 003[ ] 000[ ] 046[.] 021[ ] 004[ ] 060[<]
Send ToIndex(1): 060[<]
Send Buffer: 060[<]
Send ToMap(1): 018[ ] 007[ ] 000[ ]
Send ToAll: 079[O] 068[D] 005[ ] 083[S] 112[p] 111[o] 100[d] 105[i]
