Send ToIndex(1): 024[ ] 001[ ] 001[ ] 000[ ] 000[ ] 000[ ] 019[ ] 084[T] 105[i] 110[n] 121[y] 032[ ] 072[H] 101[e] 097[a] 108[l] 105[i] 110[n] 103[g] 032[ ] 080[P] 111[o] 116[t] 105[i] 111[o] 110[n] 005[ ] 000[ ] 000[ ] 000[ ] 000[ ] 038[&] 000[ ] 000[ ] 000[ ]
Send ToIndex(1): 024[ ] 002[ ] 002[ ] 000[ ] 000[ ] 000[ ] 019[ ] 077[M] 105[i] 110[n] 105[i] 032[ ] 072[H] 101[e] 097[a] 108[l] 105[i] 110[n] 103[g] 032[ ] 080[P] 111[o] 116[t] 105[i] 111[o] 110[n] 001[ ] 000[ ] 000[ ] 000[ ] 000[ ] 038[&] 000[ ] 000[ ] 000[ ]
Send ToIndex(1): 024[ ] 003[ ] 003[ ] 000[ ] 000[ ] 000[ ] 020[ ] 083[S] 109[m] 097[a] 108[l] 108[l] 032[ ] 072[H] 101[e] 097[a] 108[l] 105[i] 110[n] 103[g] 032[ ] 080[P] 111[o] 116[t] 105[i] 111[o] 110[n] 001[ ] 000[ ] 000[ ] 000[ ] 000[ ] 038[&] 000[ ] 000[ ] 000[ ]
Send ToIndex(1): 024[ ] 004[ ] 005[ ] 000[ ] 000[ ] 000[ ] 012[ ] 078[N] 101[e] 119[w] 098[b] 105[i] 101[e] 032[ ] 065[A] 114[r] 109[m] 111[o] 114[r] 001[ ] 000[ ] 000[ ] 000[ ] 001[ ] 232[è] 003[ ] 000[ ] 000[ ]
Send ToIndex(1): 024[ ] 005[ ] 006[ ] 000[ ] 000[ ] 000[ ] 013[ ] 078[N] 101[e] 119[w] 098[b] 105[i] 101[e] 032[ ] 068[D] 097[a] 103[g] 103[g] 101[e] 114[r] 001[ ] 000[ ] 000[ ] 000[ ] 001[ ] 020[ ] 005[ ] 000[ ] 000[ ]
Send ToIndex(1): 024[ ] 006[ ] 007[ ] 000[ ] 000[ ] 000[ ] 011[ ] 065[A] 110[n] 103[g] 101[e] 108[l] 032[ ] 087[W] 105[i] 110[n] 103[g] 115[s] 001[ ] 000[ ] 000[ ] 000[ ] 001[ ] 176[°] 004[ ] 000[ ] 000[ ]
Send ToIndex(1): 024[ ] 007[ ] 008[ ] 000[ ] 000[ ] 000[ ] 011[ ] 078[N] 105[i] 110[n] 106[j] 097[a] 032[ ] 083[S] 116[t] 097[a] 114[r] 115[s] 001[ ] 000[ ] 000[ ] 000[ ] 000[ ] 011[ ] 000[ ] 000[ ] 000[ ]
Send ToIndex(1): 024[ ] 008[ ] 009[ ] 000[ ] 000[ ] 000[ ] 008[ ] 066[B] 105[i] 103[g] 032[ ] 083[S] 116[t] 097[a] 114[r] 050[2] 000[ ] 000[ ] 000[ ] 000[ ] 027[ ] 000[ ] 000[ ] 000[ ]
Send ToIndex(1): 026[ ] 008[ ] 001[ ] 000[ ] 001[ ] 000[ ] 000[ ]
Send ToMap(1): 017[ ] 002[ ] 000[ ] 001[ ] 000[ ] 003[ ] 007[ ] 000[ ] 034["] 035[#] 000[ ] 005[ ] 083[S] 112[p] 111[o] 100[d] 105[i] 001[ ] 000[ ] 001[ ] 000[ ] 001[ ] 000[ ] 255[ÿ] 255[ÿ] 000[ ] 001[ ]
Send ToIndex(1): 041[)] 048[0] 087[W] 101[e] 108[l] 099[c] 111[o] 109[m] 101[e] 032[ ] 116[t] 111[o] 032[ ] 118[v] 098[b] 071[G] 079[O] 082[R] 069[E] 033[!] 032[ ] 070[F] 111[o] 114[r] 032[ ] 104[h] 101[e] 108[l] 112[p] 044[,] 032[ ] 112[p] 108[l] 101[e] 097[a] 115[s] 101[e] 032[ ] 116[t] 121[y] 112[p] 101[e] 032[ ] 124[|] 047[/] 104[h] 101[e] 108[l] 112[p] 124[|] 002[ ] 041[)] 047[/] 085[U] 115[s] 101[e] 032[ ] 124[|] 067[C] 116[t] 114[r] 108[l] 043[+] 087[W] 124[|] 032[ ] 102[f] 111[o] 114[r] 032[ ] 105[i] 110[n] 118[v] 101[e] 110[n] 116[t] 111[o] 114[r] 121[y] 044[,] 032[ ] 124[|] 067[C] 116[t] 114[r] 108[l] 043[+] 083[S] 124[|] 032[ ] 102[f] 111[o] 114[r] 032[ ] 115[s] 116[t] 097[a] 116[t] 115[s] 046[.] 002[ ] 041[)] 039['] 080[P] 108[l] 101[e] 097[a] 115[s] 101[e] 032[ ] 118[v] 105[i] 115[s] 105[i] 116[t] 032[ ] 111[o] 117[u] 114[r] 032[ ] 115[s] 105[i] 116[t] 101[e] 032[ ] 097[a] 116[t] 032[ ] 119[w] 119[w] 119[w] 046[.] 118[v] 098[b] 103[g] 111[o] 114[r] 101[e] 046[.] 099[c] 111[o] 109[m] 002[ ] 041[)] 049[1] 081[Q] 117[u] 101[e] 115[s] 116[t] 105[i] 111[o] 110[n] 115[s] 044[,] 032[ ] 099[c] 111[o] 100[d] 101[e] 044[,] 032[ ] 104[h] 101[e] 108[l] 112[p] 044[,] 032[ ] 101[e] 116[t] 099[c] 032[ ] 099[c] 097[a] 110[n] 032[ ] 098[b] 101[e] 032[ ] 102[f] 111[o] 117[u] 110[n] 100[d] 032[ ] 116[t] 104[h] 101[e] 114[r] 101[e] 046[.] 032[ ] 058[:] 041[)] 002[ ] 041[)] 059[;] 082[R] 101[e] 109[m] 101[e] 109[m] 098[b] 101[e] 114[r] 032[ ] 116[t] 111[o] 032[ ] 103[g] 111[o] 032[ ] 117[u] 110[n] 100[d] 101[e] 114[r] 032[ ] 116[t] 104[h] 101[e] 032[ ] 124[|] 119[w] 097[a] 116[t] 101[e] 114[r] 102[f] 097[a] 108[l] 108[l] 124[|] 032[ ] 116[t] 111[o] 032[ ] 102[f] 105[i] 103[g] 104[h] 116[t] 032[ ] 115[s] 111[o] 109[m] 101[e] 032[ ] 101[e] 110[n] 101[e] 109[m] 105[i] 101[e] 115[s] 033[!] 002[ ] 041[)] 084[T] 065[A] 110[n] 121[y] 032[ ] 108[l] 097[a] 103[g] 032[ ] 121[y] 111[o] 117[u] 032[ ] 101[e] 120[x] 112[p] 101[e] 114[r] 105[i] 101[e] 110[n] 099[c] 101[e] 032[ ] 105[i] 115[s] 032[ ] 100[d] 117[u] 101[e] 032[ ] 116[t] 111[o] 032[ ] 114[r] 117[u] 110[n] 110[n] 105[i] 110[n] 103[g] 032[ ] 116[t] 104[h] 101[e] 032[ ] 115[s] 101[e] 114[r] 118[v] 101[e] 114[r] 032[ ] 097[a] 110[n] 100[d] 032[ ] 099[c] 108[l] 105[i] 101[e] 110[n] 116[t] 032[ ] 111[o] 110[n] 032[ ] 116[t] 104[h] 101[e] 032[ ] 115[s] 097[a] 109[m] 101[e] 032[ ] 099[c] 111[o] 109[m] 112[p] 117[u] 116[t] 101[e] 114[r] 046[.] 002[ ]
Send ToIndex(1): 079[O] 071[G] 005[ ]
Send ToIndex(1): 056[8] 001[ ] 000[ ] 056[8] 002[ ] 000[ ] 056[8] 003[ ] 000[ ] 056[8] 004[ ] 000[ ] 056[8] 005[ ] 000[ ]
Send ToIndex(1): 023[ ] 255[ÿ]
Send ToAll: 079[O] 072[H] 005[ ] 083[S] 112[p] 111[o] 100[d] 105[i]
Send Buffer: 024[ ] 001[ ] 001[ ] 000[ ] 000[ ] 000[ ] 019[ ] 084[T] 105[i] 110[n] 121[y] 032[ ] 072[H] 101[e] 097[a] 108[l] 105[i] 110[n] 103[g] 032[ ] 080[P] 111[o] 116[t] 105[i] 111[o] 110[n] 005[ ] 000[ ] 000[ ] 000[ ] 000[ ] 038[&] 000[ ] 000[ ] 000[ ] 024[ ] 002[ ] 002[ ] 000[ ] 000[ ] 000[ ] 019[ ] 077[M] 105[i] 110[n] 105[i] 032[ ] 072[H] 101[e] 097[a] 108[l] 105[i] 110[n] 103[g] 032[ ] 080[P] 111[o] 116[t] 105[i] 111[o] 110[n] 001[ ] 000[ ] 000[ ] 000[ ] 000[ ] 038[&] 000[ ] 000[ ] 000[ ] 024[ ] 003[ ] 003[ ] 000[ ] 000[ ] 000[ ] 020[ ] 083[S] 109[m] 097[a] 108[l] 108[l] 032[ ] 072[H] 101[e] 097[a] 108[l] 105[i] 110[n] 103[g] 032[ ] 080[P] 111[o] 116[t] 105[i] 111[o] 110[n] 001[ ] 000[ ] 000[ ] 000[ ] 000[ ] 038[&] 000[ ] 000[ ] 000[ ] 024[ ] 004[ ] 005[ ] 000[ ] 000[ ] 000[ ] 012[ ] 078[N] 101[e] 119[w] 098[b] 105[i] 101[e] 032[ ] 065[A] 114[r] 109[m] 111[o] 114[r] 001[ ] 000[ ] 000[ ] 000[ ] 001[ ] 232[è] 003[ ] 000[ ] 000[ ] 024[ ] 005[ ] 006[ ] 000[ ] 000[ ] 000[ ] 013[ ] 078[N] 101[e] 119[w] 098[b] 105[i] 101[e] 032[ ] 068[D] 097[a] 103[g] 103[g] 101[e] 114[r] 001[ ] 000[ ] 000[ ] 000[ ] 001[ ] 020[ ] 005[ ] 000[ ] 000[ ] 024[ ] 006[ ] 007[ ] 000[ ] 000[ ] 000[ ] 011[ ] 065[A] 110[n] 103[g] 101[e] 108[l] 032[ ] 087[W] 105[i] 110[n] 103[g] 115[s] 001[ ] 000[ ] 000[ ] 000[ ] 001[ ] 176[°] 004[ ] 000[ ] 000[ ] 024[ ] 007[ ] 008[ ] 000[ ] 000[ ] 000[ ] 011[ ] 078[N] 105[i] 110[n] 106[j] 097[a] 032[ ] 083[S] 116[t] 097[a] 114[r] 115[s] 001[ ] 000[ ] 000[ ] 000[ ] 000[ ] 011[ ] 000[ ] 000[ ] 000[ ] 024[ ] 008[ ] 009[ ] 000[ ] 000[ ] 000[ ] 008[ ] 066[B] 105[i] 103[g] 032[ ] 083[S] 116[t] 097[a] 114[r] 050[2] 000[ ] 000[ ] 000[ ] 000[ ] 027[ ] 000[ ] 000[ ] 000[ ] 026[ ] 008[ ] 001[ ] 000[ ] 001[ ] 000[ ] 000[ ] 017[ ] 002[ ] 000[ ] 001[ ] 000[ ] 003[ ] 007[ ] 000[ ] 034["] 035[#] 000[ ] 005[ ] 083[S] 112[p] 111[o] 100[d] 105[i] 001[ ] 000[ ] 001[ ] 000[ ] 001[ ] 000[ ] 255[ÿ] 255[ÿ] 000[ ] 001[ ] 041[)] 048[0] 087[W] 101[e] 108[l] 099[c] 111[o] 109[m] 101[e] 032[ ] 116[t] 111[o] 032[ ] 118[v] 098[b] 071[G] 079[O] 082[R] 069[E] 033[!] 032[ ] 070[F] 111[o] 114[r] 032[ ] 104[h] 101[e] 108[l] 112[p] 044[,] 032[ ] 112[p] 108[l] 101[e] 097[a] 115[s] 101[e] 032[ ] 116[t] 121[y] 112[p] 101[e] 032[ ] 124[|] 047[/] 104[h] 101[e] 108[l] 112[p] 124[|] 002[ ] 041[)] 047[/] 085[U] 115[s] 101[e] 032[ ] 124[|] 067[C] 116[t] 114[r] 108[l] 043[+] 087[W] 124[|] 032[ ] 102[f] 111[o] 114[r] 032[ ] 105[i] 110[n] 118[v] 101[e] 110[n] 116[t] 111[o] 114[r] 121[y] 044[,] 032[ ] 124[|] 067[C] 116[t] 114[r] 108[l] 043[+] 083[S] 124[|] 032[ ] 102[f] 111[o] 114[r] 032[ ] 115[s] 116[t] 097[a] 116[t] 115[s] 046[.] 002[ ] 041[)] 039['] 080[P] 108[l] 101[e] 097[a] 115[s] 101[e] 032[ ] 118[v] 105[i] 115[s] 105[i] 116[t] 032[ ] 111[o] 117[u] 114[r] 032[ ] 115[s] 105[i] 116[t] 101[e] 032[ ] 097[a] 116[t] 032[ ] 119[w] 119[w] 119[w] 046[.] 118[v] 098[b] 103[g] 111[o] 114[r] 101[e] 046[.] 099[c] 111[o] 109[m] 002[ ] 041[)] 049[1] 081[Q] 117[u] 101[e] 115[s] 116[t] 105[i] 111[o] 110[n] 115[s] 044[,] 032[ ] 099[c] 111[o] 100[d] 101[e] 044[,] 032[ ] 104[h] 101[e] 108[l] 112[p] 044[,] 032[ ] 101[e] 116[t] 099[c] 032[ ] 099[c] 097[a] 110[n] 032[ ] 098[b] 101[e] 032[ ] 102[f] 111[o] 117[u] 110[n] 100[d] 032[ ] 116[t] 104[h] 101[e] 114[r] 101[e] 046[.] 032[ ] 058[:] 041[)] 002[ ] 041[)] 059[;] 082[R] 101[e] 109[m] 101[e] 109[m] 098[b] 101[e] 114[r] 032[ ] 116[t] 111[o] 032[ ] 103[g] 111[o] 032[ ] 117[u] 110[n] 100[d] 101[e] 114[r] 032[ ] 116[t] 104[h] 101[e] 032[ ] 124[|] 119[w] 097[a] 116[t] 101[e] 114[r] 102[f] 097[a] 108[l] 108[l] 124[|] 032[ ] 116[t] 111[o] 032[ ] 102[f] 105[i] 103[g] 104[h] 116[t] 032[ ] 115[s] 111[o] 109[m] 101[e] 032[ ] 101[e] 110[n] 101[e] 109[m] 105[i] 101[e] 115[s] 033[!] 002[ ] 041[)] 084[T] 065[A] 110[n] 121[y] 032[ ] 108[l] 097[a] 103[g] 032[ ] 121[y] 111[o] 117[u] 032[ ] 101[e] 120[x] 112[p] 101[e] 114[r] 105[i] 101[e] 110[n] 099[c] 101[e] 032[ ] 105[i] 115[s] 032[ ] 100[d] 117[u] 101[e] 032[ ] 116[t] 111[o] 032[ ] 114[r] 117[u] 110[n] 110[n] 105[i] 110[n] 103[g] 032[ ] 116[t] 104[h] 101[e] 032[ ] 115[s] 101[e] 114[r] 118[v] 101[e] 114[r] 032[ ] 097[a] 110[n] 100[d] 032[ ] 099[c] 108[l] 105[i] 101[e] 110[n] 116[t] 032[ ] 111[o] 110[n] 032[ ] 116[t] 104[h] 101[e] 032[ ] 115[s] 097[a] 109[m] 101[e] 032[ ] 099[c] 111[o] 109[m] 112[p] 117[u] 116[t] 101[e] 114[r] 046[.] 002[ ] 079[O] 071[G] 005[ ] 056[8] 001[ ] 000[ ] 056[8] 002[ ] 000[ ] 056[8] 003[ ] 000[ ] 056[8] 004[ ] 000[ ] 056[8] 005[ ] 000[ ] 023[ ] 255[ÿ] 079[O] 072[H] 005[ ] 083[S] 112[p] 111[o] 100[d] 105[i]
Send ToMap(0): 082[R] 007[ ] 000[ ] 005[ ]
Send ToIndex(1): 052[4] 001[ ] 050[2] 000[ ] 000[ ] 000[ ] 052[4] 002[ ] 050[2] 000[ ] 000[ ] 000[ ] 052[4] 003[ ] 024[ ] 000[ ] 000[ ] 000[ ] 052[4] 004[ ] 100[d] 000[ ] 000[ ] 000[ ] 052[4] 005[ ] 000[ ] 000[ ] 000[ ] 000[ ] 052[4] 006[ ] 000[ ] 000[ ] 000[ ] 000[ ] 052[4] 007[ ] 010[ ] 000[ ] 000[ ] 000[ ] 052[4] 008[ ] 001[ ] 000[ ] 000[ ] 000[ ] 052[4] 009[ ] 001[ ] 000[ ] 000[ ] 000[ ] 053[5] 009[ ] 008[ ] 000[ ] 000[ ] 000[ ] 052[4] 010[ ] 050[2] 000[ ] 000[ ] 000[ ] 053[5] 010[ ] 070[F] 000[ ] 000[ ] 000[ ] 052[4] 011[ ] 050[2] 000[ ] 000[ ] 000[ ] 053[5] 011[ ] 060[<] 000[ ] 000[ ] 000[ ] 052[4] 012[ ] 050[2] 000[ ] 000[ ] 000[ ] 053[5] 012[ ] 060[<] 000[ ] 000[ ] 000[ ] 052[4] 013[ ] 001[ ] 000[ ] 000[ ] 000[ ] 053[5] 013[ ] 006[ ] 000[ ] 000[ ] 000[ ] 052[4] 014[ ] 001[ ] 000[ ] 000[ ] 000[ ] 053[5] 014[ ] 005[ ] 000[ ] 000[ ] 000[ ] 052[4] 015[ ] 001[ ] 000[ ] 000[ ] 000[ ] 053[5] 015[ ] 002[ ] 000[ ] 000[ ] 000[ ] 052[4] 016[ ] 001[ ] 000[ ] 000[ ] 000[ ] 053[5] 016[ ] 002[ ] 000[ ] 000[ ] 000[ ] 052[4] 017[ ] 001[ ] 000[ ] 000[ ] 000[ ] 053[5] 017[ ] 002[ ] 000[ ] 000[ ] 000[ ] 052[4] 018[ ] 005[ ] 000[ ] 000[ ] 000[ ] 053[5] 018[ ] 005[ ] 000[ ] 000[ ] 000[ ]
Send ToMap(1): 012[ ] 071[G] 007[ ] 000[ ]
Send ToMap(1): 045[-] 083[S] 007[ ] 000[ ]
Send ToMap(1): 082[R] 007[ ] 000[ ] 005[ ] 000[ ] 000[ ] 000[ ]
Send ToMap(1): 017[ ] 001[ ] 000[ ] 001[ ] 000[ ] 003[ ] 001[ ] 000[ ] 031[ ] 015[ ] 000[ ] 009[ ] 067[C] 114[r] 097[a] 122[z] 121[y] 032[ ] 109[m] 097[a] 110[n] 000[ ] 000[ ] 001[ ] 000[ ] 000[ ] 000[ ] 100[d] 100[d] 001[ ] 002[ ]
Send ToMap(1): 017[ ] 001[ ] 000[ ] 000[ ] 000[ ] 003[ ] 002[ ] 000[ ] 039['] 035[#] 003[ ] 012[ ] 072[H] 101[e] 097[a] 100[d] 108[l] 101[e] 115[s] 115[s] 032[ ] 077[M] 097[a] 110[n] 000[ ] 000[ ] 001[ ] 000[ ] 001[ ] 000[ ] 100[d] 100[d] 003[ ] 002[ ]
Send ToMap(1): 017[ ] 001[ ] 000[ ] 001[ ] 000[ ] 003[ ] 003[ ] 000[ ] 040[(] 023[ ] 000[ ] 009[ ] 067[C] 114[r] 097[a] 122[z] 121[y] 032[ ] 109[m] 097[a] 110[n] 000[ ] 000[ ] 001[ ] 000[ ] 000[ ] 000[ ] 100[d] 100[d] 001[ ] 002[ ]
Send ToMap(1): 017[ ] 001[ ] 000[ ] 001[ ] 000[ ] 003[ ] 004[ ] 000[ ] 044[,] 035[#] 000[ ] 006[ ] 066[B] 097[a] 110[n] 107[k] 101[e] 114[r] 000[ ] 000[ ] 001[ ] 000[ ] 001[ ] 000[ ] 100[d] 100[d] 000[ ] 002[ ]
Send ToMap(1): 017[ ] 001[ ] 000[ ] 001[ ] 000[ ] 003[ ] 005[ ] 000[ ] 044[,] 040[(] 000[ ] 009[ ] 067[C] 114[r] 097[a] 122[z] 121[y] 032[ ] 109[m] 097[a] 110[n] 000[ ] 000[ ] 001[ ] 000[ ] 000[ ] 000[ ] 100[d] 100[d] 001[ ] 002[ ]
Send ToMap(1): 017[ ] 001[ ] 000[ ] 001[ ] 000[ ] 003[ ] 006[ ] 000[ ] 061[=] 022[ ] 000[ ] 009[ ] 067[C] 114[r] 097[a] 122[z] 121[y] 032[ ] 109[m] 097[a] 110[n] 000[ ] 000[ ] 001[ ] 000[ ] 000[ ] 000[ ] 100[d] 100[d] 001[ ] 002[ ]
Send Buffer: 052[4] 001[ ] 050[2] 000[ ] 000[ ] 000[ ] 052[4] 002[ ] 050[2] 000[ ] 000[ ] 000[ ] 052[4] 003[ ] 024[ ] 000[ ] 000[ ] 000[ ] 052[4] 004[ ] 100[d] 000[ ] 000[ ] 000[ ] 052[4] 005[ ] 000[ ] 000[ ] 000[ ] 000[ ] 052[4] 006[ ] 000[ ] 000[ ] 000[ ] 000[ ] 052[4] 007[ ] 010[ ] 000[ ] 000[ ] 000[ ] 052[4] 008[ ] 001[ ] 000[ ] 000[ ] 000[ ] 052[4] 009[ ] 001[ ] 000[ ] 000[ ] 000[ ] 053[5] 009[ ] 008[ ] 000[ ] 000[ ] 000[ ] 052[4] 010[ ] 050[2] 000[ ] 000[ ] 000[ ] 053[5] 010[ ] 070[F] 000[ ] 000[ ] 000[ ] 052[4] 011[ ] 050[2] 000[ ] 000[ ] 000[ ] 053[5] 011[ ] 060[<] 000[ ] 000[ ] 000[ ] 052[4] 012[ ] 050[2] 000[ ] 000[ ] 000[ ] 053[5] 012[ ] 060[<] 000[ ] 000[ ] 000[ ] 052[4] 013[ ] 001[ ] 000[ ] 000[ ] 000[ ] 053[5] 013[ ] 006[ ] 000[ ] 000[ ] 000[ ] 052[4] 014[ ] 001[ ] 000[ ] 000[ ] 000[ ] 053[5] 014[ ] 005[ ] 000[ ] 000[ ] 000[ ] 052[4] 015[ ] 001[ ] 000[ ] 000[ ] 000[ ] 053[5] 015[ ] 002[ ] 000[ ] 000[ ] 000[ ] 052[4] 016[ ] 001[ ] 000[ ] 000[ ] 000[ ] 053[5] 016[ ] 002[ ] 000[ ] 000[ ] 000[ ] 052[4] 017[ ] 001[ ] 000[ ] 000[ ] 000[ ] 053[5] 017[ ] 002[ ] 000[ ] 000[ ] 000[ ] 052[4] 018[ ] 005[ ] 000[ ] 000[ ] 000[ ] 053[5] 018[ ] 005[ ] 000[ ] 000[ ] 000[ ] 012[ ] 071[G] 007[ ] 000[ ] 045[-] 083[S] 007[ ] 000[ ] 082[R] 007[ ] 000[ ] 005[ ] 000[ ] 000[ ] 000[ ] 017[ ] 001[ ] 000[ ] 001[ ] 000[ ] 003[ ] 001[ ] 000[ ] 031[ ] 015[ ] 000[ ] 009[ ] 067[C] 114[r] 097[a] 122[z] 121[y] 032[ ] 109[m] 097[a] 110[n] 000[ ] 000[ ] 001[ ] 000[ ] 000[ ] 000[ ] 100[d] 100[d] 001[ ] 002[ ] 017[ ] 001[ ] 000[ ] 000[ ] 000[ ] 003[ ] 002[ ] 000[ ] 039['] 035[#] 003[ ] 012[ ] 072[H] 101[e] 097[a] 100[d] 108[l] 101[e] 115[s] 115[s] 032[ ] 077[M] 097[a] 110[n] 000[ ] 000[ ] 001[ ] 000[ ] 001[ ] 000[ ] 100[d] 100[d] 003[ ] 002[ ] 017[ ] 001[ ] 000[ ] 001[ ] 000[ ] 003[ ] 003[ ] 000[ ] 040[(] 023[ ] 000[ ] 009[ ] 067[C] 114[r] 097[a] 122[z] 121[y] 032[ ] 109[m] 097[a] 110[n] 000[ ] 000[ ] 001[ ] 000[ ] 000[ ] 000[ ] 100[d] 100[d] 001[ ] 002[ ] 017[ ] 001[ ] 000[ ] 001[ ] 000[ ] 003[ ] 004[ ] 000[ ] 044[,] 035[#] 000[ ] 006[ ] 066[B] 097[a] 110[n] 107[k] 101[e] 114[r] 000[ ] 000[ ] 001[ ] 000[ ] 001[ ] 000[ ] 100[d] 100[d] 000[ ] 002[ ] 017[ ] 001[ ] 000[ ] 001[ ] 000[ ] 003[ ] 005[ ] 000[ ] 044[,] 040[(] 000[ ] 009[ ] 067[C] 114[r] 097[a] 122[z] 121[y] 032[ ] 109[m] 097[a] 110[n] 000[ ] 000[ ] 001[ ] 000[ ] 000[ ] 000[ ] 100[d] 100[d] 001[ ] 002[ ] 017[ ] 001[ ] 000[ ] 001[ ] 000[ ] 003[ ] 006[ ] 000[ ] 061[=] 022[ ] 000[ ] 009[ ] 067[C] 114[r] 097[a] 122[z] 121[y] 032[ ] 109[m] 097[a] 110[n] 000[ ] 000[ ] 001[ ] 000[ ] 000[ ] 000[ ] 100[d] 100[d] 001[ ] 002[ ]
Send ToNPCMove(6): 019[ ] 006[ ] 000[ ] 061[=] 023[ ] 003[ ]
Send ToNPCMove(3): 019[ ] 003[ ] 000[ ] 039['] 024[ ] 007[ ]
Send ToNPCMove(5): 019[ ] 005[ ] 000[ ] 043[+] 040[(] 004[ ]
Send Buffer: 019[ ] 006[ ] 000[ ] 061[=] 023[ ] 003[ ] 019[ ] 003[ ] 000[ ] 039['] 024[ ] 007[ ] 019[ ] 005[ ] 000[ ] 043[+] 040[(] 004[ ]
Send ToNPCMove(1): 019[ ] 001[ ] 000[ ] 030[ ] 014[ ] 008[ ]
Send ToIndex(1): 052[4] 001[ ] 052[4] 000[ ] 000[ ] 000[ ] 052[4] 002[ ] 052[4] 000[ ] 000[ ] 000[ ] 052[4] 003[ ] 026[ ] 000[ ] 000[ ] 000[ ]
Send ToMap(1): 012[ ] 074[J] 007[ ] 000[ ]
Send ToMap(1): 045[-] 087[W] 007[ ] 000[ ]
Send ToNPCMove(6): 019[ ] 006[ ] 000[ ] 062[>] 022[ ] 005[ ]
Send Buffer: 019[ ] 001[ ] 000[ ] 030[ ] 014[ ] 008[ ] 052[4] 001[ ] 052[4] 000[ ] 000[ ] 000[ ] 052[4] 002[ ] 052[4] 000[ ] 000[ ] 000[ ] 052[4] 003[ ] 026[ ] 000[ ] 000[ ] 000[ ] 012[ ] 074[J] 007[ ] 000[ ] 045[-] 087[W] 007[ ] 000[ ] 019[ ] 006[ ] 000[ ] 062[>] 022[ ] 005[ ]
Send ToNPCMove(3): 019[ ] 003[ ] 000[ ] 040[(] 023[ ] 005[ ]
Send ToNPCMove(1): 019[ ] 001[ ] 000[ ] 030[ ] 015[ ] 003[ ]
Send ToNPCMove(5): 019[ ] 005[ ] 000[ ] 044[,] 041[)] 006[ ]
Send ToIndex(1): 060[<]
Send ToIndex(1): 015[ ] 013[ ] 075[K] 097[a] 108[l] 109[m] 101[e] 114[r] 032[ ] 073[I] 115[s] 108[l] 097[a] 110[n] 100[d] 002[ ] 001[ ]
Send ToIndex(1): 017[ ] 002[ ] 000[ ] 001[ ] 000[ ] 003[ ] 007[ ] 000[ ] 034["] 035[#] 005[ ] 005[ ] 083[S] 112[p] 111[o] 100[d] 105[i] 001[ ] 000[ ] 001[ ] 000[ ] 001[ ] 000[ ] 074[J] 087[W] 000[ ] 001[ ]
Send ToIndex(1): 017[ ] 001[ ] 000[ ] 001[ ] 000[ ] 003[ ] 001[ ] 000[ ] 030[ ] 015[ ] 000[ ] 009[ ] 067[C] 114[r] 097[a] 122[z] 121[y] 032[ ] 109[m] 097[a] 110[n] 000[ ] 000[ ] 001[ ] 000[ ] 000[ ] 000[ ] 100[d] 100[d] 001[ ] 002[ ]
Send ToIndex(1): 017[ ] 001[ ] 000[ ] 001[ ] 000[ ] 005[ ] 006[ ] 000[ ] 062[>] 022[ ] 000[ ] 009[ ] 067[C] 114[r] 097[a] 122[z] 121[y] 032[ ] 109[m] 097[a] 110[n] 000[ ] 000[ ] 001[ ] 000[ ] 000[ ] 000[ ] 100[d] 100[d] 001[ ] 002[ ]
Send ToIndex(1): 017[ ] 001[ ] 000[ ] 001[ ] 000[ ] 005[ ] 003[ ] 000[ ] 040[(] 023[ ] 000[ ] 009[ ] 067[C] 114[r] 097[a] 122[z] 121[y] 032[ ] 109[m] 097[a] 110[n] 000[ ] 000[ ] 001[ ] 000[ ] 000[ ] 000[ ] 100[d] 100[d] 001[ ] 002[ ]
Send ToIndex(1): 017[ ] 001[ ] 000[ ] 000[ ] 000[ ] 003[ ] 002[ ] 000[ ] 039['] 035[#] 003[ ] 012[ ] 072[H] 101[e] 097[a] 100[d] 108[l] 101[e] 115[s] 115[s] 032[ ] 077[M] 097[a] 110[n] 000[ ] 000[ ] 001[ ] 000[ ] 001[ ] 000[ ] 100[d] 100[d] 003[ ] 002[ ]
Send ToIndex(1): 017[ ] 001[ ] 000[ ] 001[ ] 000[ ] 003[ ] 004[ ] 000[ ] 044[,] 035[#] 000[ ] 006[ ] 066[B] 097[a] 110[n] 107[k] 101[e] 114[r] 000[ ] 000[ ] 001[ ] 000[ ] 001[ ] 000[ ] 100[d] 100[d] 000[ ] 002[ ]
Send ToIndex(1): 017[ ] 001[ ] 000[ ] 001[ ] 000[ ] 006[ ] 005[ ] 000[ ] 044[,] 041[)] 000[ ] 009[ ] 067[C] 114[r] 097[a] 122[z] 121[y] 032[ ] 109[m] 097[a] 110[n] 000[ ] 000[ ] 001[ ] 000[ ] 000[ ] 000[ ] 100[d] 100[d] 001[ ] 002[ ]
Send ToIndex(1): 005[ ] 007[ ] 000[ ]
Send ToIndex(1): 060[<]
Send ToIndex(1): 060[<]
Send ToIndex(1): 060[<]
Send Buffer: 019[ ] 003[ ] 000[ ] 040[(] 023[ ] 005[ ] 019[ ] 001[ ] 000[ ] 030[ ] 015[ ] 003[ ] 019[ ] 005[ ] 000[ ] 044[,] 041[)] 006[ ] 060[<] 015[ ] 013[ ] 075[K] 097[a] 108[l] 109[m] 101[e] 114[r] 032[ ] 073[I] 115[s] 108[l] 097[a] 110[n] 100[d] 002[ ] 001[ ] 017[ ] 002[ ] 000[ ] 001[ ] 000[ ] 003[ ] 007[ ] 000[ ] 034["] 035[#] 005[ ] 005[ ] 083[S] 112[p] 111[o] 100[d] 105[i] 001[ ] 000[ ] 001[ ] 000[ ] 001[ ] 000[ ] 074[J] 087[W] 000[ ] 001[ ] 017[ ] 001[ ] 000[ ] 001[ ] 000[ ] 003[ ] 001[ ] 000[ ] 030[ ] 015[ ] 000[ ] 009[ ] 067[C] 114[r] 097[a] 122[z] 121[y] 032[ ] 109[m] 097[a] 110[n] 000[ ] 000[ ] 001[ ] 000[ ] 000[ ] 000[ ] 100[d] 100[d] 001[ ] 002[ ] 017[ ] 001[ ] 000[ ] 001[ ] 000[ ] 005[ ] 006[ ] 000[ ] 062[>] 022[ ] 000[ ] 009[ ] 067[C] 114[r] 097[a] 122[z] 121[y] 032[ ] 109[m] 097[a] 110[n] 000[ ] 000[ ] 001[ ] 000[ ] 000[ ] 000[ ] 100[d] 100[d] 001[ ] 002[ ] 017[ ] 001[ ] 000[ ] 001[ ] 000[ ] 005[ ] 003[ ] 000[ ] 040[(] 023[ ] 000[ ] 009[ ] 067[C] 114[r] 097[a] 122[z] 121[y] 032[ ] 109[m] 097[a] 110[n] 000[ ] 000[ ] 001[ ] 000[ ] 000[ ] 000[ ] 100[d] 100[d] 001[ ] 002[ ] 017[ ] 001[ ] 000[ ] 000[ ] 000[ ] 003[ ] 002[ ] 000[ ] 039['] 035[#] 003[ ] 012[ ] 072[H] 101[e] 097[a] 100[d] 108[l] 101[e] 115[s] 115[s] 032[ ] 077[M] 097[a] 110[n] 000[ ] 000[ ] 001[ ] 000[ ] 001[ ] 000[ ] 100[d] 100[d] 003[ ] 002[ ] 017[ ] 001[ ] 000[ ] 001[ ] 000[ ] 003[ ] 004[ ] 000[ ] 044[,] 035[#] 000[ ] 006[ ] 066[B] 097[a] 110[n] 107[k] 101[e] 114[r] 000[ ] 000[ ] 001[ ] 000[ ] 001[ ] 000[ ] 100[d] 100[d] 000[ ] 002[ ] 017[ ] 001[ ] 000[ ] 001[ ] 000[ ] 006[ ] 005[ ] 000[ ] 044[,] 041[)] 000[ ] 009[ ] 067[C] 114[r] 097[a] 122[z] 121[y] 032[ ] 109[m] 097[a] 110[n] 000[ ] 000[ ] 001[ ] 000[ ] 000[ ] 000[ ] 100[d] 100[d] 001[ ] 002[ ] 005[ ] 007[ ] 000[ ] 060[<] 060[<] 060[<]
Send ToIndex(1): 052[4] 001[ ] 054[6] 000[ ] 000[ ] 000[ ] 052[4] 002[ ] 054[6] 000[ ] 000[ ] 000[ ] 052[4] 003[ ] 028[ ] 000[ ] 000[ ] 000[ ]
Send ToMap(1): 012[ ] 077[M] 007[ ] 000[ ]
Send ToMap(1): 045[-] 090[Z] 007[ ] 000[ ]
Send ToNPCMove(3): 019[ ] 003[ ] 000[ ] 041[)] 022[ ] 005[ ]
Send ToNPCMove(5): 019[ ] 005[ ] 000[ ] 043[+] 040[(] 008[ ]
Send ToIndex(1): 060[<]
Send Buffer: 052[4] 001[ ] 054[6] 000[ ] 000[ ] 000[ ] 052[4] 002[ ] 054[6] 000[ ] 000[ ] 000[ ] 052[4] 003[ ] 028[ ] 000[ ] 000[ ] 000[ ] 012[ ] 077[M] 007[ ] 000[ ] 045[-] 090[Z] 007[ ] 000[ ] 019[ ] 003[ ] 000[ ] 041[)] 022[ ] 005[ ] 019[ ] 005[ ] 000[ ] 043[+] 040[(] 008[ ] 060[<]
Send ToNPCMove(1): 019[ ] 001[ ] 000[ ] 031[ ] 014[ ] 005[ ]
Send ToNPCMove(6): 019[ ] 006[ ] 000[ ] 062[>] 021[ ] 001[ ]
Send ToNPCMove(5): 019[ ] 005[ ] 000[ ] 043[+] 039['] 001[ ]
Send Buffer: 019[ ] 001[ ] 000[ ] 031[ ] 014[ ] 005[ ] 019[ ] 006[ ] 000[ ] 062[>] 021[ ] 001[ ] 019[ ] 005[ ] 000[ ] 043[+] 039['] 001[ ]
Send ToNPCMove(3): 019[ ] 003[ ] 000[ ] 040[(] 022[ ] 004[ ]
Send ToNPCMove(1): 019[ ] 001[ ] 000[ ] 030[ ] 013[ ] 008[ ]
Send ToNPCMove(6): 019[ ] 006[ ] 000[ ] 063[?] 021[ ] 002[ ]
Send ToNPCMove(3): 019[ ] 003[ ] 000[ ] 041[)] 023[ ] 006[ ]
Send ToIndex(1): 052[4] 001[ ] 056[8] 000[ ] 000[ ] 000[ ] 052[4] 002[ ] 056[8] 000[ ] 000[ ] 000[ ] 052[4] 003[ ] 030[ ] 000[ ] 000[ ] 000[ ]
Send ToMap(1): 012[ ] 080[P] 007[ ] 000[ ]
Send ToMap(1): 045[-] 093[]] 007[ ] 000[ ]
Send Buffer: 019[ ] 003[ ] 000[ ] 040[(] 022[ ] 004[ ] 019[ ] 001[ ] 000[ ] 030[ ] 013[ ] 008[ ] 019[ ] 006[ ] 000[ ] 063[?] 021[ ] 002[ ] 019[ ] 003[ ] 000[ ] 041[)] 023[ ] 006[ ] 052[4] 001[ ] 056[8] 000[ ] 000[ ] 000[ ] 052[4] 002[ ] 056[8] 000[ ] 000[ ] 000[ ] 052[4] 003[ ] 030[ ] 000[ ] 000[ ] 000[ ] 012[ ] 080[P] 007[ ] 000[ ] 045[-] 093[]] 007[ ] 000[ ]
Send ToIndex(1): 060[<]
Send Buffer: 060[<]
Send ToIndex(1): 060[<]
Send Buffer: 060[<]
Send ToNPCMove(5): 019[ ] 005[ ] 000[ ] 044[,] 040[(] 006[ ]
Send Buffer: 019[ ] 005[ ] 000[ ] 044[,] 040[(] 006[ ]
Send ToNPCMove(1): 019[ ] 001[ ] 000[ ] 031[ ] 013[ ] 002[ ]
Send ToNPCMove(3): 019[ ] 003[ ] 000[ ] 040[(] 023[ ] 004[ ]
Send ToIndex(1): 060[<]
Send Buffer: 019[ ] 001[ ] 000[ ] 031[ ] 013[ ] 002[ ] 019[ ] 003[ ] 000[ ] 040[(] 023[ ] 004[ ] 060[<]
Send ToNPCMove(6): 019[ ] 006[ ] 000[ ] 062[>] 022[ ] 007[ ]
Send ToNPCMove(1): 019[ ] 001[ ] 000[ ] 030[ ] 012[ ] 008[ ]
Send ToIndex(1): 060[<]
Send Buffer: 019[ ] 006[ ] 000[ ] 062[>] 022[ ] 007[ ] 019[ ] 001[ ] 000[ ] 030[ ] 012[ ] 008[ ] 060[<]
Send ToMap(1): 018[ ] 007[ ] 000[ ]
Send ToAll: 079[O] 068[D] 005[ ] 083[S] 112[p] 111[o] 100[d] 105[i]
