Receive: 028[ ] 005[ ] 083[S] 112[p] 111[o] 100[d] 105[i] 006[ ] 118[v] 098[b] 103[g] 111[o] 114[r] 101[e]
 * ID: 028  Data Left: 028[ ] 005[ ] 083[S] 112[p] 111[o] 100[d] 105[i] 006[ ] 118[v] 098[b] 103[g] 111[o] 114[r] 101[e]
Receive: 060[<]
 * ID: 060  Data Left: 
Receive: 009[ ]
 * ID: 009  Data Left: 
Receive: 060[<]
 * ID: 060  Data Left: 
Receive: 060[<]
 * ID: 060  Data Left: 
Receive: 060[<]
 * ID: 060  Data Left: 
Receive: 060[<]
 * ID: 060  Data Left: 
Receive: 060[<]
 * ID: 060  Data Left: 
Receive: 060[<]
 * ID: 060  Data Left: 
Receive: 060[<]
 * ID: 060  Data Left: 
Receive: 060[<]
 * ID: 060  Data Left: 
